ASxxxx Assembler V02.00 + NoICE + SDCC mods  (Zilog Z80 / Hitachi HD64180), page 1.
Hexadecimal [16-Bits]



                              1 ;;-----------------------------LICENSE NOTICE------------------------------------
                              2 ;;  This file is part of Go Away Viking: An Amstrad CPC Videogame  
                              3 ;;  Copyright (C) 2020  Adri치n Larrosa Romero / Elena Alcaraz S치nchez / Sanspielers
                              4 ;;
                              5 ;;  This program is free software: you can redistribute it and/or modify
                              6 ;;  it under the terms of the GNU General Public License as published by
                              7 ;;  the Free Software Foundation, either version 3 of the License, or
                              8 ;;  (at your option) any later version.
                              9 ;;
                             10 ;;  This program is distributed in the hope that it will be useful,
                             11 ;;  but WITHOUT ANY WARRANTY; without even the implied warranty of
                             12 ;;  MERCHANTABILITY or FITNESS FOR A PARTICULAR PURPOSE.  See the
                             13 ;;  GNU General Public License for more details.
                             14 ;;
                             15 ;;  You should have received a copy of the GNU General Public License
                             16 ;;  along with this program.  If not, see <https://www.gnu.org/licenses/>.
                             17 ;;  
                             18 ;;  Email:      adrilaro99@gmail.com
                             19 ;;              elena78eas@gmail.com
                             20 ;;
                             21 ;;  Twitter:    @sanspielers
                             22 ;;-------------------------------------------------------------------------------
                             23 
ASxxxx Assembler V02.00 + NoICE + SDCC mods  (Zilog Z80 / Hitachi HD64180), page 2.
Hexadecimal [16-Bits]



                             24 .include "man/levels.h.s"
                              1 ;;-----------------------------LICENSE NOTICE------------------------------------
                              2 ;;  This file is part of Go Away Viking: An Amstrad CPC Videogame  
                              3 ;;  Copyright (C) 2020  Adri치n Larrosa Romero / Elena Alcaraz S치nchez / Sanspielers
                              4 ;;
                              5 ;;  This program is free software: you can redistribute it and/or modify
                              6 ;;  it under the terms of the GNU General Public License as published by
                              7 ;;  the Free Software Foundation, either version 3 of the License, or
                              8 ;;  (at your option) any later version.
                              9 ;;
                             10 ;;  This program is distributed in the hope that it will be useful,
                             11 ;;  but WITHOUT ANY WARRANTY; without even the implied warranty of
                             12 ;;  MERCHANTABILITY or FITNESS FOR A PARTICULAR PURPOSE.  See the
                             13 ;;  GNU General Public License for more details.
                             14 ;;
                             15 ;;  You should have received a copy of the GNU General Public License
                             16 ;;  along with this program.  If not, see <https://www.gnu.org/licenses/>.
                             17 ;;  
                             18 ;;  Email:      adrilaro99@gmail.com
                             19 ;;              elena78eas@gmail.com
                             20 ;;
                             21 ;;  Twitter:    @sanspielers
                             22 ;;-------------------------------------------------------------------------------
                             23 
                             24 ;;
                             25 ;; LEVELS MANAGER
                             26 ;;
                             27 .module Levels_Manager
                             28 
                             29 ;; PUBLIC FUNCTIONS
                             30 .globl man_level_add
                             31 .globl man_level_reset
                             32 .globl man_level_init
                             33 .globl man_level_render
                             34 
                             35 ;; TILESET
                             36 .globl _tilesProt
                             37 .globl _tilesProt2
                             38 .globl _tilesPrince
                             39 
                             40 ;; CONSTANTS
                             41 .globl _level1
                             42 .globl _level1_end
                             43 .globl _level2
                             44 .globl _level2_end
                             45 .globl _level3
                             46 .globl _level3_end
                             47 .globl _level4
                             48 .globl _level4_end
                             49 .globl _level5
                             50 .globl _level5_end
                             51 .globl _level6
                             52 .globl _level6_end
                             53 .globl _level7
                             54 .globl _level7_end
ASxxxx Assembler V02.00 + NoICE + SDCC mods  (Zilog Z80 / Hitachi HD64180), page 3.
Hexadecimal [16-Bits]



                             55 .globl _level8
                             56 .globl _level8_end
                             57 .globl _level9
                             58 .globl _level9_end
                             59 .globl _level10
                             60 .globl _level10_end
                             61 .globl _level11
                             62 .globl _level11_end
                             63 .globl _level12
                             64 .globl _level12_end
                             65 .globl _level13
                             66 .globl _level13_end
                             67 .globl _level14
                             68 .globl _level14_end
                             69 .globl _level15
                             70 .globl _level15_end
                             71 .globl _level16
                             72 .globl _level16_end
                             73 .globl _level17
                             74 .globl _level17_end
                             75 .globl _level18
                             76 .globl _level18_end
                             77 .globl _level19
                             78 .globl _level19_end
                             79 .globl _level20
                             80 .globl _level20_end
                             81 
                             82 ;; ---------------------------------------------------
                             83 ;; LEVEL MAP
                             84 ;; ---------------------------------------------------
                     0028    85 man_level_map_w = 40
                     0032    86 man_level_map_h = 50
                     07D0    87 man_level_map_size = man_level_map_w * man_level_map_h
                             88 
                             89 .globl  num_level
ASxxxx Assembler V02.00 + NoICE + SDCC mods  (Zilog Z80 / Hitachi HD64180), page 4.
Hexadecimal [16-Bits]



                             25 ;;.include "cpctelera.h.s"
ASxxxx Assembler V02.00 + NoICE + SDCC mods  (Zilog Z80 / Hitachi HD64180), page 5.
Hexadecimal [16-Bits]



                             26 .include "cpct_functions.h.s"
                              1 .globl cpct_disableFirmware_asm
                              2 .globl cpct_getScreenPtr_asm
                              3 .globl cpct_setDrawCharM1_asm
                              4 .globl cpct_drawStringM1_asm
                              5 .globl cpct_waitVSYNC_asm
                              6 .globl cpct_setVideoMode_asm
                              7 .globl cpct_setPalette_asm
                              8 .globl cpct_drawSprite_asm
                              9 .globl cpct_scanKeyboard_asm
                             10 .globl cpct_scanKeyboard_f_asm
                             11 .globl cpct_isKeyPressed_asm
                             12 .globl cpct_setVideoMemoryPage_asm
                             13 .globl cpct_memset_f64_asm
                             14 .globl cpct_etm_setTileset2x4_asm
                             15 .globl cpct_etm_drawTileBox2x4_asm
                             16 .globl cpct_getScreenToSprite_asm
                             17 .globl cpct_drawSpriteBlended_asm
                             18 .globl cpct_setBlendMode_asm
                             19 .globl cpct_setDrawCharM0_asm
                             20 .globl cpct_drawStringM0_asm
                             21 .globl cpct_memset_f8_asm
                             22 .globl cpct_isAnyKeyPressed_f_asm
                             23 .globl cpct_zx7b_decrunch_s_asm
                             24 .globl cpct_scanKeyboard_if_asm
                             25 .globl cpct_akp_musicPlay_asm
                             26 .globl cpct_akp_musicInit_asm
ASxxxx Assembler V02.00 + NoICE + SDCC mods  (Zilog Z80 / Hitachi HD64180), page 6.
Hexadecimal [16-Bits]



                             27 
   0000                      28 man_level_map:: .ds man_level_map_size
                     07CF    29 man_level_map_end = .-1
   07D0 01                   30 num_level:: .db 1
                             31 
   07D1                      32 man_level_reset::
                             33 
   07D1 3E 01         [ 7]   34     ld      a, #1
   07D3 32 D0 07      [13]   35     ld      (num_level), a
   07D6 C9            [10]   36     ret
                             37 
   07D7                      38 man_level_add::
                             39 
   07D7 3A D0 07      [13]   40     ld      a, (num_level)
   07DA C6 01         [ 7]   41     add     #1
   07DC 32 D0 07      [13]   42     ld      (num_level), a
                             43 
   07DF C9            [10]   44     ret
                             45 
                             46 
   07E0                      47 man_level_init::
                             48 
   07E0 3A D0 07      [13]   49     ld      a, (num_level)
   07E3 FE 02         [ 7]   50     cp      #2
   07E5 28 5F         [12]   51     jr      z, descompress2
                             52 
   07E7 FE 03         [ 7]   53     cp      #3
   07E9 28 65         [12]   54     jr      z, descompress3
                             55 
   07EB FE 04         [ 7]   56     cp      #4
   07ED 28 6B         [12]   57     jr      z, descompress4
                             58 
   07EF FE 05         [ 7]   59     cp      #5
   07F1 28 71         [12]   60     jr      z, descompress5
                             61  
   07F3 FE 06         [ 7]   62     cp      #6
   07F5 28 77         [12]   63     jr      z, descompress6
                             64 
   07F7 FE 07         [ 7]   65     cp      #7
   07F9 28 7D         [12]   66     jr      z, descompress7
                             67 
   07FB FE 08         [ 7]   68     cp      #8
   07FD CA 82 08      [10]   69     jp      z, descompress8
                             70 
   0800 FE 09         [ 7]   71     cp      #9
   0802 CA 8C 08      [10]   72     jp      z, descompress9
                             73 
   0805 FE 0A         [ 7]   74     cp      #10
   0807 CA 96 08      [10]   75     jp      z, descompress10
                             76 
   080A FE 0B         [ 7]   77     cp      #11
   080C CA A0 08      [10]   78     jp      z, descompress11
                             79 
   080F FE 0C         [ 7]   80     cp      #12
   0811 CA AA 08      [10]   81     jp      z, descompress12
ASxxxx Assembler V02.00 + NoICE + SDCC mods  (Zilog Z80 / Hitachi HD64180), page 7.
Hexadecimal [16-Bits]



                             82 
   0814 FE 0D         [ 7]   83     cp      #13
   0816 CA B4 08      [10]   84     jp      z, descompress13
                             85 
   0819 FE 0E         [ 7]   86     cp      #14
   081B CA BE 08      [10]   87     jp      z, descompress14
                             88 
   081E FE 0F         [ 7]   89     cp      #15
   0820 CA C8 08      [10]   90     jp      z, descompress15
                             91 
   0823 FE 10         [ 7]   92     cp      #16
   0825 CA D2 08      [10]   93     jp      z, descompress16
                             94 
   0828 FE 11         [ 7]   95     cp      #17
   082A CA DC 08      [10]   96     jp      z, descompress17
                             97 
   082D FE 12         [ 7]   98     cp      #18
   082F CA E6 08      [10]   99     jp      z, descompress18
                            100 
   0832 FE 13         [ 7]  101     cp      #19
   0834 CA F0 08      [10]  102     jp      z, descompress19
                            103 
   0837 FE 14         [ 7]  104     cp      #20
   0839 CA FA 08      [10]  105     jp      z, descompress20
                            106 
   083C                     107 descompress1:
                            108     ;; Decompress level 1
   083C 21 00 00      [10]  109     ld      hl, #_level1_end
   083F 11 CF 07      [10]  110     ld      de, #man_level_map_end
   0842 CD 00 00      [17]  111     call    cpct_zx7b_decrunch_s_asm
   0845 C9            [10]  112     ret
                            113 
   0846                     114 descompress2:
                            115     ;; Decompress level 2
   0846 21 00 00      [10]  116     ld      hl, #_level2_end
   0849 11 CF 07      [10]  117     ld      de, #man_level_map_end
   084C CD 00 00      [17]  118     call    cpct_zx7b_decrunch_s_asm
   084F C9            [10]  119     ret
   0850                     120 descompress3:
                            121     ;; Decompress level 3
   0850 21 00 00      [10]  122     ld      hl, #_level3_end
   0853 11 CF 07      [10]  123     ld      de, #man_level_map_end
   0856 CD 00 00      [17]  124     call    cpct_zx7b_decrunch_s_asm
   0859 C9            [10]  125     ret
                            126 
   085A                     127 descompress4:
                            128     ;; Decompress level 4
   085A 21 00 00      [10]  129     ld      hl, #_level4_end
   085D 11 CF 07      [10]  130     ld      de, #man_level_map_end
   0860 CD 00 00      [17]  131     call    cpct_zx7b_decrunch_s_asm
   0863 C9            [10]  132     ret
                            133 
   0864                     134 descompress5:
                            135     ;; Decompress level 5
   0864 21 00 00      [10]  136     ld      hl, #_level5_end
ASxxxx Assembler V02.00 + NoICE + SDCC mods  (Zilog Z80 / Hitachi HD64180), page 8.
Hexadecimal [16-Bits]



   0867 11 CF 07      [10]  137     ld      de, #man_level_map_end
   086A CD 00 00      [17]  138     call    cpct_zx7b_decrunch_s_asm
   086D C9            [10]  139     ret
                            140 
   086E                     141 descompress6:
                            142     ;; Decompress level 6
   086E 21 00 00      [10]  143     ld      hl, #_level6_end
   0871 11 CF 07      [10]  144     ld      de, #man_level_map_end
   0874 CD 00 00      [17]  145     call    cpct_zx7b_decrunch_s_asm
   0877 C9            [10]  146     ret
                            147 
   0878                     148 descompress7:
                            149     ;; Decompress level 7
   0878 21 00 00      [10]  150     ld      hl, #_level7_end
   087B 11 CF 07      [10]  151     ld      de, #man_level_map_end
   087E CD 00 00      [17]  152     call    cpct_zx7b_decrunch_s_asm
   0881 C9            [10]  153     ret
                            154 
   0882                     155 descompress8:
                            156     ;; Decompress level 8
   0882 21 00 00      [10]  157     ld      hl, #_level8_end
   0885 11 CF 07      [10]  158     ld      de, #man_level_map_end
   0888 CD 00 00      [17]  159     call    cpct_zx7b_decrunch_s_asm
   088B C9            [10]  160     ret
                            161 
   088C                     162 descompress9:
                            163     ;; Decompress level 9
   088C 21 00 00      [10]  164     ld      hl, #_level9_end
   088F 11 CF 07      [10]  165     ld      de, #man_level_map_end
   0892 CD 00 00      [17]  166     call    cpct_zx7b_decrunch_s_asm
   0895 C9            [10]  167     ret
                            168 
   0896                     169 descompress10:
                            170     ;; Decompress level 10
   0896 21 00 00      [10]  171     ld      hl, #_level10_end
   0899 11 CF 07      [10]  172     ld      de, #man_level_map_end
   089C CD 00 00      [17]  173     call    cpct_zx7b_decrunch_s_asm
   089F C9            [10]  174     ret
                            175 
   08A0                     176 descompress11:
                            177     ;; Decompress level 11
   08A0 21 00 00      [10]  178     ld      hl, #_level11_end
   08A3 11 CF 07      [10]  179     ld      de, #man_level_map_end
   08A6 CD 00 00      [17]  180     call    cpct_zx7b_decrunch_s_asm
   08A9 C9            [10]  181     ret
                            182 
   08AA                     183 descompress12:
                            184     ;; Decompress level 12
   08AA 21 00 00      [10]  185     ld      hl, #_level12_end
   08AD 11 CF 07      [10]  186     ld      de, #man_level_map_end
   08B0 CD 00 00      [17]  187     call    cpct_zx7b_decrunch_s_asm
   08B3 C9            [10]  188     ret
                            189 
   08B4                     190 descompress13:
                            191     ;; Decompress level 13
ASxxxx Assembler V02.00 + NoICE + SDCC mods  (Zilog Z80 / Hitachi HD64180), page 9.
Hexadecimal [16-Bits]



   08B4 21 00 00      [10]  192     ld      hl, #_level13_end
   08B7 11 CF 07      [10]  193     ld      de, #man_level_map_end
   08BA CD 00 00      [17]  194     call    cpct_zx7b_decrunch_s_asm
   08BD C9            [10]  195     ret
                            196 
   08BE                     197 descompress14:
                            198     ;; Decompress level 14
   08BE 21 00 00      [10]  199     ld      hl, #_level14_end
   08C1 11 CF 07      [10]  200     ld      de, #man_level_map_end
   08C4 CD 00 00      [17]  201     call    cpct_zx7b_decrunch_s_asm
   08C7 C9            [10]  202     ret
                            203 
   08C8                     204 descompress15:
                            205     ;; Decompress level 15
   08C8 21 00 00      [10]  206     ld      hl, #_level15_end
   08CB 11 CF 07      [10]  207     ld      de, #man_level_map_end
   08CE CD 00 00      [17]  208     call    cpct_zx7b_decrunch_s_asm
   08D1 C9            [10]  209     ret
                            210 
   08D2                     211 descompress16:
                            212     ;; Decompress level 16
   08D2 21 00 00      [10]  213     ld      hl, #_level16_end
   08D5 11 CF 07      [10]  214     ld      de, #man_level_map_end
   08D8 CD 00 00      [17]  215     call    cpct_zx7b_decrunch_s_asm
   08DB C9            [10]  216     ret
                            217 
   08DC                     218 descompress17:
                            219     ;; Decompress level 17
   08DC 21 00 00      [10]  220     ld      hl, #_level17_end
   08DF 11 CF 07      [10]  221     ld      de, #man_level_map_end
   08E2 CD 00 00      [17]  222     call    cpct_zx7b_decrunch_s_asm
   08E5 C9            [10]  223     ret
                            224 
   08E6                     225 descompress18:
                            226     ;; Decompress level 18
   08E6 21 00 00      [10]  227     ld      hl, #_level18_end
   08E9 11 CF 07      [10]  228     ld      de, #man_level_map_end
   08EC CD 00 00      [17]  229     call    cpct_zx7b_decrunch_s_asm
   08EF C9            [10]  230     ret
   08F0                     231 descompress19:
                            232     ;; Decompress level 19
   08F0 21 00 00      [10]  233     ld      hl, #_level19_end
   08F3 11 CF 07      [10]  234     ld      de, #man_level_map_end
   08F6 CD 00 00      [17]  235     call    cpct_zx7b_decrunch_s_asm
   08F9 C9            [10]  236     ret
   08FA                     237 descompress20:
                            238     ;; Decompress level 20
   08FA 21 00 00      [10]  239     ld      hl, #_level20_end
   08FD 11 CF 07      [10]  240     ld      de, #man_level_map_end
   0900 CD 00 00      [17]  241     call    cpct_zx7b_decrunch_s_asm
   0903 C9            [10]  242     ret
                            243 
                            244 ;; RENDER LEVEL
                            245 ;;      Pinta el tilemap guardado en man_level_map    
                            246 ;;
ASxxxx Assembler V02.00 + NoICE + SDCC mods  (Zilog Z80 / Hitachi HD64180), page 10.
Hexadecimal [16-Bits]



   0904                     247 man_level_render::
                            248 
   0904 3A D0 07      [13]  249     ld      a, (num_level)
   0907 FE 14         [ 7]  250     cp      #20
   0909 30 14         [12]  251     jr      nc, insert_tiles3
   090B FE 0B         [ 7]  252     cp      #11
   090D 30 08         [12]  253     jr      nc, insert_tiles2
                            254 
   090F                     255 insert_tiles1:
   090F 21 00 00      [10]  256     ld      hl, #_tilesProt
   0912 CD 00 00      [17]  257     call    cpct_etm_setTileset2x4_asm
   0915 18 0E         [12]  258     jr      insert_tilemap
                            259 
   0917                     260 insert_tiles2:
   0917 21 00 00      [10]  261     ld      hl, #_tilesProt2
   091A CD 00 00      [17]  262     call    cpct_etm_setTileset2x4_asm
   091D 18 06         [12]  263     jr      insert_tilemap
                            264 
   091F                     265 insert_tiles3:
   091F 21 00 00      [10]  266     ld      hl, #_tilesPrince
   0922 CD 00 00      [17]  267     call    cpct_etm_setTileset2x4_asm
                            268 
   0925                     269 insert_tilemap:
   0925 21 00 00      [10]  270     ld      hl, #man_level_map
   0928 E5            [11]  271     push    hl
   0929 21 00 C0      [10]  272     ld      hl, #0xC000 ;; Front buffer
   092C E5            [11]  273     push    hl
   092D 06 00         [ 7]  274     ld       b, #0
   092F 0E 00         [ 7]  275     ld       c, #0
   0931 11 28 32      [10]  276     ld      de, #0x3228 ;; 50 de altura (height) y 40 de ancho (width)
   0934 3E 28         [ 7]  277     ld       a, #40     ;; 40 de ancho (width)
   0936 CD 00 00      [17]  278     call    cpct_etm_drawTileBox2x4_asm
                            279 
   0939 C9            [10]  280     ret
