ASxxxx Assembler V02.00 + NoICE + SDCC mods  (Zilog Z80 / Hitachi HD64180), page 1.
Hexadecimal [16-Bits]



                              1 ;;-----------------------------LICENSE NOTICE------------------------------------
                              2 ;;  This file is part of Go Away Viking: An Amstrad CPC Videogame  
                              3 ;;  Copyright (C) 2020  Adri치n Larrosa Romero / Elena Alcaraz S치nchez / Sanspielers
                              4 ;;
                              5 ;;  This program is free software: you can redistribute it and/or modify
                              6 ;;  it under the terms of the GNU General Public License as published by
                              7 ;;  the Free Software Foundation, either version 3 of the License, or
                              8 ;;  (at your option) any later version.
                              9 ;;
                             10 ;;  This program is distributed in the hope that it will be useful,
                             11 ;;  but WITHOUT ANY WARRANTY; without even the implied warranty of
                             12 ;;  MERCHANTABILITY or FITNESS FOR A PARTICULAR PURPOSE.  See the
                             13 ;;  GNU General Public License for more details.
                             14 ;;
                             15 ;;  You should have received a copy of the GNU General Public License
                             16 ;;  along with this program.  If not, see <https://www.gnu.org/licenses/>.
                             17 ;;  
                             18 ;;  Email:      adrilaro99@gmail.com
                             19 ;;              elena78eas@gmail.com
                             20 ;;
                             21 ;;  Twitter:    @sanspielers
                             22 ;;-------------------------------------------------------------------------------
                             23 
ASxxxx Assembler V02.00 + NoICE + SDCC mods  (Zilog Z80 / Hitachi HD64180), page 2.
Hexadecimal [16-Bits]



                             24 .include "man/patrol.h.s"
                              1 ;;-----------------------------LICENSE NOTICE------------------------------------
                              2 ;;  This file is part of Go Away Viking: An Amstrad CPC Videogame  
                              3 ;;  Copyright (C) 2020  Adri치n Larrosa Romero / Elena Alcaraz S치nchez / Sanspielers
                              4 ;;
                              5 ;;  This program is free software: you can redistribute it and/or modify
                              6 ;;  it under the terms of the GNU General Public License as published by
                              7 ;;  the Free Software Foundation, either version 3 of the License, or
                              8 ;;  (at your option) any later version.
                              9 ;;
                             10 ;;  This program is distributed in the hope that it will be useful,
                             11 ;;  but WITHOUT ANY WARRANTY; without even the implied warranty of
                             12 ;;  MERCHANTABILITY or FITNESS FOR A PARTICULAR PURPOSE.  See the
                             13 ;;  GNU General Public License for more details.
                             14 ;;
                             15 ;;  You should have received a copy of the GNU General Public License
                             16 ;;  along with this program.  If not, see <https://www.gnu.org/licenses/>.
                             17 ;;  
                             18 ;;  Email:      adrilaro99@gmail.com
                             19 ;;              elena78eas@gmail.com
                             20 ;;
                             21 ;;  Twitter:    @sanspielers
                             22 ;;-------------------------------------------------------------------------------
                             23 
                             24 ;;
                             25 ;;PATROL MANAGER
                             26 ;;
                             27 
                             28 ;; CONSTANTS
                     FFFFFFFF    29 patrol_invalid_move_x = -1
                             30 
                             31 ;; PUBLIC FUNCTIONS
                             32 .globl man_patrol_init
                             33 
                             34 ;; PATROLS
                             35 .globl _patrol_l2_01
                             36 .globl _patrol_l3_01
                             37 .globl _patrol_l3_02
                             38 .globl _patrol_l4_01
                             39 .globl _patrol_l5_01
                             40 .globl _patrol_l5_02
                             41 .globl _patrol_l7_01
                             42 .globl _patrol_l7_02
                             43 .globl _patrol_l8_01
                             44 .globl _patrol_l8_02
                             45 .globl _patrol_l9_01
                             46 .globl _patrol_l9_02
                             47 .globl _patrol_l10_01
                             48 .globl _patrol_l10_02
                             49 .globl _patrol_l10_03
                             50 .globl _patrol_l11_01
                             51 .globl _patrol_l11_02
                             52 .globl _patrol_l12_01
                             53 .globl _patrol_l12_02
                             54 .globl _patrol_l13_01
ASxxxx Assembler V02.00 + NoICE + SDCC mods  (Zilog Z80 / Hitachi HD64180), page 3.
Hexadecimal [16-Bits]



                             55 .globl _patrol_l13_02
                             56 .globl _patrol_l14_01
                             57 .globl _patrol_l14_02
                             58 .globl _patrol_l15_01
                             59 .globl _patrol_l15_02
                             60 .globl _patrol_l16_01
                             61 .globl _patrol_l16_02
                             62 .globl _patrol_l17_01
                             63 .globl _patrol_l17_02
                             64 .globl _patrol_l17_03
                             65 .globl _patrol_l18_01
                             66 .globl _patrol_l18_02
                             67 .globl _patrol_l18_03
                             68 .globl _patrol_l19_01
                             69 .globl _patrol_l19_02
                             70 .globl _patrol_l19_03
                             71 .globl _patrol_l20_01
                             72 .globl _patrol_l20_02
                             73 .globl _patrol_l20_03
ASxxxx Assembler V02.00 + NoICE + SDCC mods  (Zilog Z80 / Hitachi HD64180), page 4.
Hexadecimal [16-Bits]



                             25 ;;
                             26 ;;PATROL MANAGER
                             27 ;;
   0000                      28 _patrol_l2_01::
   0000 20 A4                29     .db     0x20, 0xA4
   0002 42 A4                30     .db     0x42, 0xA4
   0004 FF                   31     .db     patrol_invalid_move_x
   0005 00 00                32     .dw     _patrol_l2_01
                             33 
   0007                      34 _patrol_l3_01::
   0007 0F A4                35     .db     0x0F, 0xA4
   0009 40 A4                36     .db     0x40, 0xA4
   000B FF                   37     .db     patrol_invalid_move_x
   000C 07 00                38     .dw     _patrol_l3_01
                             39 
   000E                      40 _patrol_l3_02::
   000E 0F 68                41     .db     0x0F, 0x68
   0010 33 68                42     .db     0x33, 0x68
   0012 FF                   43     .db     patrol_invalid_move_x
   0013 0E 00                44     .dw     _patrol_l3_02
                             45 
   0015                      46 _patrol_l4_01::
   0015 45 68                47     .db     0x45, 0x68
   0017 0F 68                48     .db     0x0F,0x68
   0019 FF                   49     .db     patrol_invalid_move_x
   001A 15 00                50     .dw     _patrol_l4_01  
                             51 
   001C                      52 _patrol_l5_01::
   001C 1A 68                53     .db     0x1A, 0x68
   001E 0A 68                54     .db     0x0A, 0x68
   0020 FF                   55     .db     patrol_invalid_move_x
   0021 1C 00                56     .dw     _patrol_l5_01 
                             57 
   0023                      58 _patrol_l5_02::
   0023 20 68                59     .db     0x20, 0x68
   0025 39 68                60     .db     0x39, 0x68
   0027 FF                   61     .db     patrol_invalid_move_x
   0028 23 00                62     .dw     _patrol_l5_02
                             63 
   002A                      64 _patrol_l7_01::
   002A 3E A4                65     .db     0x3E, 0xA4
   002C 1E A4                66     .db     0x1E, 0xA4
   002E FF                   67     .db     patrol_invalid_move_x
   002F 2A 00                68     .dw     _patrol_l7_01
                             69 
   0031                      70 _patrol_l7_02::
   0031 27 7C                71     .db     0x27,0x7C
   0033 49 7C                72     .db     0x49, 0x7C
   0035 FF                   73     .db     patrol_invalid_move_x
   0036 31 00                74     .dw     _patrol_l7_02 
                             75 
   0038                      76 _patrol_l8_01::
   0038 0A A4                77     .db     0x0A, 0xA4
   003A 2F A4                78     .db     0x2F, 0xA4
   003C FF                   79     .db     patrol_invalid_move_x
ASxxxx Assembler V02.00 + NoICE + SDCC mods  (Zilog Z80 / Hitachi HD64180), page 5.
Hexadecimal [16-Bits]



   003D 38 00                80     .dw     _patrol_l8_01
                             81 
   003F                      82 _patrol_l8_02::
   003F 34 68                83     .db     0x34, 0x68
   0041 03 68                84     .db     0x03, 0x68
   0043 FF                   85     .db     patrol_invalid_move_x
   0044 3F 00                86     .dw     _patrol_l8_02
                             87 
   0046                      88 _patrol_l9_01::
   0046 1A A4                89     .db     0x1A, 0xA4
   0048 04 A4                90     .db     0x04, 0xA4
   004A FF                   91     .db     patrol_invalid_move_x
   004B 46 00                92     .dw     _patrol_l9_01
                             93 
   004D                      94 _patrol_l9_02::
   004D 03 68                95     .db     0x03, 0x68
   004F 39 68                96     .db     0x39, 0x68
   0051 FF                   97     .db     patrol_invalid_move_x
   0052 4D 00                98     .dw     _patrol_l9_02
                             99 
   0054                     100 _patrol_l10_01::
   0054 2C A4               101     .db     0x2C, 0xA4
   0056 49 A4               102     .db     0x49, 0xA4
   0058 FF                  103     .db     patrol_invalid_move_x
   0059 54 00               104     .dw     _patrol_l10_01
                            105 
   005B                     106 _patrol_l10_02::
   005B 16 68               107     .db     0x16, 0x68
   005D 39 68               108     .db     0x39, 0x68
   005F FF                  109     .db     patrol_invalid_move_x
   0060 5B 00               110     .dw     _patrol_l10_02
                            111 
   0062                     112 _patrol_l10_03::
   0062 09 2C               113     .db     0x09, 0x2C
   0064 2A 2C               114     .db     0x2A, 0x2C
   0066 FF                  115     .db     patrol_invalid_move_x
   0067 62 00               116     .dw     _patrol_l10_03
                            117 
   0069                     118 _patrol_l11_01::
   0069 3A A4               119     .db     0x3A, 0xA4
   006B 29 A4               120     .db     0x29, 0xA4
   006D FF                  121     .db     patrol_invalid_move_x
   006E 69 00               122     .dw     _patrol_l11_01
                            123 
   0070                     124 _patrol_l11_02::
   0070 14 A4               125     .db     0x14, 0xA4
   0072 14 68               126     .db     0x14, 0x68
   0074 10 68               127     .db     0x10, 0x68
   0076 14 68               128     .db     0x14, 0x68
   0078 14 A4               129     .db     0x14, 0xA4
   007A 20 A4               130     .db     0x20, 0xA4
   007C FF                  131     .db     patrol_invalid_move_x
   007D 70 00               132     .dw     _patrol_l11_02
                            133 
   007F                     134 _patrol_l12_01::
ASxxxx Assembler V02.00 + NoICE + SDCC mods  (Zilog Z80 / Hitachi HD64180), page 6.
Hexadecimal [16-Bits]



   007F 28 A4               135     .db     0x28, 0xA4
   0081 1A A4               136     .db     0x1A, 0xA4
   0083 1A 68               137     .db     0x1A, 0x68
   0085 21 68               138     .db     0x21, 0x68
   0087 1A 68               139     .db     0x1A, 0x68
   0089 1A A4               140     .db     0x1A, 0xA4
   008B 28 A4               141     .db     0x28, 0xA4
   008D FF                  142     .db     patrol_invalid_move_x
   008E 7F 00               143     .dw     _patrol_l12_01
                            144 
   0090                     145 _patrol_l12_02::
   0090 2D 68               146     .db     0x2D, 0x68
   0092 32 68               147     .db     0x32, 0x68
   0094 32 2C               148     .db     0x32, 0x2C
   0096 3E 2C               149     .db     0x3E, 0x2C
   0098 32 2C               150     .db     0x32, 0x2C
   009A 32 68               151     .db     0x32, 0x68
   009C FF                  152     .db     patrol_invalid_move_x
   009D 9F 00               153     .dw     _patrol_l12_02_1
   009F                     154 _patrol_l12_02_1:
   009F 32 68               155     .db     0x32, 0x68
   00A1 2D 68               156     .db     0x2D, 0x68
   00A3 FF                  157     .db     patrol_invalid_move_x
   00A4 90 00               158     .dw     _patrol_l12_02
                            159 
   00A6                     160 _patrol_l13_01::
   00A6 2F 2C               161     .db     0x2F, 0x2C
   00A8 48 2C               162     .db     0x48, 0x2C
   00AA 48 68               163     .db     0x48, 0x68
   00AC 30 68               164     .db     0x30, 0x68
   00AE FF                  165     .db     patrol_invalid_move_x
   00AF B1 00               166     .dw     _patrol_l13_01_1
   00B1                     167 _patrol_l13_01_1:
   00B1 30 68               168     .db     0x30, 0x68
   00B3 3A 68               169     .db     0x3A, 0x68
   00B5 3A A4               170     .db     0x3A, 0xA4
   00B7 40 A4               171     .db     0x40, 0xA4
   00B9 FF                  172     .db     patrol_invalid_move_x
   00BA BC 00               173     .dw     _patrol_l13_01_2
   00BC                     174 _patrol_l13_01_2:
   00BC 40 A4               175     .db     0x40, 0xA4
   00BE 2F A4               176     .db     0x2F, 0xA4
   00C0 3A A4               177     .db     0x3A, 0xA4
   00C2 3A 68               178     .db     0x3A, 0x68
   00C4 48 68               179     .db     0x48, 0x68
   00C6 48 2C               180     .db     0x48, 0x2C
   00C8 2F 2C               181     .db     0x2F, 0x2C
   00CA FF                  182     .db     patrol_invalid_move_x
   00CB A6 00               183     .dw     _patrol_l13_01
                            184 
   00CD                     185 _patrol_l13_02::
   00CD 1D A4               186     .db     0x1D, 0xA4
   00CF 10 A4               187     .db     0x10, 0xA4
   00D1 10 68               188     .db     0x10, 0x68
   00D3 1A 68               189     .db     0x1A, 0x68
ASxxxx Assembler V02.00 + NoICE + SDCC mods  (Zilog Z80 / Hitachi HD64180), page 7.
Hexadecimal [16-Bits]



   00D5 02 68               190     .db     0x02, 0x68
   00D7 02 2C               191     .db     0x02, 0x2C
   00D9 1D 2C               192     .db     0x1D, 0x2C
   00DB 02 2C               193     .db     0x02, 0x2C
   00DD 02 68               194     .db     0x02, 0x68
   00DF 10 68               195     .db     0x10, 0x68
   00E1 FF                  196     .db     patrol_invalid_move_x
   00E2 E4 00               197     .dw     _patrol_l13_02_1
   00E4                     198 _patrol_l13_02_1:
   00E4 10 68               199     .db     0x10, 0x68    
   00E6 10 A4               200     .db     0x10, 0xA4
   00E8 1D A4               201     .db     0x1D, 0xA4
   00EA FF                  202     .db     patrol_invalid_move_x
   00EB CD 00               203     .dw     _patrol_l13_02
                            204 
   00ED                     205 _patrol_l14_02::
   00ED 3A 40               206     .db     0x3A, 0x40
   00EF 3A 68               207     .db     0x3A, 0x68
   00F1 30 68               208     .db     0x30, 0x68
   00F3 FF                  209     .db     patrol_invalid_move_x
   00F4 F6 00               210     .dw     _patrol_l14_02_5
   00F6                     211 _patrol_l14_02_5:
   00F6 30 68               212     .db     0x30, 0x68
   00F8 48 68               213     .db     0x48, 0x68
   00FA 48 A4               214     .db     0x48, 0xA4
   00FC FF                  215     .db     patrol_invalid_move_x
   00FD FF 00               216     .dw     _patrol_l14_02_1
   00FF                     217 _patrol_l14_02_1:
   00FF 48 A4               218     .db     0x48, 0xA4
   0101 40 A4               219     .db     0x40, 0xA4
   0103 48 A4               220     .db     0x48, 0xA4
   0105 FF                  221     .db     patrol_invalid_move_x
   0106 08 01               222     .dw     _patrol_l14_02_2
   0108                     223 _patrol_l14_02_2:
   0108 48 A4               224     .db     0x48, 0xA4
   010A 48 68               225     .db     0x48, 0x68
   010C 48 68               226     .db     0x48, 0x68
   010E 3A 68               227     .db     0x3A, 0x68
   0110 3A 40               228     .db     0x3A, 0x40
   0112 FF                  229     .db     patrol_invalid_move_x
   0113 15 01               230     .dw     _patrol_l14_02_03
   0115                     231 _patrol_l14_02_03:
   0115 3A 40               232     .db     0x3A, 0x40
   0117 2E 40               233     .db     0x2E, 0x40
   0119 FF                  234     .db     patrol_invalid_move_x
   011A ED 00               235     .dw     _patrol_l14_02
   011C                     236 _patrol_l14_01::
   011C 1E 68               237     .db     0x1E, 0x68
   011E 1E 40               238     .db     0x1E, 0x40
   0120 2A 40               239     .db     0x2A, 0x40
   0122 1E 40               240     .db     0x1E, 0x40
   0124 1E 68               241     .db     0x1E, 0x68
   0126 FF                  242     .db     patrol_invalid_move_x
   0127 29 01               243     .dw     _patrol_l14_01_1
   0129                     244 _patrol_l14_01_1:
ASxxxx Assembler V02.00 + NoICE + SDCC mods  (Zilog Z80 / Hitachi HD64180), page 8.
Hexadecimal [16-Bits]



   0129 1E 68               245     .db     0x1E, 0x68
   012B 28 68               246     .db     0x28, 0x68
   012D 11 68               247     .db     0x11, 0x68
   012F 1E 68               248     .db     0x1E, 0x68
   0131 FF                  249     .db     patrol_invalid_move_x
   0132 1C 01               250     .dw     _patrol_l14_01
                            251 
   0134                     252 _patrol_l15_01::
   0134 36 40               253     .db     0x36, 0x40
   0136 36 68               254     .db     0x36, 0x68
   0138 48 68               255     .db     0x48, 0x68
   013A FF                  256     .db     patrol_invalid_move_x
   013B 3D 01               257     .dw     _patrol_l15_01_1
   013D                     258 _patrol_l15_01_1:
   013D 48 68               259     .db     0x48, 0x68
   013F 48 A4               260     .db     0x48, 0xA4
   0141 FF                  261     .db     patrol_invalid_move_x
   0142 44 01               262     .dw     _patrol_l15_01_2
   0144                     263 _patrol_l15_01_2:
   0144 48 A4               264     .db     0x48, 0xA4
   0146 3E A4               265     .db     0x3E, 0xA4
   0148 48 A4               266     .db     0x48, 0xA4
   014A FF                  267     .db     patrol_invalid_move_x
   014B 4D 01               268     .dw     _patrol_l15_01_3
   014D                     269 _patrol_l15_01_3:
   014D 48 A4               270     .db     0x48, 0xA4
   014F 48 68               271     .db     0x48, 0x68
   0151 36 68               272     .db     0x36, 0x68
   0153 36 40               273     .db     0x36, 0x40
   0155 FF                  274     .db     patrol_invalid_move_x
   0156 58 01               275     .dw     _patrol_l15_01_4
   0158                     276 _patrol_l15_01_4:
   0158 36 40               277     .db     0x36, 0x40
   015A 2E 40               278     .db     0x2E, 0x40
   015C 36 40               279     .db     0x36, 0x40
   015E FF                  280     .db     patrol_invalid_move_x
   015F 34 01               281     .dw     _patrol_l15_01
                            282 
   0161                     283 _patrol_l15_02::
   0161 15 A4               284     .db     0x15, 0xA4
   0163 33 A4               285     .db     0x33, 0xA4
   0165 FF                  286     .db     patrol_invalid_move_x
   0166 61 01               287     .dw     _patrol_l15_02
                            288 
   0168                     289 _patrol_l16_01::
   0168 09 68               290     .db     0x09, 0x68
   016A 36 68               291     .db     0x36, 0x68
   016C FF                  292     .db     patrol_invalid_move_x
   016D 68 01               293     .dw     _patrol_l16_01
                            294 
   016F                     295 _patrol_l16_02::
   016F 10 40               296     .db     0x10, 0x40
   0171 1E 40               297     .db     0x1E, 0x40
   0173 FF                  298     .db     patrol_invalid_move_x
   0174 6F 01               299     .dw     _patrol_l16_02
ASxxxx Assembler V02.00 + NoICE + SDCC mods  (Zilog Z80 / Hitachi HD64180), page 9.
Hexadecimal [16-Bits]



                            300 
   0176                     301 _patrol_l17_01::
   0176 45 54               302     .db     0x45, 0x54
   0178 15 54               303     .db     0x15, 0x54
   017A FF                  304     .db     patrol_invalid_move_x
   017B 76 01               305     .dw     _patrol_l17_01
                            306 
   017D                     307 _patrol_l17_02::
   017D 0A A4               308     .db     0x0A, 0xA4
   017F 0A 7C               309     .db     0x0A, 0x7C
   0181 FF                  310     .db     patrol_invalid_move_x
   0182 84 01               311     .dw     _patrol_l17_02_01
   0184                     312 _patrol_l17_02_01:
   0184 0A 7C               313     .db     0x0A, 0x7C
   0186 18 7C               314     .db     0x18, 0x7C
   0188 0A 7C               315     .db     0x0A, 0x7C
   018A 0A A4               316     .db     0x0A, 0xA4
   018C FF                  317     .db     patrol_invalid_move_x
   018D 8F 01               318     .dw     _patrol_l17_02_02
   018F                     319 _patrol_l17_02_02:
   018F 0A A4               320     .db     0x0A, 0xA4
   0191 17 A4               321     .db     0x17, 0xA4
   0193 FF                  322     .db     patrol_invalid_move_x
   0194 7D 01               323     .dw     _patrol_l17_02
                            324 
   0196                     325 _patrol_l17_03::
   0196 38 7C               326     .db     0x38, 0x7C
   0198 38 A4               327     .db     0x38, 0xA4
   019A FF                  328     .db     patrol_invalid_move_x
   019B 9D 01               329     .dw     _patrol_l17_03_01
   019D                     330 _patrol_l17_03_01:
   019D 38 A4               331     .db     0x38, 0xA4
   019F 42 A4               332     .db     0x42, 0xA4
   01A1 38 A4               333     .db     0x38, 0xA4
   01A3 38 A4               334     .db     0x38, 0xA4
   01A5 FF                  335     .db     patrol_invalid_move_x
   01A6 A8 01               336     .dw     _patrol_l17_03_02
   01A8                     337 _patrol_l17_03_02:
   01A8 38 7C               338     .db     0x38, 0x7C
   01AA 34 7C               339     .db     0x34, 0x7C
   01AC FF                  340     .db     patrol_invalid_move_x
   01AD 96 01               341     .dw     _patrol_l17_03
                            342 
   01AF                     343 _patrol_l18_01::
   01AF 2B 2C               344     .db     0x2B, 0x2C
   01B1 17 2C               345     .db     0x17, 0x2C
   01B3 FF                  346     .db     patrol_invalid_move_x
   01B4 AF 01               347     .dw     _patrol_l18_01
                            348 
   01B6                     349 _patrol_l18_02::
   01B6 02 54               350     .db     0x02, 0x54
   01B8 02 7C               351     .db     0x02, 0x7C
   01BA FF                  352     .db     patrol_invalid_move_x
   01BB BD 01               353     .dw     _patrol_l18_02_01
   01BD                     354 _patrol_l18_02_01:
ASxxxx Assembler V02.00 + NoICE + SDCC mods  (Zilog Z80 / Hitachi HD64180), page 10.
Hexadecimal [16-Bits]



   01BD 02 7C               355     .db     0x02, 0x7C
   01BF 09 7C               356     .db     0x09, 0x7C
   01C1 02 7C               357     .db     0x02, 0x7C
   01C3 02 54               358     .db     0x02, 0x54
   01C5 FF                  359     .db     patrol_invalid_move_x
   01C6 C8 01               360     .dw     _patrol_l18_02_02
   01C8                     361 _patrol_l18_02_02:
   01C8 02 54               362     .db     0x02, 0x54
   01CA 14 54               363     .db     0x14, 0x54
   01CC FF                  364     .db     patrol_invalid_move_x
   01CD B6 01               365     .dw     _patrol_l18_02
                            366 
   01CF                     367 _patrol_l18_03::
   01CF 37 A4               368     .db     0x37, 0xA4
   01D1 16 A4               369     .db     0x16, 0xA4
   01D3 16 7C               370     .db     0x16, 0x7C
   01D5 FF                  371     .db     patrol_invalid_move_x
   01D6 D8 01               372     .dw     _patrol_l18_03_01
   01D8                     373 _patrol_l18_03_01:
   01D8 16 7C               374     .db     0x16, 0x7C
   01DA 14 7C               375     .db     0x14, 0x7C
   01DC 16 7C               376     .db     0x16, 0x7C
   01DE 16 A4               377     .db     0x16, 0xA4
   01E0 FF                  378     .db     patrol_invalid_move_x
   01E1 E3 01               379     .dw     _patrol_l18_03_02
   01E3                     380 _patrol_l18_03_02:
   01E3 16 A4               381     .db     0x16, 0xA4
   01E5 2C A4               382     .db     0x2C, 0xA4
   01E7 FF                  383     .db     patrol_invalid_move_x
   01E8 CF 01               384     .dw     _patrol_l18_03
                            385 
   01EA                     386 _patrol_l19_01::
   01EA 10 54               387     .db     0x10, 0x54
   01EC 1E 54               388     .db     0x1E, 0x54
   01EE 1E 40               389     .db     0x1E, 0x40
   01F0 1E 54               390     .db     0x1E, 0x54
   01F2 FF                  391     .db     patrol_invalid_move_x
   01F3 F5 01               392     .dw     _patrol_l19_01_1
   01F5                     393 _patrol_l19_01_1:
   01F5 1E 54               394     .db     0x1E, 0x54
   01F7 10 54               395     .db     0x10, 0x54
   01F9 FF                  396     .db     patrol_invalid_move_x
   01FA EA 01               397     .dw     _patrol_l19_01
                            398 
   01FC                     399 _patrol_l19_02::
   01FC 1E 7C               400     .db     0x1E, 0x7C
   01FE 2C 7C               401     .db     0x2C, 0x7C
   0200 2C 54               402     .db     0x2C, 0x54
   0202 24 54               403     .db     0x24, 0x54
   0204 32 54               404     .db     0x32, 0x54
   0206 2C 54               405     .db     0x2C, 0x54
   0208 2C 7C               406     .db     0x2C, 0x7C
   020A FF                  407     .db     patrol_invalid_move_x
   020B 0D 02               408     .dw     _patrol_l19_02_1
   020D                     409 _patrol_l19_02_1:
ASxxxx Assembler V02.00 + NoICE + SDCC mods  (Zilog Z80 / Hitachi HD64180), page 11.
Hexadecimal [16-Bits]



   020D 2C 7C               410     .db     0x2C, 0x7C
   020F 1E 7C               411     .db     0x1E, 0x7C
   0211 FF                  412     .db     patrol_invalid_move_x
   0212 FC 01               413     .dw     _patrol_l19_02
                            414 
   0214                     415 _patrol_l19_03::
   0214 45 A4               416     .db     0x45, 0xA4
   0216 34 A4               417     .db     0x34, 0xA4
   0218 34 7C               418     .db     0x34, 0x7C
   021A 42 7C               419     .db     0x42, 0x7C
   021C 34 7C               420     .db     0x34, 0x7C
   021E 34 A4               421     .db     0x34, 0xA4
   0220 FF                  422     .db     patrol_invalid_move_x
   0221 23 02               423     .dw     _patrol_l19_03_1
   0223                     424 _patrol_l19_03_1:
   0223 34 A4               425     .db     0x34, 0xA4
   0225 45 A4               426     .db     0x45, 0xA4
   0227 FF                  427     .db     patrol_invalid_move_x
   0228 14 02               428     .dw     _patrol_l19_03
                            429 
                            430 
   022A                     431 _patrol_l20_01::
   022A 18 7C               432     .db     0x18, 0x7C
   022C 18 54               433     .db     0x18, 0x54
   022E FF                  434     .db     patrol_invalid_move_x
   022F 31 02               435     .dw     _patrol_l20_01_01
   0231                     436 _patrol_l20_01_01:
   0231 18 54               437     .db     0x18, 0x54
   0233 23 54               438     .db     0x23, 0x54
   0235 18 54               439     .db     0x18, 0x54
   0237 18 7C               440     .db     0x18, 0x7C
   0239 FF                  441     .db     patrol_invalid_move_x
   023A 3C 02               442     .dw     _patrol_l20_01_02
   023C                     443 _patrol_l20_01_02:
   023C 18 7C               444     .db     0x18, 0x7C
   023E 21 7C               445     .db     0x21, 0x7C
   0240 FF                  446     .db     patrol_invalid_move_x
   0241 2A 02               447     .dw     _patrol_l20_01
                            448 
   0243                     449 _patrol_l20_02::
   0243 3C 7C               450     .db     0x3C, 0x7C
   0245 3C 54               451     .db     0x3C, 0x54
   0247 FF                  452     .db     patrol_invalid_move_x
   0248 4A 02               453     .dw     _patrol_l20_02_01
   024A                     454 _patrol_l20_02_01:
   024A 3C 54               455     .db     0x3C, 0x54
   024C 2A 54               456     .db     0x2A, 0x54 ;; 0x38, 0x54
   024E 3C 54               457     .db     0x3C, 0x54
   0250 3C 7C               458     .db     0x3C, 0x7C
   0252 FF                  459     .db     patrol_invalid_move_x
   0253 55 02               460     .dw     _patrol_l20_02_02
   0255                     461 _patrol_l20_02_02:
   0255 3C 7C               462     .db     0x3C, 0x7C
   0257 2E 7C               463     .db     0x2E, 0x7C
   0259 FF                  464     .db     patrol_invalid_move_x
ASxxxx Assembler V02.00 + NoICE + SDCC mods  (Zilog Z80 / Hitachi HD64180), page 12.
Hexadecimal [16-Bits]



   025A 43 02               465     .dw     _patrol_l20_02
                            466 
                            467 
   025C                     468 _patrol_l20_03::
   025C 26 A4               469     .db     0x26, 0xA4
   025E 26 90               470     .db     0x26, 0x90
   0260 FF                  471     .db     patrol_invalid_move_x
   0261 63 02               472     .dw     _patrol_l20_03_01
   0263                     473 _patrol_l20_03_01:
   0263 26 90               474     .db     0x26, 0x90
   0265 26 A4               475     .db     0x26, 0xA4
   0267 FF                  476     .db     patrol_invalid_move_x
   0268 6A 02               477     .dw     _patrol_l20_03_02
   026A                     478 _patrol_l20_03_02:
   026A 26 A4               479     .db     0x26, 0xA4
   026C 2B A4               480     .db     0x2B, 0xA4
   026E 26 A4               481     .db     0x26, 0xA4
   0270 FF                  482     .db     patrol_invalid_move_x
   0271 73 02               483     .dw     _patrol_l20_03_03
   0273                     484 _patrol_l20_03_03:
   0273 26 A4               485     .db     0x26, 0xA4
   0275 26 90               486     .db     0x26, 0x90
   0277 26 A4               487     .db     0x26, 0xA4
   0279 FF                  488     .db     patrol_invalid_move_x
   027A 7C 02               489     .dw     _patrol_l20_03_04
   027C                     490 _patrol_l20_03_04:
   027C 26 A4               491     .db     0x26, 0xA4
   027E 12 A4               492     .db     0x12, 0xA4
   0280 FF                  493     .db     patrol_invalid_move_x
   0281 5C 02               494     .dw     _patrol_l20_03
                            495 
   0283                     496 man_patrol_init::
   0283 C9            [10]  497 ret
