ASxxxx Assembler V02.00 + NoICE + SDCC mods  (Zilog Z80 / Hitachi HD64180), page 1.
Hexadecimal [16-Bits]



                              1 ;;-----------------------------LICENSE NOTICE------------------------------------
                              2 ;;  This file is part of Go Away Viking: An Amstrad CPC Videogame  
                              3 ;;  Copyright (C) 2020  Adrián Larrosa Romero / Elena Alcaraz Sánchez / Sanspielers
                              4 ;;
                              5 ;;  This program is free software: you can redistribute it and/or modify
                              6 ;;  it under the terms of the GNU General Public License as published by
                              7 ;;  the Free Software Foundation, either version 3 of the License, or
                              8 ;;  (at your option) any later version.
                              9 ;;
                             10 ;;  This program is distributed in the hope that it will be useful,
                             11 ;;  but WITHOUT ANY WARRANTY; without even the implied warranty of
                             12 ;;  MERCHANTABILITY or FITNESS FOR A PARTICULAR PURPOSE.  See the
                             13 ;;  GNU General Public License for more details.
                             14 ;;
                             15 ;;  You should have received a copy of the GNU General Public License
                             16 ;;  along with this program.  If not, see <https://www.gnu.org/licenses/>.
                             17 ;;  
                             18 ;;  Email:      adrilaro99@gmail.com
                             19 ;;              elena78eas@gmail.com
                             20 ;;
                             21 ;;  Twitter:    @sanspielers
                             22 ;;-------------------------------------------------------------------------------
                             23 
                             24 ;;
                             25 ;;PATROL MANAGER
                             26 ;;
                             27 
                             28 ;; CONSTANTS
                     FFFFFFFF    29 patrol_invalid_move_x = -1
                             30 
                             31 ;; PUBLIC FUNCTIONS
                             32 .globl man_patrol_init
                             33 
                             34 ;; PATROLS
                             35 .globl _patrol_l2_01
                             36 .globl _patrol_l3_01
                             37 .globl _patrol_l3_02
                             38 .globl _patrol_l4_01
                             39 .globl _patrol_l5_01
                             40 .globl _patrol_l5_02
                             41 .globl _patrol_l7_01
                             42 .globl _patrol_l7_02
                             43 .globl _patrol_l8_01
                             44 .globl _patrol_l8_02
                             45 .globl _patrol_l9_01
                             46 .globl _patrol_l9_02
                             47 .globl _patrol_l10_01
                             48 .globl _patrol_l10_02
                             49 .globl _patrol_l10_03
                             50 .globl _patrol_l11_01
                             51 .globl _patrol_l11_02
                             52 .globl _patrol_l12_01
                             53 .globl _patrol_l12_02
                             54 .globl _patrol_l13_01
                             55 .globl _patrol_l13_02
ASxxxx Assembler V02.00 + NoICE + SDCC mods  (Zilog Z80 / Hitachi HD64180), page 2.
Hexadecimal [16-Bits]



                             56 .globl _patrol_l14_01
                             57 .globl _patrol_l14_02
                             58 .globl _patrol_l15_01
                             59 .globl _patrol_l15_02
                             60 .globl _patrol_l16_01
                             61 .globl _patrol_l16_02
                             62 .globl _patrol_l17_01
                             63 .globl _patrol_l17_02
                             64 .globl _patrol_l17_03
                             65 .globl _patrol_l18_01
                             66 .globl _patrol_l18_02
                             67 .globl _patrol_l18_03
                             68 .globl _patrol_l19_01
                             69 .globl _patrol_l19_02
                             70 .globl _patrol_l19_03
                             71 .globl _patrol_l20_01
                             72 .globl _patrol_l20_02
                             73 .globl _patrol_l20_03
