ASxxxx Assembler V02.00 + NoICE + SDCC mods  (Zilog Z80 / Hitachi HD64180), page 1.
Hexadecimal [16-Bits]



                              1 ;; File 'src/assets/levels/level12.s' generated using cpct_pack
                              2 ;; Compresor used:   zx7b
                              3 ;; Files compressed: [ 'src/assets/tilemaps/level12.bin' ]
                              4 ;; Uncompressed:     2000 bytes
                              5 ;; Compressed:       314 bytes
                              6 ;; Space saved:      1686 bytes
                              7 ;;
                              8 
                              9 ;; Data array definition
   0000                      10 _level12::
   0000 56 55 3C 00 85 38    11    .db  0x56, 0x55, 0x3c, 0x00, 0x85, 0x38, 0x3d, 0x20, 0x27, 0x0b, 0xaf, 0x22, 0x8b, 0x24, 0xa9, 0x9f
        3D 20 27 0B AF 22
        8B 24 A9 9F
   0010 B0 51 A6 22 17 4E    12    .db  0xb0, 0x51, 0xa6, 0x22, 0x17, 0x4e, 0xab, 0x18, 0xd5, 0x27, 0x2f, 0x0f, 0x79, 0x0c, 0x04, 0x4f
        AB 18 D5 27 2F 0F
        79 0C 04 4F
   0020 7D 34 75 22 0D 2A    13    .db  0x7d, 0x34, 0x75, 0x22, 0x0d, 0x2a, 0x1d, 0x17, 0x27, 0xb5, 0x17, 0x06, 0x12, 0x2b, 0x1a, 0xd7
        1D 17 27 B5 17 06
        12 2B 1A D7
   0030 03 25 1F 4F 5C 15    14    .db  0x03, 0x25, 0x1f, 0x4f, 0x5c, 0x15, 0x02, 0x77, 0x05, 0x01, 0x0f, 0x77, 0x00, 0x04, 0x9b, 0x03
        02 77 05 01 0F 77
        00 04 9B 03
   0040 07 EE 01 17 27 5B    15    .db  0x07, 0xee, 0x01, 0x17, 0x27, 0x5b, 0xf0, 0xb7, 0x56, 0xb6, 0x8d, 0x15, 0x9f, 0x21, 0x17, 0x0d
        F0 B7 56 B6 8D 15
        9F 21 17 0D
   0050 0D 5D 27 13 01 03    16    .db  0x0d, 0x5d, 0x27, 0x13, 0x01, 0x03, 0x3c, 0x29, 0x91, 0x81, 0x53, 0xbc, 0x27, 0xba, 0x01, 0x03
        3C 29 91 81 53 BC
        27 BA 01 03
   0060 9E 29 48 81 27 4F    17    .db  0x9e, 0x29, 0x48, 0x81, 0x27, 0x4f, 0x7e, 0x24, 0x75, 0x8f, 0x65, 0x2f, 0x03, 0xb4, 0x85, 0x42
        7E 24 75 8F 65 2F
        03 B4 85 42
   0070 29 0A 27 DA 23 D1    18    .db  0x29, 0x0a, 0x27, 0xda, 0x23, 0xd1, 0x8f, 0x65, 0x03, 0x17, 0x8a, 0x65, 0x05, 0x00, 0xf5, 0x29
        8F 65 03 17 8A 65
        05 00 F5 29
   0080 27 14 6A 9F AD 09    19    .db  0x27, 0x14, 0x6a, 0x9f, 0xad, 0x09, 0x03, 0x5a, 0x5d, 0xcc, 0xcb, 0x19, 0x27, 0x71, 0x74, 0xcb
        03 5A 5D CC CB 19
        27 71 74 CB
   0090 06 27 0D 01 00 47    20    .db  0x06, 0x27, 0x0d, 0x01, 0x00, 0x47, 0x8f, 0x49, 0x02, 0xc5, 0x03, 0x13, 0x92, 0x27, 0xc6, 0x50
        8F 49 02 C5 03 13
        92 27 C6 50
   00A0 02 03 4F 92 18 27    21    .db  0x02, 0x03, 0x4f, 0x92, 0x18, 0x27, 0x43, 0x05, 0x0d, 0x92, 0x61, 0x97, 0x8c, 0x50, 0x05, 0x43
        43 05 0D 92 61 97
        8C 50 05 43
   00B0 92 18 27 53 01 31    22    .db  0x92, 0x18, 0x27, 0x53, 0x01, 0x31, 0x32, 0x27, 0x9c, 0x04, 0x2f, 0x01, 0x39, 0x3a, 0x34, 0xef
        32 27 9C 04 2F 01
        39 3A 34 EF
   00C0 95 6A 8E 27 23 B5    23    .db  0x95, 0x6a, 0x8e, 0x27, 0x23, 0xb5, 0x42, 0x27, 0x98, 0x80, 0xb5, 0x10, 0x27, 0x26, 0x82, 0xf7
        42 27 98 80 B5 10
        27 26 82 F7
   00D0 94 00 A6 1B B8 27    24    .db  0x94, 0x00, 0xa6, 0x1b, 0xb8, 0x27, 0x8b, 0xc8, 0xce, 0x27, 0xe2, 0xa2, 0xc8, 0xb3, 0x27, 0xb8
        8B C8 CE 27 E2 A2
        C8 B3 27 B8
   00E0 00 A0 CE 27 E2 08    25    .db  0x00, 0xa0, 0xce, 0x27, 0xe2, 0x08, 0x00, 0xe2, 0x27, 0x2e, 0x03, 0x04, 0x20, 0x05, 0x06, 0x27
        00 E2 27 2E 03 04
        20 05 06 27
ASxxxx Assembler V02.00 + NoICE + SDCC mods  (Zilog Z80 / Hitachi HD64180), page 2.
Hexadecimal [16-Bits]



   00F0 2C 0B 0C 20 0D 0E    26    .db  0x2c, 0x0b, 0x0c, 0x20, 0x0d, 0x0e, 0x27, 0x2c, 0x13, 0x14, 0x20, 0x15, 0x16, 0x27, 0x2c, 0x1b
        27 2C 13 14 20 15
        16 27 2C 1B
   0100 1C 20 1D 1E 27 2C    27    .db  0x1c, 0x20, 0x1d, 0x1e, 0x27, 0x2c, 0x23, 0x24, 0x20, 0x25, 0x26, 0x27, 0x2c, 0x2b, 0x2c, 0x20
        23 24 20 25 26 27
        2C 2B 2C 20
   0110 2D 2E 27 0E E4 00    28    .db  0x2d, 0x2e, 0x27, 0x0e, 0xe4, 0x00, 0x01, 0x22, 0x02, 0x00, 0x02, 0x2f, 0x33, 0x34, 0x35, 0x36
        01 22 02 00 02 2F
        33 34 35 36
   0120 04 2F 27 00 0E 0A    29    .db  0x04, 0x2f, 0x27, 0x00, 0x0e, 0x0a, 0x41, 0x27, 0x00, 0x87, 0x08, 0x27, 0xa0, 0x40, 0x28, 0x00
        41 27 00 87 08 27
        A0 40 28 00
   0130 14 82 09 30 37 00    30    .db  0x14, 0x82, 0x09, 0x30, 0x37, 0x00, 0x08, 0x3e, 0x41, 0x3f
        08 3E 41 3F
                             31 ;; Address of the latest byte of the compressed array (for unpacking purposes)
                     0139    32 _level12_end == . - 1
                             33 
