ASxxxx Assembler V02.00 + NoICE + SDCC mods  (Zilog Z80 / Hitachi HD64180), page 1.
Hexadecimal [16-Bits]



                              1 ;; File 'src/assets/levels/level16.s' generated using cpct_pack
                              2 ;; Compresor used:   zx7b
                              3 ;; Files compressed: [ 'src/assets/tilemaps/level16.bin' ]
                              4 ;; Uncompressed:     2000 bytes
                              5 ;; Compressed:       352 bytes
                              6 ;; Space saved:      1648 bytes
                              7 ;;
                              8 
                              9 ;; Data array definition
   0000                      10 _level16::
   0000 60 55 3C 00 55 08    11    .db  0x60, 0x55, 0x3c, 0x00, 0x55, 0x08, 0x38, 0x3d, 0x28, 0x01, 0x06, 0xe2, 0x14, 0x0d, 0x3c, 0x03
        38 3D 28 01 06 E2
        14 0D 3C 03
   0010 C7 05 24 37 0F 4F    12    .db  0xc7, 0x05, 0x24, 0x37, 0x0f, 0x4f, 0xd4, 0x14, 0x24, 0x6e, 0x0f, 0x22, 0x1a, 0x09, 0x01, 0x1f
        D4 14 24 6E 0F 22
        1A 09 01 1F
   0020 2F 04 9F 0F 06 D4    13    .db  0x2f, 0x04, 0x9f, 0x0f, 0x06, 0xd4, 0x0e, 0x0f, 0x04, 0x17, 0x69, 0x27, 0x1a, 0xbb, 0x11, 0xa6
        0E 0F 04 17 69 27
        1A BB 11 A6
   0030 03 04 05 06 1F B0    14    .db  0x03, 0x04, 0x05, 0x06, 0x1f, 0xb0, 0x2b, 0x77, 0xeb, 0x06, 0xe8, 0x1e, 0x09, 0xbb, 0x0b, 0x0c
        2B 77 EB 06 E8 1E
        09 BB 0B 0C
   0040 0D 0E 04 90 2F 00    15    .db  0x0d, 0x0e, 0x04, 0x90, 0x2f, 0x00, 0x5a, 0x27, 0x2a, 0x06, 0xd7, 0x0e, 0x9a, 0x1a, 0x13, 0x14
        5A 27 2A 06 D7 0E
        9A 1A 13 14
   0050 15 16 0B 00 04 AF    16    .db  0x15, 0x16, 0x0b, 0x00, 0x04, 0xaf, 0x03, 0x02, 0x2f, 0x2a, 0x2a, 0x27, 0x8f, 0x04, 0x1b, 0x1c
        03 02 2F 2A 2A 27
        8F 04 1B 1C
   0060 1D 1E 27 61 01 23    17    .db  0x1d, 0x1e, 0x27, 0x61, 0x01, 0x23, 0x24, 0x25, 0x26, 0x27, 0x61, 0x01, 0x2b, 0x2c, 0x2d, 0x2e
        24 25 26 27 61 01
        2B 2C 2D 2E
   0070 61 FF 56 07 33 5D    18    .db  0x61, 0xff, 0x56, 0x07, 0x33, 0x5d, 0x34, 0x35, 0x36, 0x00, 0x27, 0x78, 0xc1, 0x9c, 0x5a, 0x27
        34 35 36 00 27 78
        C1 9C 5A 27
   0080 70 00 C1 54 8E 59    19    .db  0x70, 0x00, 0xc1, 0x54, 0x8e, 0x59, 0x27, 0x70, 0x55, 0x9d, 0x5c, 0x27, 0x00, 0xc3, 0xd4, 0xe6
        27 70 55 9D 5C 27
        00 C3 D4 E6
   0090 18 03 1D 9D 27 77    20    .db  0x18, 0x03, 0x1d, 0x9d, 0x27, 0x77, 0x00, 0x03, 0x9d, 0xc7, 0x27, 0x5d, 0x15, 0x9f, 0x27, 0xd7
        00 03 9D C7 27 5D
        15 9F 27 D7
   00A0 55 9F 71 27 1D 04    21    .db  0x55, 0x9f, 0x71, 0x27, 0x1d, 0x04, 0x87, 0x71, 0xd5, 0x85, 0x11, 0x8f, 0x65, 0x27, 0xd5, 0xe9
        87 71 D5 85 11 8F
        65 27 D5 E9
   00B0 B4 27 74 55 A4 02    22    .db  0xb4, 0x27, 0x74, 0x55, 0xa4, 0x02, 0xfe, 0x8c, 0x27, 0x70, 0x50, 0xfc, 0x23, 0xc0, 0xd6, 0x08
        FE 8C 27 70 50 FC
        23 C0 D6 08
   00C0 27 07 45 DC 21 40    23    .db  0x27, 0x07, 0x45, 0xdc, 0x21, 0x40, 0xb6, 0x08, 0x27, 0x00, 0xf1, 0x01, 0x0a, 0x27, 0x14, 0x00
        B6 08 27 00 F1 01
        0A 27 14 00
   00D0 0E 08 27 A0 50 00    24    .db  0x0e, 0x08, 0x27, 0xa0, 0x50, 0x00, 0x1c, 0x09, 0x40, 0x27, 0x00, 0xe1, 0x27, 0xba, 0x80, 0x01
        1C 09 40 27 00 E1
        27 BA 80 01
   00E0 B9 C7 27 0B 01 78    25    .db  0xb9, 0xc7, 0x27, 0x0b, 0x01, 0x78, 0xb9, 0x27, 0xbc, 0x6a, 0xcb, 0xac, 0x00, 0x27, 0xaf, 0x05
        B9 27 BC 6A CB AC
        00 27 AF 05
ASxxxx Assembler V02.00 + NoICE + SDCC mods  (Zilog Z80 / Hitachi HD64180), page 2.
Hexadecimal [16-Bits]



   00F0 7A CB 2C A7 27 BC    26    .db  0x7a, 0xcb, 0x2c, 0xa7, 0x27, 0xbc, 0x05, 0xea, 0x27, 0x0b, 0xa7, 0x27, 0xaf, 0x05, 0x27, 0xfa
        05 EA 27 0B A7 27
        AF 05 27 FA
   0100 A7 C2 27 AB 05 0E    27    .db  0xa7, 0xc2, 0x27, 0xab, 0x05, 0x0e, 0xa1, 0x00, 0xe3, 0x27, 0xe8, 0x2a, 0xad, 0x2c, 0xa1, 0x0c
        A1 00 E3 27 E8 2A
        AD 2C A1 0C
   0110 03 8E 10 11 27 0C    28    .db  0x03, 0x8e, 0x10, 0x11, 0x27, 0x0c, 0x09, 0x27, 0xf8, 0x07, 0x09, 0xfa, 0x03, 0x31, 0x32, 0x18
        09 27 F8 07 09 FA
        03 31 32 18
   0120 19 0E 27 03 09 27    29    .db  0x19, 0x0e, 0x27, 0x03, 0x09, 0x27, 0xbe, 0x07, 0x09, 0xbe, 0x03, 0x39, 0x3a, 0x20, 0x21, 0x00
        BE 07 09 BE 03 39
        3A 20 21 00
   0130 C3 2F 00 22 01 02    30    .db  0xc3, 0x2f, 0x00, 0x22, 0x01, 0x02, 0x27, 0x09, 0x27, 0xfc, 0x0b, 0x3a, 0x1b, 0xba, 0x00, 0x81
        27 09 27 FC 0B 3A
        1B BA 00 81
   0140 0A 27 09 25 7E 0B    31    .db  0x0a, 0x27, 0x09, 0x25, 0x7e, 0x0b, 0x1d, 0x1b, 0x00, 0xdd, 0x08, 0x40, 0x27, 0x81, 0x28, 0x00
        1D 1B 00 DD 08 40
        27 81 28 00
   0150 68 0B 17 00 2F 4C    32    .db  0x68, 0x0b, 0x17, 0x00, 0x2f, 0x4c, 0x00, 0x81, 0x09, 0x30, 0x37, 0x00, 0x08, 0x3e, 0x41, 0x3f
        00 81 09 30 37 00
        08 3E 41 3F
                             33 ;; Address of the latest byte of the compressed array (for unpacking purposes)
                     015F    34 _level16_end == . - 1
                             35 
