ASxxxx Assembler V02.00 + NoICE + SDCC mods  (Zilog Z80 / Hitachi HD64180), page 1.
Hexadecimal [16-Bits]



                              1 ;; File 'src/assets/levels/level7.s' generated using cpct_pack
                              2 ;; Compresor used:   zx7b
                              3 ;; Files compressed: [ 'src/assets/tilemaps/level7.bin' ]
                              4 ;; Uncompressed:     2000 bytes
                              5 ;; Compressed:       283 bytes
                              6 ;; Space saved:      1717 bytes
                              7 ;;
                              8 
                              9 ;; Data array definition
   0000                      10 _level7::
   0000 80 55 3C 55 00 21    11    .db  0x80, 0x55, 0x3c, 0x55, 0x00, 0x21, 0x38, 0x3d, 0x77, 0xc8, 0x83, 0x11, 0x25, 0xba, 0x18, 0xba
        38 3D 77 C8 83 11
        25 BA 18 BA
   0010 27 67 BE 04 B8 19    12    .db  0x27, 0x67, 0xbe, 0x04, 0xb8, 0x19, 0xb8, 0x4f, 0xae, 0x0a, 0x8b, 0x0f, 0x4f, 0x52, 0x27, 0x03
        B8 4F AE 0A 8B 0F
        4F 52 27 03
   0020 DC 73 75 58 5D 36    13    .db  0xdc, 0x73, 0x75, 0x58, 0x5d, 0x36, 0x4c, 0x77, 0x07, 0x42, 0x5d, 0x0f, 0x27, 0x03, 0xf5, 0x09
        4C 77 07 42 5D 0F
        27 03 F5 09
   0030 E8 0F 10 2A 0F 0E    14    .db  0xe8, 0x0f, 0x10, 0x2a, 0x0f, 0x0e, 0x95, 0x27, 0x06, 0x9e, 0x0f, 0x1b, 0x28, 0x03, 0x74, 0x0f
        95 27 06 9E 0F 1B
        28 03 74 0F
   0040 35 87 AB 05 E2 09    15    .db  0x35, 0x87, 0xab, 0x05, 0xe2, 0x09, 0x8b, 0x71, 0x27, 0x69, 0x0c, 0xe0, 0x0f, 0xa3, 0x09, 0x17
        8B 71 27 69 0C E0
        0F A3 09 17
   0050 AF 60 27 61 0C E0    16    .db  0xaf, 0x60, 0x27, 0x61, 0x0c, 0xe0, 0x0f, 0xa1, 0x09, 0x0b, 0x9b, 0x60, 0x86, 0x27, 0x4f, 0xeb
        0F A1 09 0B 9B 60
        86 27 4F EB
   0060 10 0B EE E9 42 29    17    .db  0x10, 0x0b, 0xee, 0xe9, 0x42, 0x29, 0x2a, 0x20, 0xd9, 0x10, 0x88, 0xd7, 0x8b, 0x04, 0x0b, 0xb9
        2A 20 D9 10 88 D7
        8B 04 0B B9
   0070 97 B0 03 31 32 0C    18    .db  0x97, 0xb0, 0x03, 0x31, 0x32, 0x0c, 0x4e, 0x78, 0x8e, 0x01, 0x08, 0x09, 0x27, 0xcb, 0x04, 0x98
        4E 78 8E 01 08 09
        27 CB 04 98
   0080 0B 0B 97 03 EB 39    19    .db  0x0b, 0x0b, 0x97, 0x03, 0xeb, 0x39, 0x3a, 0x0c, 0x0e, 0xe4, 0x01, 0xb8, 0x10, 0x11, 0x2f, 0xaf
        3A 0C 0E E4 01 B8
        10 11 2F AF
   0090 C0 14 DF BC 0D 5D    20    .db  0xc0, 0x14, 0xdf, 0xbc, 0x0d, 0x5d, 0x41, 0x0d, 0x10, 0x1c, 0x4f, 0x0d, 0xd7, 0x00, 0xd4, 0x25
        41 0D 10 1C 4F 0D
        D7 00 D4 25
   00A0 F5 B7 0D D6 00 D4    21    .db  0xf5, 0xb7, 0x0d, 0xd6, 0x00, 0xd4, 0x25, 0x55, 0xc5, 0x27, 0xc6, 0x05, 0x05, 0x00, 0x27, 0x77
        25 55 C5 27 C6 05
        05 00 27 77
   00B0 01 03 04 05 06 27    22    .db  0x01, 0x03, 0x04, 0x05, 0x06, 0x27, 0x61, 0x00, 0x30, 0x2f, 0x50, 0x0b, 0x0c, 0x0d, 0x0e, 0x4f
        61 00 30 2F 50 0B
        0C 0D 0E 4F
   00C0 B0 80 13 14 15 16    23    .db  0xb0, 0x80, 0x13, 0x14, 0x15, 0x16, 0x4f, 0xb0, 0x80, 0x1b, 0x1c, 0x1d, 0x1e, 0x27, 0x30, 0x08
        4F B0 80 1B 1C 1D
        1E 27 30 08
   00D0 86 A9 27 89 23 24    24    .db  0x86, 0xa9, 0x27, 0x89, 0x23, 0x24, 0x25, 0x26, 0x27, 0x30, 0x08, 0x86, 0xa9, 0x1d, 0x89, 0x2b
        25 26 27 30 08 86
        A9 1D 89 2B
   00E0 2C 2D 2E 27 B0 1E    25    .db  0x2c, 0x2d, 0x2e, 0x27, 0xb0, 0x1e, 0xe2, 0x33, 0x34, 0x22, 0x35, 0x36, 0x0e, 0xac, 0x4f, 0x23
        E2 33 34 22 35 36
        0E AC 4F 23
ASxxxx Assembler V02.00 + NoICE + SDCC mods  (Zilog Z80 / Hitachi HD64180), page 2.
Hexadecimal [16-Bits]



   00F0 68 AC 0C 27 38 62    26    .db  0x68, 0xac, 0x0c, 0x27, 0x38, 0x62, 0xac, 0x0c, 0x27, 0x38, 0x08, 0x0e, 0x1a, 0x00, 0x01, 0x20
        AC 0C 27 38 08 0E
        1A 00 01 20
   0100 02 00 02 2F 4F 14    27    .db  0x02, 0x00, 0x02, 0x2f, 0x4f, 0x14, 0x20, 0x28, 0x01, 0x5a, 0x20, 0x40, 0x21, 0x30, 0x28, 0x01
        20 28 01 5A 20 40
        21 30 28 01
   0110 58 18 40 19 30 37    28    .db  0x58, 0x18, 0x40, 0x19, 0x30, 0x37, 0x00, 0x08, 0x3e, 0x41, 0x3f
        00 08 3E 41 3F
                             29 ;; Address of the latest byte of the compressed array (for unpacking purposes)
                     011A    30 _level7_end == . - 1
                             31 
