ASxxxx Assembler V02.00 + NoICE + SDCC mods  (Zilog Z80 / Hitachi HD64180), page 1.
Hexadecimal [16-Bits]



                              1 ;; File 'src/assets/levels/level6.s' generated using cpct_pack
                              2 ;; Compresor used:   zx7b
                              3 ;; Files compressed: [ 'src/assets/tilemaps/level6.bin' ]
                              4 ;; Uncompressed:     2000 bytes
                              5 ;; Compressed:       227 bytes
                              6 ;; Space saved:      1773 bytes
                              7 ;;
                              8 
                              9 ;; Data array definition
   0000                      10 _level6::
   0000 56 55 3C 00 85 38    11    .db  0x56, 0x55, 0x3c, 0x00, 0x85, 0x38, 0x3d, 0x20, 0x28, 0x31, 0x46, 0x0d, 0x02, 0xd7, 0x25, 0x75
        3D 20 28 31 46 0D
        02 D7 25 75
   0010 77 0E DD 46 34 0F    12    .db  0x77, 0x0e, 0xdd, 0x46, 0x34, 0x0f, 0x44, 0x0e, 0x27, 0xe9, 0x2a, 0xa9, 0x44, 0x07, 0xeb, 0x01
        44 0E 27 E9 2A A9
        44 07 EB 01
   0020 08 0F 8C 0F 4F AB    13    .db  0x08, 0x0f, 0x8c, 0x0f, 0x4f, 0xab, 0x4d, 0x4d, 0x07, 0x70, 0x8c, 0x85, 0x27, 0x35, 0x02, 0x0f
        4D 4D 07 70 8C 85
        27 35 02 0F
   0030 53 20 A1 07 2B 8C    14    .db  0x53, 0x20, 0xa1, 0x07, 0x2b, 0x8c, 0xac, 0xdf, 0x12, 0x0f, 0x0a, 0x95, 0x12, 0x27, 0x04, 0x3d
        AC DF 12 0F 0A 95
        12 27 04 3D
   0040 0F 05 35 00 0E 91    15    .db  0x0f, 0x05, 0x35, 0x00, 0x0e, 0x91, 0x4f, 0x3b, 0x2a, 0x97, 0x8c, 0x95, 0x30, 0x27, 0xe2, 0x22
        4F 3B 2A 97 8C 95
        30 27 E2 22
   0050 97 8C 95 30 62 BF    16    .db  0x97, 0x8c, 0x95, 0x30, 0x62, 0xbf, 0x2c, 0x4f, 0x8e, 0x03, 0x3a, 0x15, 0x29, 0x2a, 0x4f, 0xce
        2C 4F 8E 03 3A 15
        29 2A 4F CE
   0060 A8 03 08 09 23 31    17    .db  0xa8, 0x03, 0x08, 0x09, 0x23, 0x31, 0x32, 0x45, 0x2c, 0x27, 0x03, 0xfa, 0x10, 0x11, 0x39, 0x3a
        32 45 2C 27 03 FA
        10 11 39 3A
   0070 08 45 03 4F 2E 8A    18    .db  0x08, 0x45, 0x03, 0x4f, 0x2e, 0x8a, 0x88, 0x38, 0x27, 0xe0, 0x88, 0x88, 0x38, 0x27, 0xe0, 0x28
        88 38 27 E0 88 88
        38 27 E0 28
   0080 A8 00 8B 4F 2B E8    19    .db  0xa8, 0x00, 0x8b, 0x4f, 0x2b, 0xe8, 0x87, 0x84, 0x27, 0x86, 0x3a, 0x87, 0x89, 0x27, 0x29, 0x8a
        87 84 27 86 3A 87
        89 27 29 8A
   0090 00 27 BB 80 03 04    20    .db  0x00, 0x27, 0xbb, 0x80, 0x03, 0x04, 0x05, 0x06, 0x27, 0xb0, 0x80, 0x0b, 0x0c, 0x0d, 0x0e, 0x27
        05 06 27 B0 80 0B
        0C 0D 0E 27
   00A0 B0 80 13 14 15 16    21    .db  0xb0, 0x80, 0x13, 0x14, 0x15, 0x16, 0x27, 0xb0, 0x80, 0x1b, 0x1c, 0x1d, 0x1e, 0x27, 0xb0, 0x80
        27 B0 80 1B 1C 1D
        1E 27 B0 80
   00B0 23 24 25 26 27 B0    22    .db  0x23, 0x24, 0x25, 0x26, 0x27, 0xb0, 0x80, 0x2b, 0x2c, 0x2d, 0x2e, 0x27, 0xb0, 0x0b, 0x81, 0x00
        80 2B 2C 2D 2E 27
        B0 0B 81 00
   00C0 01 02 00 48 2F 33    23    .db  0x01, 0x02, 0x00, 0x48, 0x2f, 0x33, 0x34, 0x10, 0x35, 0x36, 0x2f, 0x2f, 0x4f, 0x10, 0x20, 0x28
        34 10 35 36 2F 2F
        4F 10 20 28
   00D0 01 5A 18 40 19 30    24    .db  0x01, 0x5a, 0x18, 0x40, 0x19, 0x30, 0x28, 0x01, 0x58, 0x20, 0x40, 0x21, 0x30, 0x37, 0x00, 0x08
        28 01 58 20 40 21
        30 37 00 08
   00E0 3E 41 3F             25    .db  0x3e, 0x41, 0x3f
                             26 ;; Address of the latest byte of the compressed array (for unpacking purposes)
                     00E2    27 _level6_end == . - 1
ASxxxx Assembler V02.00 + NoICE + SDCC mods  (Zilog Z80 / Hitachi HD64180), page 2.
Hexadecimal [16-Bits]



                             28 
