ASxxxx Assembler V02.00 + NoICE + SDCC mods  (Zilog Z80 / Hitachi HD64180), page 1.
Hexadecimal [16-Bits]



                              1 ;; File 'src/assets/levels/level18.s' generated using cpct_pack
                              2 ;; Compresor used:   zx7b
                              3 ;; Files compressed: [ 'src/assets/tilemaps/level18.bin' ]
                              4 ;; Uncompressed:     2000 bytes
                              5 ;; Compressed:       317 bytes
                              6 ;; Space saved:      1683 bytes
                              7 ;;
                              8 
                              9 ;; Data array definition
   0000                      10 _level18::
   0000 AB AA 3C 00 42 38    11    .db  0xab, 0xaa, 0x3c, 0x00, 0x42, 0x38, 0x3d, 0x27, 0x90, 0x41, 0x4a, 0x16, 0xf7, 0x03, 0x1f, 0xf5
        3D 27 90 41 4A 16
        F7 03 1F F5
   0010 02 1D 94 07 56 1E    12    .db  0x02, 0x1d, 0x94, 0x07, 0x56, 0x1e, 0x27, 0xe3, 0x09, 0x09, 0x96, 0x2a, 0x9b, 0x1c, 0x02, 0xfa
        27 E3 09 09 96 2A
        9B 1C 02 FA
   0020 2D BB 97 A1 96 B0    13    .db  0x2d, 0xbb, 0x97, 0xa1, 0x96, 0xb0, 0x06, 0x27, 0x24, 0x2b, 0x1f, 0x35, 0x10, 0xdd, 0x97, 0x5d
        06 27 24 2B 1F 35
        10 DD 97 5D
   0030 92 08 05 03 1E 17    14    .db  0x92, 0x08, 0x05, 0x03, 0x1e, 0x17, 0xd3, 0x27, 0x14, 0x05, 0xf5, 0xef, 0xba, 0x45, 0x2f, 0x4e
        D3 27 14 05 F5 EF
        BA 45 2F 4E
   0040 CF 0F 46 08 89 02    15    .db  0xcf, 0x0f, 0x46, 0x08, 0x89, 0x02, 0x07, 0x16, 0x1b, 0xd1, 0x75, 0xef, 0x75, 0x45, 0x27, 0xcc
        07 16 1B D1 75 EF
        75 45 27 CC
   0050 44 D1 75 EF 75 45    16    .db  0x44, 0xd1, 0x75, 0xef, 0x75, 0x45, 0x27, 0xcc, 0x44, 0xa7, 0x63, 0x27, 0x5d, 0x35, 0xa7, 0xd6
        27 CC 44 A7 63 27
        5D 35 A7 D6
   0060 DF 0B 27 4C 55 FF    17    .db  0xdf, 0x0b, 0x27, 0x4c, 0x55, 0xff, 0x58, 0x27, 0x07, 0x00, 0xd5, 0x54, 0x27, 0x53, 0x0d, 0x13
        58 27 07 00 D5 54
        27 53 0D 13
   0070 FE 63 27 34 0D 35    18    .db  0xfe, 0x63, 0x27, 0x34, 0x0d, 0x35, 0x31, 0xfe, 0x46, 0x27, 0x53, 0x0d, 0x34, 0x31, 0xd6, 0x46
        31 FE 46 27 53 0D
        34 31 D6 46
   0080 27 03 44 00 43 DF    19    .db  0x27, 0x03, 0x44, 0x00, 0x43, 0xdf, 0x67, 0x27, 0x74, 0xb5, 0xa3, 0x56, 0x27, 0x5c, 0xa3, 0xad
        67 27 74 B5 A3 56
        27 5C A3 AD
   0090 15 27 57 94 FB 56    20    .db  0x15, 0x27, 0x57, 0x94, 0xfb, 0x56, 0x27, 0x0c, 0x11, 0x31, 0x00, 0xdd, 0x55, 0x27, 0x57, 0x96
        27 0C 11 31 00 DD
        55 27 57 96
   00A0 06 27 07 8C 94 27    21    .db  0x06, 0x27, 0x07, 0x8c, 0x94, 0x27, 0x75, 0x96, 0x65, 0x27, 0x70, 0xc0, 0xfa, 0x18, 0x27, 0x47
        75 96 65 27 70 C0
        FA 18 27 47
   00B0 00 5C 27 57 EE 63    22    .db  0x00, 0x5c, 0x27, 0x57, 0xee, 0x63, 0x27, 0x30, 0x03, 0x04, 0x05, 0x06, 0x18, 0x85, 0x34, 0xd2
        27 30 03 04 05 06
        18 85 34 D2
   00C0 27 C6 14 0B 0C 0D    23    .db  0x27, 0xc6, 0x14, 0x0b, 0x0c, 0x0d, 0x0e, 0x27, 0x61, 0x01, 0x13, 0x14, 0x15, 0x16, 0x27, 0x21
        0E 27 61 01 13 14
        15 16 27 21
   00D0 00 C1 27 53 1B 1C    24    .db  0x00, 0xc1, 0x27, 0x53, 0x1b, 0x1c, 0x1d, 0x1e, 0x27, 0x21, 0x05, 0x27, 0xf5, 0x23, 0x00, 0x27
        1D 1E 27 21 05 27
        F5 23 00 27
   00E0 3F 23 24 25 14 26    25    .db  0x3f, 0x23, 0x24, 0x25, 0x14, 0x26, 0x27, 0x42, 0x09, 0x10, 0x11, 0x27, 0x23, 0xe7, 0x1f, 0x27
        27 42 09 10 11 27
        23 E7 1F 27
ASxxxx Assembler V02.00 + NoICE + SDCC mods  (Zilog Z80 / Hitachi HD64180), page 2.
Hexadecimal [16-Bits]



   00F0 0F 2B 2C 2D 2E 27    26    .db  0x0f, 0x2b, 0x2c, 0x2d, 0x2e, 0x27, 0x85, 0x31, 0x50, 0x32, 0x18, 0x19, 0x27, 0x23, 0x1f, 0xf8
        85 31 50 32 18 19
        27 23 1F F8
   0100 00 0E 4F 33 34 35    27    .db  0x00, 0x0e, 0x4f, 0x33, 0x34, 0x35, 0x36, 0x06, 0x84, 0x00, 0x01, 0x02, 0x00, 0xc5, 0x0c, 0x39
        36 06 84 00 01 02
        00 C5 0C 39
   0110 3A 20 21 0E 27 19    28    .db  0x3a, 0x20, 0x21, 0x0e, 0x27, 0x19, 0xa7, 0x00, 0x29, 0x0a, 0x0d, 0x00, 0x7a, 0x0a, 0x27, 0x19
        A7 00 29 0A 0D 00
        7A 0A 27 19
   0120 9D 00 A6 08 0D 00    29    .db  0x9d, 0x00, 0xa6, 0x08, 0x0d, 0x00, 0xe8, 0x08, 0x27, 0x15, 0x88, 0x28, 0x19, 0x00, 0xd2, 0x14
        E8 08 27 15 88 28
        19 00 D2 14
   0130 09 2F 2F 00 B1 09    30    .db  0x09, 0x2f, 0x2f, 0x00, 0xb1, 0x09, 0x30, 0x37, 0x00, 0x08, 0x3e, 0x41, 0x3f
        30 37 00 08 3E 41
        3F
                             31 ;; Address of the latest byte of the compressed array (for unpacking purposes)
                     013C    32 _level18_end == . - 1
                             33 
