ASxxxx Assembler V02.00 + NoICE + SDCC mods  (Zilog Z80 / Hitachi HD64180), page 1.
Hexadecimal [16-Bits]



                              1 ;; File 'src/assets/levels/level9.s' generated using cpct_pack
                              2 ;; Compresor used:   zx7b
                              3 ;; Files compressed: [ 'src/assets/tilemaps/level9.bin' ]
                              4 ;; Uncompressed:     2000 bytes
                              5 ;; Compressed:       231 bytes
                              6 ;; Space saved:      1769 bytes
                              7 ;;
                              8 
                              9 ;; Data array definition
   0000                      10 _level9::
   0000 AB AA 3C 00 42 38    11    .db  0xab, 0xaa, 0x3c, 0x00, 0x42, 0x38, 0x3d, 0x28, 0x10, 0x28, 0x74, 0xeb, 0x05, 0xe0, 0x35, 0xba
        3D 28 10 28 74 EB
        05 E0 35 BA
   0010 77 B8 57 A6 6A 21    12    .db  0x77, 0xb8, 0x57, 0xa6, 0x6a, 0x21, 0x3c, 0x77, 0xee, 0x0f, 0x00, 0x2a, 0x25, 0x75, 0x27, 0x35
        3C 77 EE 0F 00 2A
        25 75 27 35
   0020 F5 04 D0 19 5D 0F    13    .db  0xf5, 0x04, 0xd0, 0x19, 0x5d, 0x0f, 0x5c, 0x27, 0x02, 0x77, 0x0f, 0x43, 0x20, 0x57, 0x0f, 0x27
        5C 27 02 77 0F 43
        20 57 0F 27
   0030 AD 0F 14 16 0F 09    14    .db  0xad, 0x0f, 0x14, 0x16, 0x0f, 0x09, 0x8d, 0x10, 0x0f, 0x27, 0xab, 0x14, 0x04, 0xc0, 0x21, 0x4f
        8D 10 0F 27 AB 14
        04 C0 21 4F
   0040 D5 51 01 71 05 35    15    .db  0xd5, 0x51, 0x01, 0x71, 0x05, 0x35, 0xf6, 0x25, 0x27, 0x1d, 0x01, 0x5d, 0x05, 0x4d, 0xf6, 0x49
        F6 25 27 1D 01 5D
        05 4D F6 49
   0050 27 17 00 D5 27 5D    16    .db  0x27, 0x17, 0x00, 0xd5, 0x27, 0x5d, 0x03, 0x40, 0x04, 0x05, 0x06, 0x27, 0x58, 0x0b, 0x40, 0x0c
        03 40 04 05 06 27
        58 0B 40 0C
   0060 0D 0E 27 58 13 40    17    .db  0x0d, 0x0e, 0x27, 0x58, 0x13, 0x40, 0x14, 0x15, 0x16, 0x27, 0x58, 0x1b, 0x40, 0x1c, 0x1d, 0x1e
        14 15 16 27 58 1B
        40 1C 1D 1E
   0070 27 58 23 40 24 25    18    .db  0x27, 0x58, 0x23, 0x40, 0x24, 0x25, 0x26, 0x27, 0x58, 0x2b, 0x40, 0x2c, 0x2d, 0x2e, 0x27, 0x18
        26 27 58 2B 40 2C
        2D 2E 27 18
   0080 05 C0 33 34 35 36    19    .db  0x05, 0xc0, 0x33, 0x34, 0x35, 0x36, 0x00, 0x61, 0x45, 0xb6, 0x4f, 0xd8, 0x11, 0x10, 0x71, 0x27
        00 61 45 B6 4F D8
        11 10 71 27
   0090 34 F6 25 C4 87 59    20    .db  0x34, 0xf6, 0x25, 0xc4, 0x87, 0x59, 0x27, 0x4d, 0xf6, 0x09, 0x27, 0x30, 0x40, 0x00, 0xc1, 0x27
        27 4D F6 09 27 30
        40 00 C1 27
   00A0 D5 41 07 0A D7 29    21    .db  0xd5, 0x41, 0x07, 0x0a, 0xd7, 0x29, 0x2a, 0x04, 0x25, 0x27, 0x53, 0x07, 0x1c, 0x01, 0x04, 0x31
        2A 04 25 27 53 07
        1C 01 04 31
   00B0 77 32 2F 08 09 27    22    .db  0x77, 0x32, 0x2f, 0x08, 0x09, 0x27, 0x00, 0x70, 0x2f, 0x00, 0x28, 0x01, 0x02, 0x27, 0x07, 0xec
        00 70 2F 00 28 01
        02 27 07 EC
   00C0 01 B8 04 39 3A 2F    23    .db  0x01, 0xb8, 0x04, 0x39, 0x3a, 0x2f, 0x10, 0x11, 0x4f, 0x83, 0x00, 0x28, 0x14, 0x51, 0x80, 0x27
        10 11 4F 83 00 28
        14 51 80 27
   00D0 01 9B 21 20 30 28    24    .db  0x01, 0x9b, 0x21, 0x20, 0x30, 0x28, 0x0a, 0x14, 0x01, 0x00, 0x2f, 0x01, 0xa6, 0x19, 0x54, 0x18
        0A 14 01 00 2F 01
        A6 19 54 18
   00E0 30 37 00 08 3E 41    25    .db  0x30, 0x37, 0x00, 0x08, 0x3e, 0x41, 0x3f
        3F
                             26 ;; Address of the latest byte of the compressed array (for unpacking purposes)
ASxxxx Assembler V02.00 + NoICE + SDCC mods  (Zilog Z80 / Hitachi HD64180), page 2.
Hexadecimal [16-Bits]



                     00E6    27 _level9_end == . - 1
                             28 
