ASxxxx Assembler V02.00 + NoICE + SDCC mods  (Zilog Z80 / Hitachi HD64180), page 1.
Hexadecimal [16-Bits]



                              1 ;; File 'src/assets/levels/level19.s' generated using cpct_pack
                              2 ;; Compresor used:   zx7b
                              3 ;; Files compressed: [ 'src/assets/tilemaps/level19.bin' ]
                              4 ;; Uncompressed:     2000 bytes
                              5 ;; Compressed:       292 bytes
                              6 ;; Space saved:      1708 bytes
                              7 ;;
                              8 
                              9 ;; Data array definition
   0000                      10 _level19::
   0000 C0 AA 3C 00 AA 10    11    .db  0xc0, 0xaa, 0x3c, 0x00, 0xaa, 0x10, 0x38, 0x3d, 0x28, 0x01, 0xc4, 0x04, 0x06, 0xaf, 0x0f, 0x02
        38 3D 28 01 C4 04
        06 AF 0F 02
   0010 4E 5E 07 48 B5 4F    12    .db  0x4e, 0x5e, 0x07, 0x48, 0xb5, 0x4f, 0x07, 0x00, 0xab, 0x51, 0x04, 0x27, 0x07, 0x5f, 0x25, 0xa1
        07 00 AB 51 04 27
        07 5F 25 A1
   0020 03 18 AF 37 0F 4F    13    .db  0x03, 0x18, 0xaf, 0x37, 0x0f, 0x4f, 0xab, 0x07, 0x44, 0x04, 0x8b, 0x07, 0x00, 0x13, 0xd6, 0x0f
        AB 07 44 04 8B 07
        00 13 D6 0F
   0030 27 D5 18 AE 04 0B    14    .db  0x27, 0xd5, 0x18, 0xae, 0x04, 0x0b, 0xeb, 0x02, 0xba, 0x0f, 0x27, 0x16, 0x00, 0xc1, 0x27, 0x5d
        EB 02 BA 0F 27 16
        00 C1 27 5D
   0040 03 40 04 05 06 27    15    .db  0x03, 0x40, 0x04, 0x05, 0x06, 0x27, 0x58, 0x0b, 0x40, 0x0c, 0x0d, 0x0e, 0x27, 0x58, 0x13, 0x40
        58 0B 40 0C 0D 0E
        27 58 13 40
   0050 14 15 16 27 58 1B    16    .db  0x14, 0x15, 0x16, 0x27, 0x58, 0x1b, 0x40, 0x1c, 0x1d, 0x1e, 0x27, 0x58, 0x23, 0x40, 0x24, 0x25
        40 1C 1D 1E 27 58
        23 40 24 25
   0060 26 27 58 2B 40 2C    17    .db  0x26, 0x27, 0x58, 0x2b, 0x40, 0x2c, 0x2d, 0x2e, 0xff, 0x98, 0x55, 0x07, 0x33, 0x34, 0x35, 0x17
        2D 2E FF 98 55 07
        33 34 35 17
   0070 36 C7 60 55 96 16    18    .db  0x36, 0xc7, 0x60, 0x55, 0x96, 0x16, 0xfe, 0x63, 0x27, 0x75, 0x51, 0x96, 0x16, 0xfe, 0x63, 0x27
        FE 63 27 75 51 96
        16 FE 63 27
   0080 75 41 EE 63 31 D6    19    .db  0x75, 0x41, 0xee, 0x63, 0x31, 0xd6, 0x56, 0x27, 0x53, 0x41, 0xce, 0x21, 0x51, 0x8f, 0x59, 0x93
        56 27 53 41 CE 21
        51 8F 59 93
   0090 95 44 27 07 00 53    20    .db  0x95, 0x44, 0x27, 0x07, 0x00, 0x53, 0x93, 0x12, 0x27, 0x1d, 0x00, 0xd0, 0xeb, 0x8c, 0x44, 0x27
        93 12 27 1D 00 D0
        EB 8C 44 27
   00A0 17 00 C5 27 17 30    21    .db  0x17, 0x00, 0xc5, 0x27, 0x17, 0x30, 0xc0, 0x27, 0x76, 0x01, 0xc4, 0xe3, 0xc0, 0x27, 0x78, 0x01
        C0 27 76 01 C4 E3
        C0 27 78 01
   00B0 C4 E3 C0 18 CB 46    22    .db  0xc4, 0xe3, 0xc0, 0x18, 0xcb, 0x46, 0x8f, 0x95, 0x04, 0x75, 0x94, 0x09, 0x27, 0x31, 0x8f, 0x25
        8F 95 04 75 94 09
        27 31 8F 25
   00C0 08 95 94 84 27 98    23    .db  0x08, 0x95, 0x94, 0x84, 0x27, 0x98, 0xff, 0x31, 0x27, 0x38, 0x88, 0x06, 0x1b, 0xec, 0x21, 0x27
        FF 31 27 38 88 06
        1B EC 21 27
   00D0 66 E7 2C 00 86 27    24    .db  0x66, 0xe7, 0x2c, 0x00, 0x86, 0x27, 0x23, 0x4c, 0x00, 0xf8, 0x27, 0x01, 0x06, 0x98, 0x4c, 0x31
        23 4C 00 F8 27 01
        06 98 4C 31
   00E0 32 27 13 80 10 11    25    .db  0x32, 0x27, 0x13, 0x80, 0x10, 0x11, 0x2f, 0x4c, 0x39, 0x3a, 0x27, 0x98, 0x00, 0x18, 0x19, 0x58
        2F 4C 39 3A 27 98
        00 18 19 58
ASxxxx Assembler V02.00 + NoICE + SDCC mods  (Zilog Z80 / Hitachi HD64180), page 2.
Hexadecimal [16-Bits]



   00F0 24 27 0C 20 40 21    26    .db  0x24, 0x27, 0x0c, 0x20, 0x40, 0x21, 0x58, 0x00, 0xc2, 0x04, 0xd5, 0x00, 0x01, 0x02, 0x00, 0xb1
        58 00 C2 04 D5 00
        01 02 00 B1
   0100 0A 27 0B 7E 27 06    27    .db  0x0a, 0x27, 0x0b, 0x7e, 0x27, 0x06, 0x00, 0x06, 0x0a, 0x27, 0x0b, 0xea, 0x27, 0x0c, 0x00, 0x0c
        00 06 0A 27 0B EA
        27 0C 00 0C
   0110 08 27 54 20 28 0B    28    .db  0x08, 0x27, 0x54, 0x20, 0x28, 0x0b, 0x4a, 0x00, 0x2f, 0x00, 0x57, 0xa0, 0x09, 0x30, 0x37, 0x00
        4A 00 2F 00 57 A0
        09 30 37 00
   0120 08 3E 41 3F          29    .db  0x08, 0x3e, 0x41, 0x3f
                             30 ;; Address of the latest byte of the compressed array (for unpacking purposes)
                     0123    31 _level19_end == . - 1
                             32 
