ASxxxx Assembler V02.00 + NoICE + SDCC mods  (Zilog Z80 / Hitachi HD64180), page 1.
Hexadecimal [16-Bits]



                              1 ;; File 'src/assets/levels/level4.s' generated using cpct_pack
                              2 ;; Compresor used:   zx7b
                              3 ;; Files compressed: [ 'src/assets/tilemaps/level4.bin' ]
                              4 ;; Uncompressed:     2000 bytes
                              5 ;; Compressed:       258 bytes
                              6 ;; Space saved:      1742 bytes
                              7 ;;
                              8 
                              9 ;; Data array definition
   0000                      10 _level4::
   0000 B0 AA 3C 00 2A 04    11    .db  0xb0, 0xaa, 0x3c, 0x00, 0x2a, 0x04, 0x38, 0x3d, 0xbf, 0x89, 0x40, 0x04, 0x4c, 0x0c, 0x5d, 0x0f
        38 3D BF 89 40 04
        4C 0C 5D 0F
   0010 99 C1 08 EF 21 48    12    .db  0x99, 0xc1, 0x08, 0xef, 0x21, 0x48, 0x06, 0x0b, 0x27, 0xfa, 0x2b, 0x09, 0x23, 0xae, 0x77, 0x2e
        06 0B 27 FA 2B 09
        23 AE 77 2E
   0020 20 8E 17 B8 27 0D    13    .db  0x20, 0x8e, 0x17, 0xb8, 0x27, 0x0d, 0xee, 0x2f, 0x9a, 0x4f, 0xba, 0x04, 0xe2, 0x0d, 0x1a, 0x1b
        EE 2F 9A 4F BA 04
        E2 0D 1A 1B
   0030 0F 0B 6A 0F 27 B4    14    .db  0x0f, 0x0b, 0x6a, 0x0f, 0x27, 0xb4, 0x0f, 0xdf, 0x92, 0x54, 0x0f, 0x70, 0x15, 0x82, 0x27, 0xd6
        0F DF 92 54 0F 70
        15 82 27 D6
   0040 11 6E 57 82 18 E7    15    .db  0x11, 0x6e, 0x57, 0x82, 0x18, 0xe7, 0x8c, 0x11, 0x6e, 0x57, 0x82, 0x18, 0xbf, 0x8c, 0x23, 0xd0
        8C 11 6E 57 82 18
        BF 8C 23 D0
   0050 00 4F C7 05 FB 61    16    .db  0x00, 0x4f, 0xc7, 0x05, 0xfb, 0x61, 0x29, 0x2a, 0x27, 0x23, 0xe5, 0x19, 0x2f, 0x47, 0x4f, 0x03
        29 2A 27 23 E5 19
        2F 47 4F 03
   0060 2F 01 1A 08 09 31    17    .db  0x2f, 0x01, 0x1a, 0x08, 0x09, 0x31, 0x32, 0x27, 0x23, 0xe1, 0x19, 0x2f, 0x47, 0x6e, 0x03, 0x2f
        32 27 23 E1 19 2F
        47 6E 03 2F
   0070 01 1A 10 11 39 3A    18    .db  0x01, 0x1a, 0x10, 0x11, 0x39, 0x3a, 0x4f, 0x21, 0x1e, 0x71, 0x4f, 0xc0, 0x10, 0x01, 0x5d, 0x40
        4F 21 1E 71 4F C0
        10 01 5D 40
   0080 BB 27 01 F9 05 BB    19    .db  0xbb, 0x27, 0x01, 0xf9, 0x05, 0xbb, 0x94, 0x27, 0x07, 0x51, 0x00, 0x0c, 0x2f, 0x41, 0x4f, 0x03
        94 27 07 51 00 0C
        2F 41 4F 03
   0090 05 E2 16 A1 0C 83    20    .db  0x05, 0xe2, 0x16, 0xa1, 0x0c, 0x83, 0x10, 0x39, 0x87, 0xa3, 0x16, 0xa1, 0x0c, 0x83, 0x10, 0x29
        10 39 87 A3 16 A1
        0C 83 10 29
   00A0 EC 83 27 89 82 00    21    .db  0xec, 0x83, 0x27, 0x89, 0x82, 0x00, 0x27, 0xbb, 0x80, 0x03, 0x04, 0x05, 0x06, 0x27, 0xb0, 0x80
        27 BB 80 03 04 05
        06 27 B0 80
   00B0 0B 0C 0D 0E 27 B0    22    .db  0x0b, 0x0c, 0x0d, 0x0e, 0x27, 0xb0, 0x80, 0x13, 0x14, 0x15, 0x16, 0x27, 0xb0, 0x80, 0x1b, 0x1c
        80 13 14 15 16 27
        B0 80 1B 1C
   00C0 1D 1E 27 B0 80 23    23    .db  0x1d, 0x1e, 0x27, 0xb0, 0x80, 0x23, 0x24, 0x25, 0x26, 0x27, 0xb0, 0x80, 0x2b, 0x2c, 0x2d, 0x2e
        24 25 26 27 B0 80
        2B 2C 2D 2E
   00D0 27 90 16 00 EB 2F    24    .db  0x27, 0x90, 0x16, 0x00, 0xeb, 0x2f, 0x00, 0x2a, 0x01, 0x02, 0x18, 0x84, 0x33, 0x34, 0x35, 0x36
        00 2A 01 02 18 84
        33 34 35 36
   00E0 2F 4F 20 40 28 14    25    .db  0x2f, 0x4f, 0x20, 0x40, 0x28, 0x14, 0x14, 0x27, 0x3a, 0x31, 0x01, 0x5a, 0x18, 0x19, 0x30, 0x28
        14 27 3A 31 01 5A
        18 19 30 28
ASxxxx Assembler V02.00 + NoICE + SDCC mods  (Zilog Z80 / Hitachi HD64180), page 2.
Hexadecimal [16-Bits]



   00F0 14 85 00 D0 2F 39    26    .db  0x14, 0x85, 0x00, 0xd0, 0x2f, 0x39, 0x01, 0x90, 0x20, 0x55, 0x21, 0x30, 0x37, 0x00, 0x08, 0x3e
        01 90 20 55 21 30
        37 00 08 3E
   0100 41 3F                27    .db  0x41, 0x3f
                             28 ;; Address of the latest byte of the compressed array (for unpacking purposes)
                     0101    29 _level4_end == . - 1
                             30 
