ASxxxx Assembler V02.00 + NoICE + SDCC mods  (Zilog Z80 / Hitachi HD64180), page 1.
Hexadecimal [16-Bits]



                              1 ;; File 'src/assets/levels/level2.s' generated using cpct_pack
                              2 ;; Compresor used:   zx7b
                              3 ;; Files compressed: [ 'src/assets/tilemaps/level2.bin' ]
                              4 ;; Uncompressed:     2000 bytes
                              5 ;; Compressed:       272 bytes
                              6 ;; Space saved:      1728 bytes
                              7 ;;
                              8 
                              9 ;; Data array definition
   0000                      10 _level2::
   0000 56 55 3C 00 85 38    11    .db  0x56, 0x55, 0x3c, 0x00, 0x85, 0x38, 0x3d, 0x20, 0x4f, 0x77, 0xe9, 0x08, 0x10, 0xae, 0x0a, 0x6c
        3D 20 4F 77 E9 08
        10 AE 0A 6C
   0010 EE 68 97 AC 0E 27    12    .db  0xee, 0x68, 0x97, 0xac, 0x0e, 0x27, 0xfa, 0x7c, 0xba, 0x27, 0xe2, 0x40, 0x6a, 0x6e, 0x62, 0xa2
        FA 7C BA 27 E2 40
        6A 6E 62 A2
   0020 27 2E 27 0F 17 28    13    .db  0x27, 0x2e, 0x27, 0x0f, 0x17, 0x28, 0x0f, 0x4f, 0xd5, 0x0f, 0x48, 0xa8, 0x44, 0x27, 0x07, 0x1f
        0F 4F D5 0F 48 A8
        44 27 07 1F
   0030 0F 1F 35 27 60 AA    14    .db  0x0f, 0x1f, 0x35, 0x27, 0x60, 0xaa, 0x0f, 0xe7, 0x22, 0x51, 0x1f, 0x00, 0x5f, 0x14, 0xb9, 0x27
        0F E7 22 51 1F 00
        5F 14 B9 27
   0040 77 D9 5C D7 71 01    15    .db  0x77, 0xd9, 0x5c, 0xd7, 0x71, 0x01, 0x75, 0xb9, 0xc4, 0x27, 0x75, 0xd9, 0x5c, 0xd7, 0x71, 0x01
        75 B9 C4 27 75 D9
        5C D7 71 01
   0050 75 B9 C4 4F 75 40    16    .db  0x75, 0xb9, 0xc4, 0x4f, 0x75, 0x40, 0x15, 0x1c, 0x00, 0x9d, 0xa0, 0x56, 0xaf, 0x67, 0x74, 0xa9
        15 1C 00 9D A0 56
        AF 67 74 A9
   0060 52 D8 2F 27 C0 00    17    .db  0x52, 0xd8, 0x2f, 0x27, 0xc0, 0x00, 0x00, 0xc5, 0x27, 0x5d, 0x03, 0x40, 0x04, 0x05, 0x06, 0x27
        00 C5 27 5D 03 40
        04 05 06 27
   0070 58 0B 40 0C 0D 0E    18    .db  0x58, 0x0b, 0x40, 0x0c, 0x0d, 0x0e, 0x27, 0x58, 0x13, 0x40, 0x14, 0x15, 0x16, 0x27, 0x58, 0x1b
        27 58 13 40 14 15
        16 27 58 1B
   0080 40 1C 1D 1E 27 08    19    .db  0x40, 0x1c, 0x1d, 0x1e, 0x27, 0x08, 0x12, 0x31, 0x23, 0x24, 0x25, 0x15, 0x26, 0x27, 0x42, 0x01
        12 31 23 24 25 15
        26 27 42 01
   0090 7C DD 42 2B 2C 2D    20    .db  0x7c, 0xdd, 0x42, 0x2b, 0x2c, 0x2d, 0x2e, 0x27, 0x21, 0x01, 0xc4, 0xdd, 0x27, 0x33, 0x34, 0x35
        2E 27 21 01 C4 DD
        27 33 34 35
   00A0 14 36 B4 20 27 C1    21    .db  0x14, 0x36, 0xb4, 0x20, 0x27, 0xc1, 0x0f, 0x27, 0xd7, 0x74, 0xf0, 0x46, 0x4f, 0x13, 0x0f, 0x27
        0F 27 D7 74 F0 46
        4F 13 0F 27
   00B0 D7 74 A0 46 4F 13    22    .db  0xd7, 0x74, 0xa0, 0x46, 0x4f, 0x13, 0x0f, 0x00, 0xd7, 0x71, 0x87, 0x52, 0x27, 0x08, 0x73, 0x87
        0F 00 D7 71 87 52
        27 08 73 87
   00C0 9C 00 C1 71 87 52    23    .db  0x9c, 0x00, 0xc1, 0x71, 0x87, 0x52, 0x27, 0x53, 0xc0, 0x27, 0xc6, 0x55, 0x01, 0x00, 0x27, 0x5f
        27 53 C0 27 C6 55
        01 00 27 5F
   00D0 07 75 29 2A 00 64    24    .db  0x07, 0x75, 0x29, 0x2a, 0x00, 0x64, 0x27, 0x1c, 0x07, 0x74, 0x31, 0x32, 0x01, 0x64, 0x08, 0x09
        27 1C 07 74 31 32
        01 64 08 09
   00E0 27 19 07 74 39 3A    25    .db  0x27, 0x19, 0x07, 0x74, 0x39, 0x3a, 0x01, 0x64, 0x10, 0x11, 0x00, 0x19, 0x2f, 0x00, 0x01, 0x02
        01 64 10 11 00 19
        2F 00 01 02
ASxxxx Assembler V02.00 + NoICE + SDCC mods  (Zilog Z80 / Hitachi HD64180), page 2.
Hexadecimal [16-Bits]



   00F0 00 85 2F 4F 50 80    26    .db  0x00, 0x85, 0x2f, 0x4f, 0x50, 0x80, 0x28, 0x0f, 0x68, 0x2f, 0x01, 0x54, 0x88, 0x19, 0x18, 0x30
        28 0F 68 2F 01 54
        88 19 18 30
   0100 28 0F 30 2F 01 2A    27    .db  0x28, 0x0f, 0x30, 0x2f, 0x01, 0x2a, 0x21, 0x44, 0x20, 0x30, 0x37, 0x00, 0x08, 0x3e, 0x41, 0x3f
        21 44 20 30 37 00
        08 3E 41 3F
                             28 ;; Address of the latest byte of the compressed array (for unpacking purposes)
                     010F    29 _level2_end == . - 1
                             30 
