                              1 ;--------------------------------------------------------
                              2 ; File Created by SDCC : free open source ANSI-C Compiler
                              3 ; Version 3.6.8 #9946 (Linux)
                              4 ;--------------------------------------------------------
                              5 	.module enemy
                              6 	.optsdcc -mz80
                              7 	
                              8 ;--------------------------------------------------------
                              9 ; Public variables in this module
                             10 ;--------------------------------------------------------
                             11 	.globl _enemy_sp_2
                             12 	.globl _enemy_sp_1
                             13 	.globl _enemy_sp_0
                             14 ;--------------------------------------------------------
                             15 ; special function registers
                             16 ;--------------------------------------------------------
                             17 ;--------------------------------------------------------
                             18 ; ram data
                             19 ;--------------------------------------------------------
                             20 	.area _DATA
                             21 ;--------------------------------------------------------
                             22 ; ram data
                             23 ;--------------------------------------------------------
                             24 	.area _INITIALIZED
                             25 ;--------------------------------------------------------
                             26 ; absolute external ram data
                             27 ;--------------------------------------------------------
                             28 	.area _DABS (ABS)
                             29 ;--------------------------------------------------------
                             30 ; global & static initialisations
                             31 ;--------------------------------------------------------
                             32 	.area _HOME
                             33 	.area _GSINIT
                             34 	.area _GSFINAL
                             35 	.area _GSINIT
                             36 ;--------------------------------------------------------
                             37 ; Home
                             38 ;--------------------------------------------------------
                             39 	.area _HOME
                             40 	.area _HOME
                             41 ;--------------------------------------------------------
                             42 ; code
                             43 ;--------------------------------------------------------
                             44 	.area _CODE
                             45 	.area _CODE
   0000                      46 _enemy_sp_0:
   0000 00                   47 	.db #0x00	; 0
   0001 00                   48 	.db #0x00	; 0
   0002 05                   49 	.db #0x05	; 5
   0003 0F                   50 	.db #0x0f	; 15
   0004 00                   51 	.db #0x00	; 0
   0005 00                   52 	.db #0x00	; 0
   0006 00                   53 	.db #0x00	; 0
   0007 00                   54 	.db #0x00	; 0
   0008 0F                   55 	.db #0x0f	; 15
   0009 0F                   56 	.db #0x0f	; 15
   000A 0A                   57 	.db #0x0a	; 10
   000B 00                   58 	.db #0x00	; 0
   000C 00                   59 	.db #0x00	; 0
   000D 05                   60 	.db #0x05	; 5
   000E 0D                   61 	.db #0x0d	; 13
   000F 0D                   62 	.db #0x0d	; 13
   0010 0F                   63 	.db #0x0f	; 15
   0011 00                   64 	.db #0x00	; 0
   0012 05                   65 	.db #0x05	; 5
   0013 0F                   66 	.db #0x0f	; 15
   0014 0F                   67 	.db #0x0f	; 15
   0015 0F                   68 	.db #0x0f	; 15
   0016 0F                   69 	.db #0x0f	; 15
   0017 0F                   70 	.db #0x0f	; 15
   0018 00                   71 	.db #0x00	; 0
   0019 27                   72 	.db #0x27	; 39
   001A 15                   73 	.db #0x15	; 21
   001B 05                   74 	.db #0x05	; 5
   001C 0F                   75 	.db #0x0f	; 15
   001D 22                   76 	.db #0x22	; 34
   001E 00                   77 	.db #0x00	; 0
   001F 05                   78 	.db #0x05	; 5
   0020 00                   79 	.db #0x00	; 0
   0021 05                   80 	.db #0x05	; 5
   0022 0F                   81 	.db #0x0f	; 15
   0023 00                   82 	.db #0x00	; 0
   0024 00                   83 	.db #0x00	; 0
   0025 00                   84 	.db #0x00	; 0
   0026 0F                   85 	.db #0x0f	; 15
   0027 0F                   86 	.db #0x0f	; 15
   0028 0A                   87 	.db #0x0a	; 10
   0029 00                   88 	.db #0x00	; 0
   002A 00                   89 	.db #0x00	; 0
   002B 00                   90 	.db #0x00	; 0
   002C 05                   91 	.db #0x05	; 5
   002D 0F                   92 	.db #0x0f	; 15
   002E 00                   93 	.db #0x00	; 0
   002F 00                   94 	.db #0x00	; 0
   0030 00                   95 	.db #0x00	; 0
   0031 05                   96 	.db #0x05	; 5
   0032 3F                   97 	.db #0x3f	; 63
   0033 1F                   98 	.db #0x1f	; 31
   0034 2F                   99 	.db #0x2f	; 47
   0035 00                  100 	.db #0x00	; 0
   0036 00                  101 	.db #0x00	; 0
   0037 0F                  102 	.db #0x0f	; 15
   0038 3F                  103 	.db #0x3f	; 63
   0039 3F                  104 	.db #0x3f	; 63
   003A 0F                  105 	.db #0x0f	; 15
   003B 00                  106 	.db #0x00	; 0
   003C 05                  107 	.db #0x05	; 5
   003D 0A                  108 	.db #0x0a	; 10
   003E 3F                  109 	.db #0x3f	; 63
   003F 2F                  110 	.db #0x2f	; 47
   0040 0A                  111 	.db #0x0a	; 10
   0041 00                  112 	.db #0x00	; 0
   0042 00                  113 	.db #0x00	; 0
   0043 00                  114 	.db #0x00	; 0
   0044 3F                  115 	.db #0x3f	; 63
   0045 3F                  116 	.db #0x3f	; 63
   0046 2A                  117 	.db #0x2a	; 42
   0047 00                  118 	.db #0x00	; 0
   0048 00                  119 	.db #0x00	; 0
   0049 00                  120 	.db #0x00	; 0
   004A 0C                  121 	.db #0x0c	; 12
   004B 0C                  122 	.db #0x0c	; 12
   004C 08                  123 	.db #0x08	; 8
   004D 00                  124 	.db #0x00	; 0
   004E 00                  125 	.db #0x00	; 0
   004F 00                  126 	.db #0x00	; 0
   0050 0C                  127 	.db #0x0c	; 12
   0051 04                  128 	.db #0x04	; 4
   0052 08                  129 	.db #0x08	; 8
   0053 00                  130 	.db #0x00	; 0
   0054 00                  131 	.db #0x00	; 0
   0055 00                  132 	.db #0x00	; 0
   0056 0C                  133 	.db #0x0c	; 12
   0057 04                  134 	.db #0x04	; 4
   0058 08                  135 	.db #0x08	; 8
   0059 00                  136 	.db #0x00	; 0
   005A 00                  137 	.db #0x00	; 0
   005B 00                  138 	.db #0x00	; 0
   005C 0F                  139 	.db #0x0f	; 15
   005D 05                  140 	.db #0x05	; 5
   005E 0A                  141 	.db #0x0a	; 10
   005F 00                  142 	.db #0x00	; 0
   0060                     143 _enemy_sp_1:
   0060 00                  144 	.db #0x00	; 0
   0061 00                  145 	.db #0x00	; 0
   0062 0F                  146 	.db #0x0f	; 15
   0063 0A                  147 	.db #0x0a	; 10
   0064 00                  148 	.db #0x00	; 0
   0065 00                  149 	.db #0x00	; 0
   0066 00                  150 	.db #0x00	; 0
   0067 05                  151 	.db #0x05	; 5
   0068 0F                  152 	.db #0x0f	; 15
   0069 0F                  153 	.db #0x0f	; 15
   006A 00                  154 	.db #0x00	; 0
   006B 00                  155 	.db #0x00	; 0
   006C 00                  156 	.db #0x00	; 0
   006D 0F                  157 	.db #0x0f	; 15
   006E 0E                  158 	.db #0x0e	; 14
   006F 0E                  159 	.db #0x0e	; 14
   0070 0A                  160 	.db #0x0a	; 10
   0071 00                  161 	.db #0x00	; 0
   0072 0F                  162 	.db #0x0f	; 15
   0073 0F                  163 	.db #0x0f	; 15
   0074 0F                  164 	.db #0x0f	; 15
   0075 0F                  165 	.db #0x0f	; 15
   0076 0F                  166 	.db #0x0f	; 15
   0077 0A                  167 	.db #0x0a	; 10
   0078 11                  168 	.db #0x11	; 17
   0079 0F                  169 	.db #0x0f	; 15
   007A 0A                  170 	.db #0x0a	; 10
   007B 2A                  171 	.db #0x2a	; 42
   007C 1B                  172 	.db #0x1b	; 27
   007D 00                  173 	.db #0x00	; 0
   007E 00                  174 	.db #0x00	; 0
   007F 0F                  175 	.db #0x0f	; 15
   0080 0A                  176 	.db #0x0a	; 10
   0081 00                  177 	.db #0x00	; 0
   0082 0A                  178 	.db #0x0a	; 10
   0083 00                  179 	.db #0x00	; 0
   0084 00                  180 	.db #0x00	; 0
   0085 05                  181 	.db #0x05	; 5
   0086 0F                  182 	.db #0x0f	; 15
   0087 0F                  183 	.db #0x0f	; 15
   0088 00                  184 	.db #0x00	; 0
   0089 00                  185 	.db #0x00	; 0
   008A 00                  186 	.db #0x00	; 0
   008B 00                  187 	.db #0x00	; 0
   008C 0F                  188 	.db #0x0f	; 15
   008D 0A                  189 	.db #0x0a	; 10
   008E 00                  190 	.db #0x00	; 0
   008F 00                  191 	.db #0x00	; 0
   0090 00                  192 	.db #0x00	; 0
   0091 1F                  193 	.db #0x1f	; 31
   0092 2F                  194 	.db #0x2f	; 47
   0093 3F                  195 	.db #0x3f	; 63
   0094 0A                  196 	.db #0x0a	; 10
   0095 00                  197 	.db #0x00	; 0
   0096 00                  198 	.db #0x00	; 0
   0097 0F                  199 	.db #0x0f	; 15
   0098 3F                  200 	.db #0x3f	; 63
   0099 3F                  201 	.db #0x3f	; 63
   009A 0F                  202 	.db #0x0f	; 15
   009B 00                  203 	.db #0x00	; 0
   009C 00                  204 	.db #0x00	; 0
   009D 05                  205 	.db #0x05	; 5
   009E 1F                  206 	.db #0x1f	; 31
   009F 3F                  207 	.db #0x3f	; 63
   00A0 05                  208 	.db #0x05	; 5
   00A1 0A                  209 	.db #0x0a	; 10
   00A2 00                  210 	.db #0x00	; 0
   00A3 15                  211 	.db #0x15	; 21
   00A4 3F                  212 	.db #0x3f	; 63
   00A5 3F                  213 	.db #0x3f	; 63
   00A6 00                  214 	.db #0x00	; 0
   00A7 00                  215 	.db #0x00	; 0
   00A8 00                  216 	.db #0x00	; 0
   00A9 04                  217 	.db #0x04	; 4
   00AA 0C                  218 	.db #0x0c	; 12
   00AB 0C                  219 	.db #0x0c	; 12
   00AC 00                  220 	.db #0x00	; 0
   00AD 00                  221 	.db #0x00	; 0
   00AE 00                  222 	.db #0x00	; 0
   00AF 04                  223 	.db #0x04	; 4
   00B0 08                  224 	.db #0x08	; 8
   00B1 0C                  225 	.db #0x0c	; 12
   00B2 00                  226 	.db #0x00	; 0
   00B3 00                  227 	.db #0x00	; 0
   00B4 00                  228 	.db #0x00	; 0
   00B5 04                  229 	.db #0x04	; 4
   00B6 08                  230 	.db #0x08	; 8
   00B7 0C                  231 	.db #0x0c	; 12
   00B8 00                  232 	.db #0x00	; 0
   00B9 00                  233 	.db #0x00	; 0
   00BA 00                  234 	.db #0x00	; 0
   00BB 05                  235 	.db #0x05	; 5
   00BC 0A                  236 	.db #0x0a	; 10
   00BD 0F                  237 	.db #0x0f	; 15
   00BE 00                  238 	.db #0x00	; 0
   00BF 00                  239 	.db #0x00	; 0
   00C0                     240 _enemy_sp_2:
   00C0 00                  241 	.db #0x00	; 0
   00C1 00                  242 	.db #0x00	; 0
   00C2 0F                  243 	.db #0x0f	; 15
   00C3 0A                  244 	.db #0x0a	; 10
   00C4 00                  245 	.db #0x00	; 0
   00C5 00                  246 	.db #0x00	; 0
   00C6 00                  247 	.db #0x00	; 0
   00C7 05                  248 	.db #0x05	; 5
   00C8 0F                  249 	.db #0x0f	; 15
   00C9 0F                  250 	.db #0x0f	; 15
   00CA 00                  251 	.db #0x00	; 0
   00CB 00                  252 	.db #0x00	; 0
   00CC 00                  253 	.db #0x00	; 0
   00CD 0F                  254 	.db #0x0f	; 15
   00CE 0F                  255 	.db #0x0f	; 15
   00CF 0F                  256 	.db #0x0f	; 15
   00D0 0A                  257 	.db #0x0a	; 10
   00D1 00                  258 	.db #0x00	; 0
   00D2 0F                  259 	.db #0x0f	; 15
   00D3 0F                  260 	.db #0x0f	; 15
   00D4 0F                  261 	.db #0x0f	; 15
   00D5 0F                  262 	.db #0x0f	; 15
   00D6 0F                  263 	.db #0x0f	; 15
   00D7 0A                  264 	.db #0x0a	; 10
   00D8 11                  265 	.db #0x11	; 17
   00D9 0F                  266 	.db #0x0f	; 15
   00DA 0F                  267 	.db #0x0f	; 15
   00DB 0F                  268 	.db #0x0f	; 15
   00DC 1B                  269 	.db #0x1b	; 27
   00DD 00                  270 	.db #0x00	; 0
   00DE 00                  271 	.db #0x00	; 0
   00DF 0F                  272 	.db #0x0f	; 15
   00E0 0F                  273 	.db #0x0f	; 15
   00E1 0F                  274 	.db #0x0f	; 15
   00E2 0A                  275 	.db #0x0a	; 10
   00E3 00                  276 	.db #0x00	; 0
   00E4 05                  277 	.db #0x05	; 5
   00E5 05                  278 	.db #0x05	; 5
   00E6 0F                  279 	.db #0x0f	; 15
   00E7 0F                  280 	.db #0x0f	; 15
   00E8 05                  281 	.db #0x05	; 5
   00E9 00                  282 	.db #0x00	; 0
   00EA 05                  283 	.db #0x05	; 5
   00EB 00                  284 	.db #0x00	; 0
   00EC 0F                  285 	.db #0x0f	; 15
   00ED 0A                  286 	.db #0x0a	; 10
   00EE 05                  287 	.db #0x05	; 5
   00EF 00                  288 	.db #0x00	; 0
   00F0 05                  289 	.db #0x05	; 5
   00F1 1F                  290 	.db #0x1f	; 31
   00F2 3F                  291 	.db #0x3f	; 63
   00F3 3F                  292 	.db #0x3f	; 63
   00F4 0F                  293 	.db #0x0f	; 15
   00F5 00                  294 	.db #0x00	; 0
   00F6 00                  295 	.db #0x00	; 0
   00F7 15                  296 	.db #0x15	; 21
   00F8 3F                  297 	.db #0x3f	; 63
   00F9 3F                  298 	.db #0x3f	; 63
   00FA 00                  299 	.db #0x00	; 0
   00FB 00                  300 	.db #0x00	; 0
   00FC 00                  301 	.db #0x00	; 0
   00FD 15                  302 	.db #0x15	; 21
   00FE 3F                  303 	.db #0x3f	; 63
   00FF 3F                  304 	.db #0x3f	; 63
   0100 00                  305 	.db #0x00	; 0
   0101 00                  306 	.db #0x00	; 0
   0102 00                  307 	.db #0x00	; 0
   0103 15                  308 	.db #0x15	; 21
   0104 3F                  309 	.db #0x3f	; 63
   0105 3F                  310 	.db #0x3f	; 63
   0106 00                  311 	.db #0x00	; 0
   0107 00                  312 	.db #0x00	; 0
   0108 00                  313 	.db #0x00	; 0
   0109 04                  314 	.db #0x04	; 4
   010A 0C                  315 	.db #0x0c	; 12
   010B 0C                  316 	.db #0x0c	; 12
   010C 00                  317 	.db #0x00	; 0
   010D 00                  318 	.db #0x00	; 0
   010E 00                  319 	.db #0x00	; 0
   010F 04                  320 	.db #0x04	; 4
   0110 08                  321 	.db #0x08	; 8
   0111 0C                  322 	.db #0x0c	; 12
   0112 00                  323 	.db #0x00	; 0
   0113 00                  324 	.db #0x00	; 0
   0114 00                  325 	.db #0x00	; 0
   0115 04                  326 	.db #0x04	; 4
   0116 08                  327 	.db #0x08	; 8
   0117 0C                  328 	.db #0x0c	; 12
   0118 00                  329 	.db #0x00	; 0
   0119 00                  330 	.db #0x00	; 0
   011A 00                  331 	.db #0x00	; 0
   011B 05                  332 	.db #0x05	; 5
   011C 0A                  333 	.db #0x0a	; 10
   011D 0F                  334 	.db #0x0f	; 15
   011E 00                  335 	.db #0x00	; 0
   011F 00                  336 	.db #0x00	; 0
                            337 	.area _INITIALIZER
                            338 	.area _CABS (ABS)
