                              1 ;--------------------------------------------------------
                              2 ; File Created by SDCC : free open source ANSI-C Compiler
                              3 ; Version 3.6.8 #9946 (Linux)
                              4 ;--------------------------------------------------------
                              5 	.module hammer
                              6 	.optsdcc -mz80
                              7 	
                              8 ;--------------------------------------------------------
                              9 ; Public variables in this module
                             10 ;--------------------------------------------------------
                             11 	.globl _hammer_sp
                             12 ;--------------------------------------------------------
                             13 ; special function registers
                             14 ;--------------------------------------------------------
                             15 ;--------------------------------------------------------
                             16 ; ram data
                             17 ;--------------------------------------------------------
                             18 	.area _DATA
                             19 ;--------------------------------------------------------
                             20 ; ram data
                             21 ;--------------------------------------------------------
                             22 	.area _INITIALIZED
                             23 ;--------------------------------------------------------
                             24 ; absolute external ram data
                             25 ;--------------------------------------------------------
                             26 	.area _DABS (ABS)
                             27 ;--------------------------------------------------------
                             28 ; global & static initialisations
                             29 ;--------------------------------------------------------
                             30 	.area _HOME
                             31 	.area _GSINIT
                             32 	.area _GSFINAL
                             33 	.area _GSINIT
                             34 ;--------------------------------------------------------
                             35 ; Home
                             36 ;--------------------------------------------------------
                             37 	.area _HOME
                             38 	.area _HOME
                             39 ;--------------------------------------------------------
                             40 ; code
                             41 ;--------------------------------------------------------
                             42 	.area _CODE
                             43 	.area _CODE
   0000                      44 _hammer_sp:
   0000 3C                   45 	.db #0x3c	; 60
   0001 28                   46 	.db #0x28	; 40
   0002 3C                   47 	.db #0x3c	; 60
   0003 28                   48 	.db #0x28	; 40
   0004 3C                   49 	.db #0x3c	; 60
   0005 3C                   50 	.db #0x3c	; 60
   0006 14                   51 	.db #0x14	; 20
   0007 00                   52 	.db #0x00	; 0
   0008 04                   53 	.db #0x04	; 4
   0009 00                   54 	.db #0x00	; 0
   000A 04                   55 	.db #0x04	; 4
   000B 00                   56 	.db #0x00	; 0
   000C 04                   57 	.db #0x04	; 4
   000D 00                   58 	.db #0x00	; 0
   000E 04                   59 	.db #0x04	; 4
   000F 00                   60 	.db #0x00	; 0
   0010 04                   61 	.db #0x04	; 4
   0011 00                   62 	.db #0x00	; 0
   0012 04                   63 	.db #0x04	; 4
   0013 00                   64 	.db #0x00	; 0
   0014 04                   65 	.db #0x04	; 4
   0015 00                   66 	.db #0x00	; 0
   0016 04                   67 	.db #0x04	; 4
   0017 00                   68 	.db #0x00	; 0
                             69 	.area _INITIALIZER
                             70 	.area _CABS (ABS)
