                              1 ;--------------------------------------------------------
                              2 ; File Created by SDCC : free open source ANSI-C Compiler
                              3 ; Version 3.6.8 #9946 (Linux)
                              4 ;--------------------------------------------------------
                              5 	.module hammer_lado
                              6 	.optsdcc -mz80
                              7 	
                              8 ;--------------------------------------------------------
                              9 ; Public variables in this module
                             10 ;--------------------------------------------------------
                             11 	.globl _hammer_lado_sp_1
                             12 	.globl _hammer_lado_sp_0
                             13 ;--------------------------------------------------------
                             14 ; special function registers
                             15 ;--------------------------------------------------------
                             16 ;--------------------------------------------------------
                             17 ; ram data
                             18 ;--------------------------------------------------------
                             19 	.area _DATA
                             20 ;--------------------------------------------------------
                             21 ; ram data
                             22 ;--------------------------------------------------------
                             23 	.area _INITIALIZED
                             24 ;--------------------------------------------------------
                             25 ; absolute external ram data
                             26 ;--------------------------------------------------------
                             27 	.area _DABS (ABS)
                             28 ;--------------------------------------------------------
                             29 ; global & static initialisations
                             30 ;--------------------------------------------------------
                             31 	.area _HOME
                             32 	.area _GSINIT
                             33 	.area _GSFINAL
                             34 	.area _GSINIT
                             35 ;--------------------------------------------------------
                             36 ; Home
                             37 ;--------------------------------------------------------
                             38 	.area _HOME
                             39 	.area _HOME
                             40 ;--------------------------------------------------------
                             41 ; code
                             42 ;--------------------------------------------------------
                             43 	.area _CODE
                             44 	.area _CODE
   0000                      45 _hammer_lado_sp_0:
   0000 00                   46 	.db #0x00	; 0
   0001 00                   47 	.db #0x00	; 0
   0002 14                   48 	.db #0x14	; 20
   0003 00                   49 	.db #0x00	; 0
   0004 00                   50 	.db #0x00	; 0
   0005 00                   51 	.db #0x00	; 0
   0006 14                   52 	.db #0x14	; 20
   0007 28                   53 	.db #0x28	; 40
   0008 00                   54 	.db #0x00	; 0
   0009 00                   55 	.db #0x00	; 0
   000A 14                   56 	.db #0x14	; 20
   000B 28                   57 	.db #0x28	; 40
   000C 0C                   58 	.db #0x0c	; 12
   000D 0C                   59 	.db #0x0c	; 12
   000E 1C                   60 	.db #0x1c	; 28
   000F 28                   61 	.db #0x28	; 40
   0010 0C                   62 	.db #0x0c	; 12
   0011 0C                   63 	.db #0x0c	; 12
   0012 1C                   64 	.db #0x1c	; 28
   0013 28                   65 	.db #0x28	; 40
   0014 00                   66 	.db #0x00	; 0
   0015 00                   67 	.db #0x00	; 0
   0016 14                   68 	.db #0x14	; 20
   0017 28                   69 	.db #0x28	; 40
   0018 00                   70 	.db #0x00	; 0
   0019 00                   71 	.db #0x00	; 0
   001A 14                   72 	.db #0x14	; 20
   001B 28                   73 	.db #0x28	; 40
   001C 00                   74 	.db #0x00	; 0
   001D 00                   75 	.db #0x00	; 0
   001E 00                   76 	.db #0x00	; 0
   001F 00                   77 	.db #0x00	; 0
   0020                      78 _hammer_lado_sp_1:
   0020 00                   79 	.db #0x00	; 0
   0021 28                   80 	.db #0x28	; 40
   0022 00                   81 	.db #0x00	; 0
   0023 00                   82 	.db #0x00	; 0
   0024 14                   83 	.db #0x14	; 20
   0025 28                   84 	.db #0x28	; 40
   0026 00                   85 	.db #0x00	; 0
   0027 00                   86 	.db #0x00	; 0
   0028 14                   87 	.db #0x14	; 20
   0029 28                   88 	.db #0x28	; 40
   002A 00                   89 	.db #0x00	; 0
   002B 00                   90 	.db #0x00	; 0
   002C 14                   91 	.db #0x14	; 20
   002D 2C                   92 	.db #0x2c	; 44
   002E 0C                   93 	.db #0x0c	; 12
   002F 0C                   94 	.db #0x0c	; 12
   0030 14                   95 	.db #0x14	; 20
   0031 2C                   96 	.db #0x2c	; 44
   0032 0C                   97 	.db #0x0c	; 12
   0033 0C                   98 	.db #0x0c	; 12
   0034 14                   99 	.db #0x14	; 20
   0035 28                  100 	.db #0x28	; 40
   0036 00                  101 	.db #0x00	; 0
   0037 00                  102 	.db #0x00	; 0
   0038 14                  103 	.db #0x14	; 20
   0039 28                  104 	.db #0x28	; 40
   003A 00                  105 	.db #0x00	; 0
   003B 00                  106 	.db #0x00	; 0
   003C 00                  107 	.db #0x00	; 0
   003D 00                  108 	.db #0x00	; 0
   003E 00                  109 	.db #0x00	; 0
   003F 00                  110 	.db #0x00	; 0
                            111 	.area _INITIALIZER
                            112 	.area _CABS (ABS)
