                              1 ;--------------------------------------------------------
                              2 ; File Created by SDCC : free open source ANSI-C Compiler
                              3 ; Version 3.6.8 #9946 (Linux)
                              4 ;--------------------------------------------------------
                              5 	.module key
                              6 	.optsdcc -mz80
                              7 	
                              8 ;--------------------------------------------------------
                              9 ; Public variables in this module
                             10 ;--------------------------------------------------------
                             11 	.globl _key_sp
                             12 ;--------------------------------------------------------
                             13 ; special function registers
                             14 ;--------------------------------------------------------
                             15 ;--------------------------------------------------------
                             16 ; ram data
                             17 ;--------------------------------------------------------
                             18 	.area _DATA
                             19 ;--------------------------------------------------------
                             20 ; ram data
                             21 ;--------------------------------------------------------
                             22 	.area _INITIALIZED
                             23 ;--------------------------------------------------------
                             24 ; absolute external ram data
                             25 ;--------------------------------------------------------
                             26 	.area _DABS (ABS)
                             27 ;--------------------------------------------------------
                             28 ; global & static initialisations
                             29 ;--------------------------------------------------------
                             30 	.area _HOME
                             31 	.area _GSINIT
                             32 	.area _GSFINAL
                             33 	.area _GSINIT
                             34 ;--------------------------------------------------------
                             35 ; Home
                             36 ;--------------------------------------------------------
                             37 	.area _HOME
                             38 	.area _HOME
                             39 ;--------------------------------------------------------
                             40 ; code
                             41 ;--------------------------------------------------------
                             42 	.area _CODE
                             43 	.area _CODE
   0000                      44 _key_sp:
   0000 11                   45 	.db #0x11	; 17
   0001 22                   46 	.db #0x22	; 34
   0002 22                   47 	.db #0x22	; 34
   0003 11                   48 	.db #0x11	; 17
   0004 11                   49 	.db #0x11	; 17
   0005 22                   50 	.db #0x22	; 34
   0006 11                   51 	.db #0x11	; 17
   0007 00                   52 	.db #0x00	; 0
   0008 11                   53 	.db #0x11	; 17
   0009 00                   54 	.db #0x00	; 0
   000A 11                   55 	.db #0x11	; 17
   000B 33                   56 	.db #0x33	; 51	'3'
   000C 11                   57 	.db #0x11	; 17
   000D 00                   58 	.db #0x00	; 0
   000E 11                   59 	.db #0x11	; 17
   000F 33                   60 	.db #0x33	; 51	'3'
                             61 	.area _INITIALIZER
                             62 	.area _CABS (ABS)
