                              1 ;--------------------------------------------------------
                              2 ; File Created by SDCC : free open source ANSI-C Compiler
                              3 ; Version 3.6.8 #9946 (Linux)
                              4 ;--------------------------------------------------------
                              5 	.module tilesProt
                              6 	.optsdcc -mz80
                              7 	
                              8 ;--------------------------------------------------------
                              9 ; Public variables in this module
                             10 ;--------------------------------------------------------
                             11 	.globl _tiles0_sp_63
                             12 	.globl _tiles0_sp_62
                             13 	.globl _tiles0_sp_61
                             14 	.globl _tiles0_sp_60
                             15 	.globl _tiles0_sp_59
                             16 	.globl _tiles0_sp_58
                             17 	.globl _tiles0_sp_57
                             18 	.globl _tiles0_sp_56
                             19 	.globl _tiles0_sp_55
                             20 	.globl _tiles0_sp_54
                             21 	.globl _tiles0_sp_53
                             22 	.globl _tiles0_sp_52
                             23 	.globl _tiles0_sp_51
                             24 	.globl _tiles0_sp_50
                             25 	.globl _tiles0_sp_49
                             26 	.globl _tiles0_sp_48
                             27 	.globl _tiles0_sp_47
                             28 	.globl _tiles0_sp_46
                             29 	.globl _tiles0_sp_45
                             30 	.globl _tiles0_sp_44
                             31 	.globl _tiles0_sp_43
                             32 	.globl _tiles0_sp_42
                             33 	.globl _tiles0_sp_41
                             34 	.globl _tiles0_sp_40
                             35 	.globl _tiles0_sp_39
                             36 	.globl _tiles0_sp_38
                             37 	.globl _tiles0_sp_37
                             38 	.globl _tiles0_sp_36
                             39 	.globl _tiles0_sp_35
                             40 	.globl _tiles0_sp_34
                             41 	.globl _tiles0_sp_33
                             42 	.globl _tiles0_sp_32
                             43 	.globl _tiles0_sp_31
                             44 	.globl _tiles0_sp_30
                             45 	.globl _tiles0_sp_29
                             46 	.globl _tiles0_sp_28
                             47 	.globl _tiles0_sp_27
                             48 	.globl _tiles0_sp_26
                             49 	.globl _tiles0_sp_25
                             50 	.globl _tiles0_sp_24
                             51 	.globl _tiles0_sp_23
                             52 	.globl _tiles0_sp_22
                             53 	.globl _tiles0_sp_21
                             54 	.globl _tiles0_sp_20
                             55 	.globl _tiles0_sp_19
                             56 	.globl _tiles0_sp_18
                             57 	.globl _tiles0_sp_17
                             58 	.globl _tiles0_sp_16
                             59 	.globl _tiles0_sp_15
                             60 	.globl _tiles0_sp_14
                             61 	.globl _tiles0_sp_13
                             62 	.globl _tiles0_sp_12
                             63 	.globl _tiles0_sp_11
                             64 	.globl _tiles0_sp_10
                             65 	.globl _tiles0_sp_09
                             66 	.globl _tiles0_sp_08
                             67 	.globl _tiles0_sp_07
                             68 	.globl _tiles0_sp_06
                             69 	.globl _tiles0_sp_05
                             70 	.globl _tiles0_sp_04
                             71 	.globl _tiles0_sp_03
                             72 	.globl _tiles0_sp_02
                             73 	.globl _tiles0_sp_01
                             74 	.globl _tiles0_sp_00
                             75 	.globl _tilesProt
                             76 ;--------------------------------------------------------
                             77 ; special function registers
                             78 ;--------------------------------------------------------
                             79 ;--------------------------------------------------------
                             80 ; ram data
                             81 ;--------------------------------------------------------
                             82 	.area _DATA
                             83 ;--------------------------------------------------------
                             84 ; ram data
                             85 ;--------------------------------------------------------
                             86 	.area _INITIALIZED
                             87 ;--------------------------------------------------------
                             88 ; absolute external ram data
                             89 ;--------------------------------------------------------
                             90 	.area _DABS (ABS)
                             91 ;--------------------------------------------------------
                             92 ; global & static initialisations
                             93 ;--------------------------------------------------------
                             94 	.area _HOME
                             95 	.area _GSINIT
                             96 	.area _GSFINAL
                             97 	.area _GSINIT
                             98 ;--------------------------------------------------------
                             99 ; Home
                            100 ;--------------------------------------------------------
                            101 	.area _HOME
                            102 	.area _HOME
                            103 ;--------------------------------------------------------
                            104 ; code
                            105 ;--------------------------------------------------------
                            106 	.area _CODE
                            107 	.area _CODE
   0000                     108 _tilesProt:
   0000r80r00               109 	.dw _tiles0_sp_00
   0002r88r00               110 	.dw _tiles0_sp_01
   0004r90r00               111 	.dw _tiles0_sp_02
   0006r98r00               112 	.dw _tiles0_sp_03
   0008rA0r00               113 	.dw _tiles0_sp_04
   000ArA8r00               114 	.dw _tiles0_sp_05
   000CrB0r00               115 	.dw _tiles0_sp_06
   000ErB8r00               116 	.dw _tiles0_sp_07
   0010rC0r00               117 	.dw _tiles0_sp_08
   0012rC8r00               118 	.dw _tiles0_sp_09
   0014rD0r00               119 	.dw _tiles0_sp_10
   0016rD8r00               120 	.dw _tiles0_sp_11
   0018rE0r00               121 	.dw _tiles0_sp_12
   001ArE8r00               122 	.dw _tiles0_sp_13
   001CrF0r00               123 	.dw _tiles0_sp_14
   001ErF8r00               124 	.dw _tiles0_sp_15
   0020r00r01               125 	.dw _tiles0_sp_16
   0022r08r01               126 	.dw _tiles0_sp_17
   0024r10r01               127 	.dw _tiles0_sp_18
   0026r18r01               128 	.dw _tiles0_sp_19
   0028r20r01               129 	.dw _tiles0_sp_20
   002Ar28r01               130 	.dw _tiles0_sp_21
   002Cr30r01               131 	.dw _tiles0_sp_22
   002Er38r01               132 	.dw _tiles0_sp_23
   0030r40r01               133 	.dw _tiles0_sp_24
   0032r48r01               134 	.dw _tiles0_sp_25
   0034r50r01               135 	.dw _tiles0_sp_26
   0036r58r01               136 	.dw _tiles0_sp_27
   0038r60r01               137 	.dw _tiles0_sp_28
   003Ar68r01               138 	.dw _tiles0_sp_29
   003Cr70r01               139 	.dw _tiles0_sp_30
   003Er78r01               140 	.dw _tiles0_sp_31
   0040r80r01               141 	.dw _tiles0_sp_32
   0042r88r01               142 	.dw _tiles0_sp_33
   0044r90r01               143 	.dw _tiles0_sp_34
   0046r98r01               144 	.dw _tiles0_sp_35
   0048rA0r01               145 	.dw _tiles0_sp_36
   004ArA8r01               146 	.dw _tiles0_sp_37
   004CrB0r01               147 	.dw _tiles0_sp_38
   004ErB8r01               148 	.dw _tiles0_sp_39
   0050rC0r01               149 	.dw _tiles0_sp_40
   0052rC8r01               150 	.dw _tiles0_sp_41
   0054rD0r01               151 	.dw _tiles0_sp_42
   0056rD8r01               152 	.dw _tiles0_sp_43
   0058rE0r01               153 	.dw _tiles0_sp_44
   005ArE8r01               154 	.dw _tiles0_sp_45
   005CrF0r01               155 	.dw _tiles0_sp_46
   005ErF8r01               156 	.dw _tiles0_sp_47
   0060r00r02               157 	.dw _tiles0_sp_48
   0062r08r02               158 	.dw _tiles0_sp_49
   0064r10r02               159 	.dw _tiles0_sp_50
   0066r18r02               160 	.dw _tiles0_sp_51
   0068r20r02               161 	.dw _tiles0_sp_52
   006Ar28r02               162 	.dw _tiles0_sp_53
   006Cr30r02               163 	.dw _tiles0_sp_54
   006Er38r02               164 	.dw _tiles0_sp_55
   0070r40r02               165 	.dw _tiles0_sp_56
   0072r48r02               166 	.dw _tiles0_sp_57
   0074r50r02               167 	.dw _tiles0_sp_58
   0076r58r02               168 	.dw _tiles0_sp_59
   0078r60r02               169 	.dw _tiles0_sp_60
   007Ar68r02               170 	.dw _tiles0_sp_61
   007Cr70r02               171 	.dw _tiles0_sp_62
   007Er78r02               172 	.dw _tiles0_sp_63
   0080                     173 _tiles0_sp_00:
   0080 80                  174 	.db #0x80	; 128
   0081 00                  175 	.db #0x00	; 0
   0082 C0                  176 	.db #0xc0	; 192
   0083 C0                  177 	.db #0xc0	; 192
   0084 80                  178 	.db #0x80	; 128
   0085 00                  179 	.db #0x00	; 0
   0086 C0                  180 	.db #0xc0	; 192
   0087 C0                  181 	.db #0xc0	; 192
   0088                     182 _tiles0_sp_01:
   0088 00                  183 	.db #0x00	; 0
   0089 00                  184 	.db #0x00	; 0
   008A C0                  185 	.db #0xc0	; 192
   008B C0                  186 	.db #0xc0	; 192
   008C 00                  187 	.db #0x00	; 0
   008D 00                  188 	.db #0x00	; 0
   008E C0                  189 	.db #0xc0	; 192
   008F C0                  190 	.db #0xc0	; 192
   0090                     191 _tiles0_sp_02:
   0090 00                  192 	.db #0x00	; 0
   0091 40                  193 	.db #0x40	; 64
   0092 C0                  194 	.db #0xc0	; 192
   0093 C0                  195 	.db #0xc0	; 192
   0094 00                  196 	.db #0x00	; 0
   0095 40                  197 	.db #0x40	; 64
   0096 C0                  198 	.db #0xc0	; 192
   0097 C0                  199 	.db #0xc0	; 192
   0098                     200 _tiles0_sp_03:
   0098 C0                  201 	.db #0xc0	; 192
   0099 C0                  202 	.db #0xc0	; 192
   009A 80                  203 	.db #0x80	; 128
   009B 00                  204 	.db #0x00	; 0
   009C 80                  205 	.db #0x80	; 128
   009D C0                  206 	.db #0xc0	; 192
   009E 80                  207 	.db #0x80	; 128
   009F C0                  208 	.db #0xc0	; 192
   00A0                     209 _tiles0_sp_04:
   00A0 C0                  210 	.db #0xc0	; 192
   00A1 C0                  211 	.db #0xc0	; 192
   00A2 00                  212 	.db #0x00	; 0
   00A3 00                  213 	.db #0x00	; 0
   00A4 C0                  214 	.db #0xc0	; 192
   00A5 C0                  215 	.db #0xc0	; 192
   00A6 C0                  216 	.db #0xc0	; 192
   00A7 C0                  217 	.db #0xc0	; 192
   00A8                     218 _tiles0_sp_05:
   00A8 C0                  219 	.db #0xc0	; 192
   00A9 C0                  220 	.db #0xc0	; 192
   00AA 00                  221 	.db #0x00	; 0
   00AB 00                  222 	.db #0x00	; 0
   00AC C0                  223 	.db #0xc0	; 192
   00AD C0                  224 	.db #0xc0	; 192
   00AE C0                  225 	.db #0xc0	; 192
   00AF C0                  226 	.db #0xc0	; 192
   00B0                     227 _tiles0_sp_06:
   00B0 C0                  228 	.db #0xc0	; 192
   00B1 C0                  229 	.db #0xc0	; 192
   00B2 00                  230 	.db #0x00	; 0
   00B3 40                  231 	.db #0x40	; 64
   00B4 C0                  232 	.db #0xc0	; 192
   00B5 40                  233 	.db #0x40	; 64
   00B6 C0                  234 	.db #0xc0	; 192
   00B7 40                  235 	.db #0x40	; 64
   00B8                     236 _tiles0_sp_07:
   00B8 00                  237 	.db #0x00	; 0
   00B9 00                  238 	.db #0x00	; 0
   00BA 00                  239 	.db #0x00	; 0
   00BB 2A                  240 	.db #0x2a	; 42
   00BC 00                  241 	.db #0x00	; 0
   00BD 00                  242 	.db #0x00	; 0
   00BE 2A                  243 	.db #0x2a	; 42
   00BF 00                  244 	.db #0x00	; 0
   00C0                     245 _tiles0_sp_08:
   00C0 00                  246 	.db #0x00	; 0
   00C1 00                  247 	.db #0x00	; 0
   00C2 00                  248 	.db #0x00	; 0
   00C3 00                  249 	.db #0x00	; 0
   00C4 00                  250 	.db #0x00	; 0
   00C5 05                  251 	.db #0x05	; 5
   00C6 05                  252 	.db #0x05	; 5
   00C7 05                  253 	.db #0x05	; 5
   00C8                     254 _tiles0_sp_09:
   00C8 00                  255 	.db #0x00	; 0
   00C9 00                  256 	.db #0x00	; 0
   00CA 0A                  257 	.db #0x0a	; 10
   00CB 00                  258 	.db #0x00	; 0
   00CC 0A                  259 	.db #0x0a	; 10
   00CD 00                  260 	.db #0x00	; 0
   00CE 0F                  261 	.db #0x0f	; 15
   00CF 0F                  262 	.db #0x0f	; 15
   00D0                     263 _tiles0_sp_10:
   00D0 00                  264 	.db #0x00	; 0
   00D1 00                  265 	.db #0x00	; 0
   00D2 00                  266 	.db #0x00	; 0
   00D3 00                  267 	.db #0x00	; 0
   00D4 00                  268 	.db #0x00	; 0
   00D5 00                  269 	.db #0x00	; 0
   00D6 00                  270 	.db #0x00	; 0
   00D7 00                  271 	.db #0x00	; 0
   00D8                     272 _tiles0_sp_11:
   00D8 80                  273 	.db #0x80	; 128
   00D9 C0                  274 	.db #0xc0	; 192
   00DA 80                  275 	.db #0x80	; 128
   00DB C0                  276 	.db #0xc0	; 192
   00DC 80                  277 	.db #0x80	; 128
   00DD C0                  278 	.db #0xc0	; 192
   00DE 80                  279 	.db #0x80	; 128
   00DF C0                  280 	.db #0xc0	; 192
   00E0                     281 _tiles0_sp_12:
   00E0 C0                  282 	.db #0xc0	; 192
   00E1 C0                  283 	.db #0xc0	; 192
   00E2 C0                  284 	.db #0xc0	; 192
   00E3 C0                  285 	.db #0xc0	; 192
   00E4 C0                  286 	.db #0xc0	; 192
   00E5 C0                  287 	.db #0xc0	; 192
   00E6 C0                  288 	.db #0xc0	; 192
   00E7 C0                  289 	.db #0xc0	; 192
   00E8                     290 _tiles0_sp_13:
   00E8 C0                  291 	.db #0xc0	; 192
   00E9 C0                  292 	.db #0xc0	; 192
   00EA C0                  293 	.db #0xc0	; 192
   00EB C0                  294 	.db #0xc0	; 192
   00EC C0                  295 	.db #0xc0	; 192
   00ED C0                  296 	.db #0xc0	; 192
   00EE C0                  297 	.db #0xc0	; 192
   00EF C0                  298 	.db #0xc0	; 192
   00F0                     299 _tiles0_sp_14:
   00F0 C0                  300 	.db #0xc0	; 192
   00F1 40                  301 	.db #0x40	; 64
   00F2 C0                  302 	.db #0xc0	; 192
   00F3 40                  303 	.db #0x40	; 64
   00F4 C0                  304 	.db #0xc0	; 192
   00F5 40                  305 	.db #0x40	; 64
   00F6 C0                  306 	.db #0xc0	; 192
   00F7 40                  307 	.db #0x40	; 64
   00F8                     308 _tiles0_sp_15:
   00F8 00                  309 	.db #0x00	; 0
   00F9 00                  310 	.db #0x00	; 0
   00FA 00                  311 	.db #0x00	; 0
   00FB 00                  312 	.db #0x00	; 0
   00FC 00                  313 	.db #0x00	; 0
   00FD 2A                  314 	.db #0x2a	; 42
   00FE 00                  315 	.db #0x00	; 0
   00FF 00                  316 	.db #0x00	; 0
   0100                     317 _tiles0_sp_16:
   0100 0F                  318 	.db #0x0f	; 15
   0101 0F                  319 	.db #0x0f	; 15
   0102 05                  320 	.db #0x05	; 5
   0103 0F                  321 	.db #0x0f	; 15
   0104 00                  322 	.db #0x00	; 0
   0105 05                  323 	.db #0x05	; 5
   0106 0F                  324 	.db #0x0f	; 15
   0107 0F                  325 	.db #0x0f	; 15
   0108                     326 _tiles0_sp_17:
   0108 0D                  327 	.db #0x0d	; 13
   0109 0A                  328 	.db #0x0a	; 10
   010A 0F                  329 	.db #0x0f	; 15
   010B 0F                  330 	.db #0x0f	; 15
   010C 0F                  331 	.db #0x0f	; 15
   010D 0F                  332 	.db #0x0f	; 15
   010E 0F                  333 	.db #0x0f	; 15
   010F 0F                  334 	.db #0x0f	; 15
   0110                     335 _tiles0_sp_18:
   0110 00                  336 	.db #0x00	; 0
   0111 00                  337 	.db #0x00	; 0
   0112 00                  338 	.db #0x00	; 0
   0113 00                  339 	.db #0x00	; 0
   0114 00                  340 	.db #0x00	; 0
   0115 00                  341 	.db #0x00	; 0
   0116 00                  342 	.db #0x00	; 0
   0117 00                  343 	.db #0x00	; 0
   0118                     344 _tiles0_sp_19:
   0118 80                  345 	.db #0x80	; 128
   0119 C0                  346 	.db #0xc0	; 192
   011A 80                  347 	.db #0x80	; 128
   011B C0                  348 	.db #0xc0	; 192
   011C 80                  349 	.db #0x80	; 128
   011D C0                  350 	.db #0xc0	; 192
   011E 80                  351 	.db #0x80	; 128
   011F C0                  352 	.db #0xc0	; 192
   0120                     353 _tiles0_sp_20:
   0120 C0                  354 	.db #0xc0	; 192
   0121 C0                  355 	.db #0xc0	; 192
   0122 C0                  356 	.db #0xc0	; 192
   0123 C0                  357 	.db #0xc0	; 192
   0124 C0                  358 	.db #0xc0	; 192
   0125 C0                  359 	.db #0xc0	; 192
   0126 C0                  360 	.db #0xc0	; 192
   0127 C0                  361 	.db #0xc0	; 192
   0128                     362 _tiles0_sp_21:
   0128 C0                  363 	.db #0xc0	; 192
   0129 C0                  364 	.db #0xc0	; 192
   012A C0                  365 	.db #0xc0	; 192
   012B C0                  366 	.db #0xc0	; 192
   012C C0                  367 	.db #0xc0	; 192
   012D C0                  368 	.db #0xc0	; 192
   012E C0                  369 	.db #0xc0	; 192
   012F C0                  370 	.db #0xc0	; 192
   0130                     371 _tiles0_sp_22:
   0130 C0                  372 	.db #0xc0	; 192
   0131 40                  373 	.db #0x40	; 64
   0132 C0                  374 	.db #0xc0	; 192
   0133 40                  375 	.db #0x40	; 64
   0134 C0                  376 	.db #0xc0	; 192
   0135 40                  377 	.db #0x40	; 64
   0136 C0                  378 	.db #0xc0	; 192
   0137 40                  379 	.db #0x40	; 64
   0138                     380 _tiles0_sp_23:
   0138 2A                  381 	.db #0x2a	; 42
   0139 00                  382 	.db #0x00	; 0
   013A 00                  383 	.db #0x00	; 0
   013B 2A                  384 	.db #0x2a	; 42
   013C 00                  385 	.db #0x00	; 0
   013D 00                  386 	.db #0x00	; 0
   013E 00                  387 	.db #0x00	; 0
   013F 00                  388 	.db #0x00	; 0
   0140                     389 _tiles0_sp_24:
   0140 30                  390 	.db #0x30	; 48	'0'
   0141 20                  391 	.db #0x20	; 32
   0142 30                  392 	.db #0x30	; 48	'0'
   0143 20                  393 	.db #0x20	; 32
   0144 30                  394 	.db #0x30	; 48	'0'
   0145 20                  395 	.db #0x20	; 32
   0146 00                  396 	.db #0x00	; 0
   0147 00                  397 	.db #0x00	; 0
   0148                     398 _tiles0_sp_25:
   0148 10                  399 	.db #0x10	; 16
   0149 30                  400 	.db #0x30	; 48	'0'
   014A 10                  401 	.db #0x10	; 16
   014B 30                  402 	.db #0x30	; 48	'0'
   014C 10                  403 	.db #0x10	; 16
   014D 30                  404 	.db #0x30	; 48	'0'
   014E 00                  405 	.db #0x00	; 0
   014F 00                  406 	.db #0x00	; 0
   0150                     407 _tiles0_sp_26:
   0150 00                  408 	.db #0x00	; 0
   0151 00                  409 	.db #0x00	; 0
   0152 00                  410 	.db #0x00	; 0
   0153 00                  411 	.db #0x00	; 0
   0154 00                  412 	.db #0x00	; 0
   0155 00                  413 	.db #0x00	; 0
   0156 00                  414 	.db #0x00	; 0
   0157 00                  415 	.db #0x00	; 0
   0158                     416 _tiles0_sp_27:
   0158 80                  417 	.db #0x80	; 128
   0159 C0                  418 	.db #0xc0	; 192
   015A 80                  419 	.db #0x80	; 128
   015B C0                  420 	.db #0xc0	; 192
   015C 80                  421 	.db #0x80	; 128
   015D C0                  422 	.db #0xc0	; 192
   015E 80                  423 	.db #0x80	; 128
   015F C0                  424 	.db #0xc0	; 192
   0160                     425 _tiles0_sp_28:
   0160 C0                  426 	.db #0xc0	; 192
   0161 C0                  427 	.db #0xc0	; 192
   0162 C0                  428 	.db #0xc0	; 192
   0163 C0                  429 	.db #0xc0	; 192
   0164 C0                  430 	.db #0xc0	; 192
   0165 C0                  431 	.db #0xc0	; 192
   0166 C0                  432 	.db #0xc0	; 192
   0167 C0                  433 	.db #0xc0	; 192
   0168                     434 _tiles0_sp_29:
   0168 C0                  435 	.db #0xc0	; 192
   0169 80                  436 	.db #0x80	; 128
   016A C0                  437 	.db #0xc0	; 192
   016B 80                  438 	.db #0x80	; 128
   016C C0                  439 	.db #0xc0	; 192
   016D C0                  440 	.db #0xc0	; 192
   016E C0                  441 	.db #0xc0	; 192
   016F C0                  442 	.db #0xc0	; 192
   0170                     443 _tiles0_sp_30:
   0170 40                  444 	.db #0x40	; 64
   0171 40                  445 	.db #0x40	; 64
   0172 40                  446 	.db #0x40	; 64
   0173 40                  447 	.db #0x40	; 64
   0174 C0                  448 	.db #0xc0	; 192
   0175 40                  449 	.db #0x40	; 64
   0176 C0                  450 	.db #0xc0	; 192
   0177 40                  451 	.db #0x40	; 64
   0178                     452 _tiles0_sp_31:
   0178 00                  453 	.db #0x00	; 0
   0179 00                  454 	.db #0x00	; 0
   017A 00                  455 	.db #0x00	; 0
   017B 00                  456 	.db #0x00	; 0
   017C 00                  457 	.db #0x00	; 0
   017D 00                  458 	.db #0x00	; 0
   017E 00                  459 	.db #0x00	; 0
   017F 00                  460 	.db #0x00	; 0
   0180                     461 _tiles0_sp_32:
   0180 10                  462 	.db #0x10	; 16
   0181 30                  463 	.db #0x30	; 48	'0'
   0182 10                  464 	.db #0x10	; 16
   0183 30                  465 	.db #0x30	; 48	'0'
   0184 10                  466 	.db #0x10	; 16
   0185 30                  467 	.db #0x30	; 48	'0'
   0186 00                  468 	.db #0x00	; 0
   0187 00                  469 	.db #0x00	; 0
   0188                     470 _tiles0_sp_33:
   0188 30                  471 	.db #0x30	; 48	'0'
   0189 20                  472 	.db #0x20	; 32
   018A 30                  473 	.db #0x30	; 48	'0'
   018B 20                  474 	.db #0x20	; 32
   018C 30                  475 	.db #0x30	; 48	'0'
   018D 20                  476 	.db #0x20	; 32
   018E 00                  477 	.db #0x00	; 0
   018F 00                  478 	.db #0x00	; 0
   0190                     479 _tiles0_sp_34:
   0190 00                  480 	.db #0x00	; 0
   0191 00                  481 	.db #0x00	; 0
   0192 00                  482 	.db #0x00	; 0
   0193 00                  483 	.db #0x00	; 0
   0194 00                  484 	.db #0x00	; 0
   0195 00                  485 	.db #0x00	; 0
   0196 00                  486 	.db #0x00	; 0
   0197 00                  487 	.db #0x00	; 0
   0198                     488 _tiles0_sp_35:
   0198 80                  489 	.db #0x80	; 128
   0199 C0                  490 	.db #0xc0	; 192
   019A 80                  491 	.db #0x80	; 128
   019B C0                  492 	.db #0xc0	; 192
   019C 80                  493 	.db #0x80	; 128
   019D C0                  494 	.db #0xc0	; 192
   019E 80                  495 	.db #0x80	; 128
   019F C0                  496 	.db #0xc0	; 192
   01A0                     497 _tiles0_sp_36:
   01A0 C0                  498 	.db #0xc0	; 192
   01A1 C0                  499 	.db #0xc0	; 192
   01A2 C0                  500 	.db #0xc0	; 192
   01A3 C0                  501 	.db #0xc0	; 192
   01A4 C0                  502 	.db #0xc0	; 192
   01A5 C0                  503 	.db #0xc0	; 192
   01A6 C0                  504 	.db #0xc0	; 192
   01A7 C0                  505 	.db #0xc0	; 192
   01A8                     506 _tiles0_sp_37:
   01A8 C0                  507 	.db #0xc0	; 192
   01A9 C0                  508 	.db #0xc0	; 192
   01AA C0                  509 	.db #0xc0	; 192
   01AB C0                  510 	.db #0xc0	; 192
   01AC C0                  511 	.db #0xc0	; 192
   01AD C0                  512 	.db #0xc0	; 192
   01AE C0                  513 	.db #0xc0	; 192
   01AF C0                  514 	.db #0xc0	; 192
   01B0                     515 _tiles0_sp_38:
   01B0 C0                  516 	.db #0xc0	; 192
   01B1 40                  517 	.db #0x40	; 64
   01B2 C0                  518 	.db #0xc0	; 192
   01B3 40                  519 	.db #0x40	; 64
   01B4 C0                  520 	.db #0xc0	; 192
   01B5 40                  521 	.db #0x40	; 64
   01B6 C0                  522 	.db #0xc0	; 192
   01B7 40                  523 	.db #0x40	; 64
   01B8                     524 _tiles0_sp_39:
   01B8 00                  525 	.db #0x00	; 0
   01B9 00                  526 	.db #0x00	; 0
   01BA 00                  527 	.db #0x00	; 0
   01BB 00                  528 	.db #0x00	; 0
   01BC 00                  529 	.db #0x00	; 0
   01BD 00                  530 	.db #0x00	; 0
   01BE 00                  531 	.db #0x00	; 0
   01BF 00                  532 	.db #0x00	; 0
   01C0                     533 _tiles0_sp_40:
   01C0 30                  534 	.db #0x30	; 48	'0'
   01C1 00                  535 	.db #0x00	; 0
   01C2 30                  536 	.db #0x30	; 48	'0'
   01C3 00                  537 	.db #0x00	; 0
   01C4 30                  538 	.db #0x30	; 48	'0'
   01C5 00                  539 	.db #0x00	; 0
   01C6 30                  540 	.db #0x30	; 48	'0'
   01C7 00                  541 	.db #0x00	; 0
   01C8                     542 _tiles0_sp_41:
   01C8 00                  543 	.db #0x00	; 0
   01C9 00                  544 	.db #0x00	; 0
   01CA 00                  545 	.db #0x00	; 0
   01CB 3C                  546 	.db #0x3c	; 60
   01CC 00                  547 	.db #0x00	; 0
   01CD 33                  548 	.db #0x33	; 51	'3'
   01CE 00                  549 	.db #0x00	; 0
   01CF 33                  550 	.db #0x33	; 51	'3'
   01D0                     551 _tiles0_sp_42:
   01D0 00                  552 	.db #0x00	; 0
   01D1 00                  553 	.db #0x00	; 0
   01D2 3C                  554 	.db #0x3c	; 60
   01D3 28                  555 	.db #0x28	; 40
   01D4 39                  556 	.db #0x39	; 57	'9'
   01D5 22                  557 	.db #0x22	; 34
   01D6 39                  558 	.db #0x39	; 57	'9'
   01D7 22                  559 	.db #0x22	; 34
   01D8                     560 _tiles0_sp_43:
   01D8 80                  561 	.db #0x80	; 128
   01D9 C0                  562 	.db #0xc0	; 192
   01DA 80                  563 	.db #0x80	; 128
   01DB C0                  564 	.db #0xc0	; 192
   01DC 80                  565 	.db #0x80	; 128
   01DD C0                  566 	.db #0xc0	; 192
   01DE 80                  567 	.db #0x80	; 128
   01DF C0                  568 	.db #0xc0	; 192
   01E0                     569 _tiles0_sp_44:
   01E0 C0                  570 	.db #0xc0	; 192
   01E1 C0                  571 	.db #0xc0	; 192
   01E2 C0                  572 	.db #0xc0	; 192
   01E3 C0                  573 	.db #0xc0	; 192
   01E4 C0                  574 	.db #0xc0	; 192
   01E5 C0                  575 	.db #0xc0	; 192
   01E6 C0                  576 	.db #0xc0	; 192
   01E7 C0                  577 	.db #0xc0	; 192
   01E8                     578 _tiles0_sp_45:
   01E8 C0                  579 	.db #0xc0	; 192
   01E9 C0                  580 	.db #0xc0	; 192
   01EA C0                  581 	.db #0xc0	; 192
   01EB C0                  582 	.db #0xc0	; 192
   01EC C0                  583 	.db #0xc0	; 192
   01ED C0                  584 	.db #0xc0	; 192
   01EE C0                  585 	.db #0xc0	; 192
   01EF C0                  586 	.db #0xc0	; 192
   01F0                     587 _tiles0_sp_46:
   01F0 C0                  588 	.db #0xc0	; 192
   01F1 40                  589 	.db #0x40	; 64
   01F2 C0                  590 	.db #0xc0	; 192
   01F3 40                  591 	.db #0x40	; 64
   01F4 C0                  592 	.db #0xc0	; 192
   01F5 40                  593 	.db #0x40	; 64
   01F6 C0                  594 	.db #0xc0	; 192
   01F7 40                  595 	.db #0x40	; 64
   01F8                     596 _tiles0_sp_47:
   01F8 00                  597 	.db #0x00	; 0
   01F9 00                  598 	.db #0x00	; 0
   01FA 00                  599 	.db #0x00	; 0
   01FB 00                  600 	.db #0x00	; 0
   01FC 00                  601 	.db #0x00	; 0
   01FD 00                  602 	.db #0x00	; 0
   01FE 00                  603 	.db #0x00	; 0
   01FF 00                  604 	.db #0x00	; 0
   0200                     605 _tiles0_sp_48:
   0200 00                  606 	.db #0x00	; 0
   0201 30                  607 	.db #0x30	; 48	'0'
   0202 00                  608 	.db #0x00	; 0
   0203 30                  609 	.db #0x30	; 48	'0'
   0204 00                  610 	.db #0x00	; 0
   0205 30                  611 	.db #0x30	; 48	'0'
   0206 00                  612 	.db #0x00	; 0
   0207 30                  613 	.db #0x30	; 48	'0'
   0208                     614 _tiles0_sp_49:
   0208 00                  615 	.db #0x00	; 0
   0209 00                  616 	.db #0x00	; 0
   020A 00                  617 	.db #0x00	; 0
   020B 00                  618 	.db #0x00	; 0
   020C 00                  619 	.db #0x00	; 0
   020D 00                  620 	.db #0x00	; 0
   020E 00                  621 	.db #0x00	; 0
   020F 00                  622 	.db #0x00	; 0
   0210                     623 _tiles0_sp_50:
   0210 28                  624 	.db #0x28	; 40
   0211 00                  625 	.db #0x00	; 0
   0212 28                  626 	.db #0x28	; 40
   0213 00                  627 	.db #0x00	; 0
   0214 28                  628 	.db #0x28	; 40
   0215 00                  629 	.db #0x00	; 0
   0216 28                  630 	.db #0x28	; 40
   0217 00                  631 	.db #0x00	; 0
   0218                     632 _tiles0_sp_51:
   0218 80                  633 	.db #0x80	; 128
   0219 C0                  634 	.db #0xc0	; 192
   021A 80                  635 	.db #0x80	; 128
   021B C0                  636 	.db #0xc0	; 192
   021C 80                  637 	.db #0x80	; 128
   021D C0                  638 	.db #0xc0	; 192
   021E 80                  639 	.db #0x80	; 128
   021F C0                  640 	.db #0xc0	; 192
   0220                     641 _tiles0_sp_52:
   0220 C0                  642 	.db #0xc0	; 192
   0221 C0                  643 	.db #0xc0	; 192
   0222 C0                  644 	.db #0xc0	; 192
   0223 C0                  645 	.db #0xc0	; 192
   0224 C0                  646 	.db #0xc0	; 192
   0225 C0                  647 	.db #0xc0	; 192
   0226 C0                  648 	.db #0xc0	; 192
   0227 C0                  649 	.db #0xc0	; 192
   0228                     650 _tiles0_sp_53:
   0228 C0                  651 	.db #0xc0	; 192
   0229 C0                  652 	.db #0xc0	; 192
   022A C0                  653 	.db #0xc0	; 192
   022B C0                  654 	.db #0xc0	; 192
   022C C0                  655 	.db #0xc0	; 192
   022D C0                  656 	.db #0xc0	; 192
   022E C0                  657 	.db #0xc0	; 192
   022F C0                  658 	.db #0xc0	; 192
   0230                     659 _tiles0_sp_54:
   0230 C0                  660 	.db #0xc0	; 192
   0231 40                  661 	.db #0x40	; 64
   0232 C0                  662 	.db #0xc0	; 192
   0233 40                  663 	.db #0x40	; 64
   0234 C0                  664 	.db #0xc0	; 192
   0235 40                  665 	.db #0x40	; 64
   0236 C0                  666 	.db #0xc0	; 192
   0237 40                  667 	.db #0x40	; 64
   0238                     668 _tiles0_sp_55:
   0238 30                  669 	.db #0x30	; 48	'0'
   0239 00                  670 	.db #0x00	; 0
   023A 30                  671 	.db #0x30	; 48	'0'
   023B 00                  672 	.db #0x00	; 0
   023C 30                  673 	.db #0x30	; 48	'0'
   023D 30                  674 	.db #0x30	; 48	'0'
   023E 30                  675 	.db #0x30	; 48	'0'
   023F 30                  676 	.db #0x30	; 48	'0'
   0240                     677 _tiles0_sp_56:
   0240 30                  678 	.db #0x30	; 48	'0'
   0241 30                  679 	.db #0x30	; 48	'0'
   0242 30                  680 	.db #0x30	; 48	'0'
   0243 30                  681 	.db #0x30	; 48	'0'
   0244 00                  682 	.db #0x00	; 0
   0245 00                  683 	.db #0x00	; 0
   0246 00                  684 	.db #0x00	; 0
   0247 00                  685 	.db #0x00	; 0
   0248                     686 _tiles0_sp_57:
   0248 00                  687 	.db #0x00	; 0
   0249 00                  688 	.db #0x00	; 0
   024A 00                  689 	.db #0x00	; 0
   024B 00                  690 	.db #0x00	; 0
   024C 00                  691 	.db #0x00	; 0
   024D 00                  692 	.db #0x00	; 0
   024E 00                  693 	.db #0x00	; 0
   024F 00                  694 	.db #0x00	; 0
   0250                     695 _tiles0_sp_58:
   0250 28                  696 	.db #0x28	; 40
   0251 00                  697 	.db #0x00	; 0
   0252 28                  698 	.db #0x28	; 40
   0253 00                  699 	.db #0x00	; 0
   0254 28                  700 	.db #0x28	; 40
   0255 00                  701 	.db #0x00	; 0
   0256 28                  702 	.db #0x28	; 40
   0257 00                  703 	.db #0x00	; 0
   0258                     704 _tiles0_sp_59:
   0258 00                  705 	.db #0x00	; 0
   0259 00                  706 	.db #0x00	; 0
   025A 00                  707 	.db #0x00	; 0
   025B 00                  708 	.db #0x00	; 0
   025C 00                  709 	.db #0x00	; 0
   025D 00                  710 	.db #0x00	; 0
   025E 00                  711 	.db #0x00	; 0
   025F 00                  712 	.db #0x00	; 0
   0260                     713 _tiles0_sp_60:
   0260 30                  714 	.db #0x30	; 48	'0'
   0261 30                  715 	.db #0x30	; 48	'0'
   0262 30                  716 	.db #0x30	; 48	'0'
   0263 30                  717 	.db #0x30	; 48	'0'
   0264 30                  718 	.db #0x30	; 48	'0'
   0265 00                  719 	.db #0x00	; 0
   0266 30                  720 	.db #0x30	; 48	'0'
   0267 00                  721 	.db #0x00	; 0
   0268                     722 _tiles0_sp_61:
   0268 30                  723 	.db #0x30	; 48	'0'
   0269 30                  724 	.db #0x30	; 48	'0'
   026A 30                  725 	.db #0x30	; 48	'0'
   026B 30                  726 	.db #0x30	; 48	'0'
   026C 00                  727 	.db #0x00	; 0
   026D 30                  728 	.db #0x30	; 48	'0'
   026E 00                  729 	.db #0x00	; 0
   026F 30                  730 	.db #0x30	; 48	'0'
   0270                     731 _tiles0_sp_62:
   0270 00                  732 	.db #0x00	; 0
   0271 00                  733 	.db #0x00	; 0
   0272 00                  734 	.db #0x00	; 0
   0273 00                  735 	.db #0x00	; 0
   0274 30                  736 	.db #0x30	; 48	'0'
   0275 30                  737 	.db #0x30	; 48	'0'
   0276 30                  738 	.db #0x30	; 48	'0'
   0277 30                  739 	.db #0x30	; 48	'0'
   0278                     740 _tiles0_sp_63:
   0278 00                  741 	.db #0x00	; 0
   0279 30                  742 	.db #0x30	; 48	'0'
   027A 00                  743 	.db #0x00	; 0
   027B 30                  744 	.db #0x30	; 48	'0'
   027C 30                  745 	.db #0x30	; 48	'0'
   027D 30                  746 	.db #0x30	; 48	'0'
   027E 30                  747 	.db #0x30	; 48	'0'
   027F 30                  748 	.db #0x30	; 48	'0'
                            749 	.area _INITIALIZER
                            750 	.area _CABS (ABS)
