                              1 ;--------------------------------------------------------
                              2 ; File Created by SDCC : free open source ANSI-C Compiler
                              3 ; Version 3.6.8 #9946 (Linux)
                              4 ;--------------------------------------------------------
                              5 	.module tilesPrince
                              6 	.optsdcc -mz80
                              7 	
                              8 ;--------------------------------------------------------
                              9 ; Public variables in this module
                             10 ;--------------------------------------------------------
                             11 	.globl _tiles2_sp_103
                             12 	.globl _tiles2_sp_102
                             13 	.globl _tiles2_sp_101
                             14 	.globl _tiles2_sp_100
                             15 	.globl _tiles2_sp_099
                             16 	.globl _tiles2_sp_098
                             17 	.globl _tiles2_sp_097
                             18 	.globl _tiles2_sp_096
                             19 	.globl _tiles2_sp_095
                             20 	.globl _tiles2_sp_094
                             21 	.globl _tiles2_sp_093
                             22 	.globl _tiles2_sp_092
                             23 	.globl _tiles2_sp_091
                             24 	.globl _tiles2_sp_090
                             25 	.globl _tiles2_sp_089
                             26 	.globl _tiles2_sp_088
                             27 	.globl _tiles2_sp_087
                             28 	.globl _tiles2_sp_086
                             29 	.globl _tiles2_sp_085
                             30 	.globl _tiles2_sp_084
                             31 	.globl _tiles2_sp_083
                             32 	.globl _tiles2_sp_082
                             33 	.globl _tiles2_sp_081
                             34 	.globl _tiles2_sp_080
                             35 	.globl _tiles2_sp_079
                             36 	.globl _tiles2_sp_078
                             37 	.globl _tiles2_sp_077
                             38 	.globl _tiles2_sp_076
                             39 	.globl _tiles2_sp_075
                             40 	.globl _tiles2_sp_074
                             41 	.globl _tiles2_sp_073
                             42 	.globl _tiles2_sp_072
                             43 	.globl _tiles2_sp_071
                             44 	.globl _tiles2_sp_070
                             45 	.globl _tiles2_sp_069
                             46 	.globl _tiles2_sp_068
                             47 	.globl _tiles2_sp_067
                             48 	.globl _tiles2_sp_066
                             49 	.globl _tiles2_sp_065
                             50 	.globl _tiles2_sp_064
                             51 	.globl _tiles2_sp_063
                             52 	.globl _tiles2_sp_062
                             53 	.globl _tiles2_sp_061
                             54 	.globl _tiles2_sp_060
                             55 	.globl _tiles2_sp_059
                             56 	.globl _tiles2_sp_058
                             57 	.globl _tiles2_sp_057
                             58 	.globl _tiles2_sp_056
                             59 	.globl _tiles2_sp_055
                             60 	.globl _tiles2_sp_054
                             61 	.globl _tiles2_sp_053
                             62 	.globl _tiles2_sp_052
                             63 	.globl _tiles2_sp_051
                             64 	.globl _tiles2_sp_050
                             65 	.globl _tiles2_sp_049
                             66 	.globl _tiles2_sp_048
                             67 	.globl _tiles2_sp_047
                             68 	.globl _tiles2_sp_046
                             69 	.globl _tiles2_sp_045
                             70 	.globl _tiles2_sp_044
                             71 	.globl _tiles2_sp_043
                             72 	.globl _tiles2_sp_042
                             73 	.globl _tiles2_sp_041
                             74 	.globl _tiles2_sp_040
                             75 	.globl _tiles2_sp_039
                             76 	.globl _tiles2_sp_038
                             77 	.globl _tiles2_sp_037
                             78 	.globl _tiles2_sp_036
                             79 	.globl _tiles2_sp_035
                             80 	.globl _tiles2_sp_034
                             81 	.globl _tiles2_sp_033
                             82 	.globl _tiles2_sp_032
                             83 	.globl _tiles2_sp_031
                             84 	.globl _tiles2_sp_030
                             85 	.globl _tiles2_sp_029
                             86 	.globl _tiles2_sp_028
                             87 	.globl _tiles2_sp_027
                             88 	.globl _tiles2_sp_026
                             89 	.globl _tiles2_sp_025
                             90 	.globl _tiles2_sp_024
                             91 	.globl _tiles2_sp_023
                             92 	.globl _tiles2_sp_022
                             93 	.globl _tiles2_sp_021
                             94 	.globl _tiles2_sp_020
                             95 	.globl _tiles2_sp_019
                             96 	.globl _tiles2_sp_018
                             97 	.globl _tiles2_sp_017
                             98 	.globl _tiles2_sp_016
                             99 	.globl _tiles2_sp_015
                            100 	.globl _tiles2_sp_014
                            101 	.globl _tiles2_sp_013
                            102 	.globl _tiles2_sp_012
                            103 	.globl _tiles2_sp_011
                            104 	.globl _tiles2_sp_010
                            105 	.globl _tiles2_sp_009
                            106 	.globl _tiles2_sp_008
                            107 	.globl _tiles2_sp_007
                            108 	.globl _tiles2_sp_006
                            109 	.globl _tiles2_sp_005
                            110 	.globl _tiles2_sp_004
                            111 	.globl _tiles2_sp_003
                            112 	.globl _tiles2_sp_002
                            113 	.globl _tiles2_sp_001
                            114 	.globl _tiles2_sp_000
                            115 	.globl _tilesPrince
                            116 ;--------------------------------------------------------
                            117 ; special function registers
                            118 ;--------------------------------------------------------
                            119 ;--------------------------------------------------------
                            120 ; ram data
                            121 ;--------------------------------------------------------
                            122 	.area _DATA
                            123 ;--------------------------------------------------------
                            124 ; ram data
                            125 ;--------------------------------------------------------
                            126 	.area _INITIALIZED
                            127 ;--------------------------------------------------------
                            128 ; absolute external ram data
                            129 ;--------------------------------------------------------
                            130 	.area _DABS (ABS)
                            131 ;--------------------------------------------------------
                            132 ; global & static initialisations
                            133 ;--------------------------------------------------------
                            134 	.area _HOME
                            135 	.area _GSINIT
                            136 	.area _GSFINAL
                            137 	.area _GSINIT
                            138 ;--------------------------------------------------------
                            139 ; Home
                            140 ;--------------------------------------------------------
                            141 	.area _HOME
                            142 	.area _HOME
                            143 ;--------------------------------------------------------
                            144 ; code
                            145 ;--------------------------------------------------------
                            146 	.area _CODE
                            147 	.area _CODE
   0000                     148 _tilesPrince:
   0000rD0r00               149 	.dw _tiles2_sp_000
   0002rD8r00               150 	.dw _tiles2_sp_001
   0004rE0r00               151 	.dw _tiles2_sp_002
   0006rE8r00               152 	.dw _tiles2_sp_003
   0008rF0r00               153 	.dw _tiles2_sp_004
   000ArF8r00               154 	.dw _tiles2_sp_005
   000Cr00r01               155 	.dw _tiles2_sp_006
   000Er08r01               156 	.dw _tiles2_sp_007
   0010r10r01               157 	.dw _tiles2_sp_008
   0012r18r01               158 	.dw _tiles2_sp_009
   0014r20r01               159 	.dw _tiles2_sp_010
   0016r28r01               160 	.dw _tiles2_sp_011
   0018r30r01               161 	.dw _tiles2_sp_012
   001Ar38r01               162 	.dw _tiles2_sp_013
   001Cr40r01               163 	.dw _tiles2_sp_014
   001Er48r01               164 	.dw _tiles2_sp_015
   0020r50r01               165 	.dw _tiles2_sp_016
   0022r58r01               166 	.dw _tiles2_sp_017
   0024r60r01               167 	.dw _tiles2_sp_018
   0026r68r01               168 	.dw _tiles2_sp_019
   0028r70r01               169 	.dw _tiles2_sp_020
   002Ar78r01               170 	.dw _tiles2_sp_021
   002Cr80r01               171 	.dw _tiles2_sp_022
   002Er88r01               172 	.dw _tiles2_sp_023
   0030r90r01               173 	.dw _tiles2_sp_024
   0032r98r01               174 	.dw _tiles2_sp_025
   0034rA0r01               175 	.dw _tiles2_sp_026
   0036rA8r01               176 	.dw _tiles2_sp_027
   0038rB0r01               177 	.dw _tiles2_sp_028
   003ArB8r01               178 	.dw _tiles2_sp_029
   003CrC0r01               179 	.dw _tiles2_sp_030
   003ErC8r01               180 	.dw _tiles2_sp_031
   0040rD0r01               181 	.dw _tiles2_sp_032
   0042rD8r01               182 	.dw _tiles2_sp_033
   0044rE0r01               183 	.dw _tiles2_sp_034
   0046rE8r01               184 	.dw _tiles2_sp_035
   0048rF0r01               185 	.dw _tiles2_sp_036
   004ArF8r01               186 	.dw _tiles2_sp_037
   004Cr00r02               187 	.dw _tiles2_sp_038
   004Er08r02               188 	.dw _tiles2_sp_039
   0050r10r02               189 	.dw _tiles2_sp_040
   0052r18r02               190 	.dw _tiles2_sp_041
   0054r20r02               191 	.dw _tiles2_sp_042
   0056r28r02               192 	.dw _tiles2_sp_043
   0058r30r02               193 	.dw _tiles2_sp_044
   005Ar38r02               194 	.dw _tiles2_sp_045
   005Cr40r02               195 	.dw _tiles2_sp_046
   005Er48r02               196 	.dw _tiles2_sp_047
   0060r50r02               197 	.dw _tiles2_sp_048
   0062r58r02               198 	.dw _tiles2_sp_049
   0064r60r02               199 	.dw _tiles2_sp_050
   0066r68r02               200 	.dw _tiles2_sp_051
   0068r70r02               201 	.dw _tiles2_sp_052
   006Ar78r02               202 	.dw _tiles2_sp_053
   006Cr80r02               203 	.dw _tiles2_sp_054
   006Er88r02               204 	.dw _tiles2_sp_055
   0070r90r02               205 	.dw _tiles2_sp_056
   0072r98r02               206 	.dw _tiles2_sp_057
   0074rA0r02               207 	.dw _tiles2_sp_058
   0076rA8r02               208 	.dw _tiles2_sp_059
   0078rB0r02               209 	.dw _tiles2_sp_060
   007ArB8r02               210 	.dw _tiles2_sp_061
   007CrC0r02               211 	.dw _tiles2_sp_062
   007ErC8r02               212 	.dw _tiles2_sp_063
   0080rD0r02               213 	.dw _tiles2_sp_064
   0082rD8r02               214 	.dw _tiles2_sp_065
   0084rE0r02               215 	.dw _tiles2_sp_066
   0086rE8r02               216 	.dw _tiles2_sp_067
   0088rF0r02               217 	.dw _tiles2_sp_068
   008ArF8r02               218 	.dw _tiles2_sp_069
   008Cr00r03               219 	.dw _tiles2_sp_070
   008Er08r03               220 	.dw _tiles2_sp_071
   0090r10r03               221 	.dw _tiles2_sp_072
   0092r18r03               222 	.dw _tiles2_sp_073
   0094r20r03               223 	.dw _tiles2_sp_074
   0096r28r03               224 	.dw _tiles2_sp_075
   0098r30r03               225 	.dw _tiles2_sp_076
   009Ar38r03               226 	.dw _tiles2_sp_077
   009Cr40r03               227 	.dw _tiles2_sp_078
   009Er48r03               228 	.dw _tiles2_sp_079
   00A0r50r03               229 	.dw _tiles2_sp_080
   00A2r58r03               230 	.dw _tiles2_sp_081
   00A4r60r03               231 	.dw _tiles2_sp_082
   00A6r68r03               232 	.dw _tiles2_sp_083
   00A8r70r03               233 	.dw _tiles2_sp_084
   00AAr78r03               234 	.dw _tiles2_sp_085
   00ACr80r03               235 	.dw _tiles2_sp_086
   00AEr88r03               236 	.dw _tiles2_sp_087
   00B0r90r03               237 	.dw _tiles2_sp_088
   00B2r98r03               238 	.dw _tiles2_sp_089
   00B4rA0r03               239 	.dw _tiles2_sp_090
   00B6rA8r03               240 	.dw _tiles2_sp_091
   00B8rB0r03               241 	.dw _tiles2_sp_092
   00BArB8r03               242 	.dw _tiles2_sp_093
   00BCrC0r03               243 	.dw _tiles2_sp_094
   00BErC8r03               244 	.dw _tiles2_sp_095
   00C0rD0r03               245 	.dw _tiles2_sp_096
   00C2rD8r03               246 	.dw _tiles2_sp_097
   00C4rE0r03               247 	.dw _tiles2_sp_098
   00C6rE8r03               248 	.dw _tiles2_sp_099
   00C8rF0r03               249 	.dw _tiles2_sp_100
   00CArF8r03               250 	.dw _tiles2_sp_101
   00CCr00r04               251 	.dw _tiles2_sp_102
   00CEr08r04               252 	.dw _tiles2_sp_103
   00D0                     253 _tiles2_sp_000:
   00D0 00                  254 	.db #0x00	; 0
   00D1 00                  255 	.db #0x00	; 0
   00D2 00                  256 	.db #0x00	; 0
   00D3 40                  257 	.db #0x40	; 64
   00D4 00                  258 	.db #0x00	; 0
   00D5 80                  259 	.db #0x80	; 128
   00D6 40                  260 	.db #0x40	; 64
   00D7 00                  261 	.db #0x00	; 0
   00D8                     262 _tiles2_sp_001:
   00D8 C0                  263 	.db #0xc0	; 192
   00D9 C0                  264 	.db #0xc0	; 192
   00DA 00                  265 	.db #0x00	; 0
   00DB 00                  266 	.db #0x00	; 0
   00DC 40                  267 	.db #0x40	; 64
   00DD C0                  268 	.db #0xc0	; 192
   00DE C0                  269 	.db #0xc0	; 192
   00DF C0                  270 	.db #0xc0	; 192
   00E0                     271 _tiles2_sp_002:
   00E0 C0                  272 	.db #0xc0	; 192
   00E1 C0                  273 	.db #0xc0	; 192
   00E2 00                  274 	.db #0x00	; 0
   00E3 00                  275 	.db #0x00	; 0
   00E4 C0                  276 	.db #0xc0	; 192
   00E5 80                  277 	.db #0x80	; 128
   00E6 C0                  278 	.db #0xc0	; 192
   00E7 C0                  279 	.db #0xc0	; 192
   00E8                     280 _tiles2_sp_003:
   00E8 00                  281 	.db #0x00	; 0
   00E9 00                  282 	.db #0x00	; 0
   00EA 80                  283 	.db #0x80	; 128
   00EB 00                  284 	.db #0x00	; 0
   00EC 40                  285 	.db #0x40	; 64
   00ED 00                  286 	.db #0x00	; 0
   00EE 00                  287 	.db #0x00	; 0
   00EF 80                  288 	.db #0x80	; 128
   00F0                     289 _tiles2_sp_004:
   00F0 00                  290 	.db #0x00	; 0
   00F1 00                  291 	.db #0x00	; 0
   00F2 00                  292 	.db #0x00	; 0
   00F3 00                  293 	.db #0x00	; 0
   00F4 00                  294 	.db #0x00	; 0
   00F5 00                  295 	.db #0x00	; 0
   00F6 00                  296 	.db #0x00	; 0
   00F7 22                  297 	.db #0x22	; 34
   00F8                     298 _tiles2_sp_005:
   00F8 80                  299 	.db #0x80	; 128
   00F9 00                  300 	.db #0x00	; 0
   00FA C0                  301 	.db #0xc0	; 192
   00FB C0                  302 	.db #0xc0	; 192
   00FC 80                  303 	.db #0x80	; 128
   00FD 00                  304 	.db #0x00	; 0
   00FE C0                  305 	.db #0xc0	; 192
   00FF C0                  306 	.db #0xc0	; 192
   0100                     307 _tiles2_sp_006:
   0100 00                  308 	.db #0x00	; 0
   0101 00                  309 	.db #0x00	; 0
   0102 C0                  310 	.db #0xc0	; 192
   0103 C0                  311 	.db #0xc0	; 192
   0104 00                  312 	.db #0x00	; 0
   0105 00                  313 	.db #0x00	; 0
   0106 C0                  314 	.db #0xc0	; 192
   0107 C0                  315 	.db #0xc0	; 192
   0108                     316 _tiles2_sp_007:
   0108 00                  317 	.db #0x00	; 0
   0109 40                  318 	.db #0x40	; 64
   010A C0                  319 	.db #0xc0	; 192
   010B C0                  320 	.db #0xc0	; 192
   010C 00                  321 	.db #0x00	; 0
   010D 40                  322 	.db #0x40	; 64
   010E C0                  323 	.db #0xc0	; 192
   010F C0                  324 	.db #0xc0	; 192
   0110                     325 _tiles2_sp_008:
   0110 00                  326 	.db #0x00	; 0
   0111 00                  327 	.db #0x00	; 0
   0112 00                  328 	.db #0x00	; 0
   0113 00                  329 	.db #0x00	; 0
   0114 00                  330 	.db #0x00	; 0
   0115 00                  331 	.db #0x00	; 0
   0116 00                  332 	.db #0x00	; 0
   0117 00                  333 	.db #0x00	; 0
   0118                     334 _tiles2_sp_009:
   0118 00                  335 	.db #0x00	; 0
   0119 00                  336 	.db #0x00	; 0
   011A 00                  337 	.db #0x00	; 0
   011B 00                  338 	.db #0x00	; 0
   011C 00                  339 	.db #0x00	; 0
   011D 00                  340 	.db #0x00	; 0
   011E 00                  341 	.db #0x00	; 0
   011F 00                  342 	.db #0x00	; 0
   0120                     343 _tiles2_sp_010:
   0120 30                  344 	.db #0x30	; 48	'0'
   0121 20                  345 	.db #0x20	; 32
   0122 34                  346 	.db #0x34	; 52	'4'
   0123 20                  347 	.db #0x20	; 32
   0124 30                  348 	.db #0x30	; 48	'0'
   0125 20                  349 	.db #0x20	; 32
   0126 00                  350 	.db #0x00	; 0
   0127 00                  351 	.db #0x00	; 0
   0128                     352 _tiles2_sp_011:
   0128 10                  353 	.db #0x10	; 16
   0129 30                  354 	.db #0x30	; 48	'0'
   012A 10                  355 	.db #0x10	; 16
   012B 30                  356 	.db #0x30	; 48	'0'
   012C 10                  357 	.db #0x10	; 16
   012D 30                  358 	.db #0x30	; 48	'0'
   012E 00                  359 	.db #0x00	; 0
   012F 00                  360 	.db #0x00	; 0
   0130                     361 _tiles2_sp_012:
   0130 00                  362 	.db #0x00	; 0
   0131 00                  363 	.db #0x00	; 0
   0132 00                  364 	.db #0x00	; 0
   0133 00                  365 	.db #0x00	; 0
   0134 00                  366 	.db #0x00	; 0
   0135 00                  367 	.db #0x00	; 0
   0136 00                  368 	.db #0x00	; 0
   0137 22                  369 	.db #0x22	; 34
   0138                     370 _tiles2_sp_013:
   0138 80                  371 	.db #0x80	; 128
   0139 40                  372 	.db #0x40	; 64
   013A 80                  373 	.db #0x80	; 128
   013B C0                  374 	.db #0xc0	; 192
   013C 80                  375 	.db #0x80	; 128
   013D C0                  376 	.db #0xc0	; 192
   013E 80                  377 	.db #0x80	; 128
   013F C0                  378 	.db #0xc0	; 192
   0140                     379 _tiles2_sp_014:
   0140 C0                  380 	.db #0xc0	; 192
   0141 C0                  381 	.db #0xc0	; 192
   0142 C0                  382 	.db #0xc0	; 192
   0143 C0                  383 	.db #0xc0	; 192
   0144 C0                  384 	.db #0xc0	; 192
   0145 C0                  385 	.db #0xc0	; 192
   0146 80                  386 	.db #0x80	; 128
   0147 00                  387 	.db #0x00	; 0
   0148                     388 _tiles2_sp_015:
   0148 C0                  389 	.db #0xc0	; 192
   0149 C0                  390 	.db #0xc0	; 192
   014A C0                  391 	.db #0xc0	; 192
   014B C0                  392 	.db #0xc0	; 192
   014C C0                  393 	.db #0xc0	; 192
   014D C0                  394 	.db #0xc0	; 192
   014E 00                  395 	.db #0x00	; 0
   014F 40                  396 	.db #0x40	; 64
   0150                     397 _tiles2_sp_016:
   0150 80                  398 	.db #0x80	; 128
   0151 40                  399 	.db #0x40	; 64
   0152 C0                  400 	.db #0xc0	; 192
   0153 40                  401 	.db #0x40	; 64
   0154 C0                  402 	.db #0xc0	; 192
   0155 40                  403 	.db #0x40	; 64
   0156 C0                  404 	.db #0xc0	; 192
   0157 40                  405 	.db #0x40	; 64
   0158                     406 _tiles2_sp_017:
   0158 00                  407 	.db #0x00	; 0
   0159 00                  408 	.db #0x00	; 0
   015A 00                  409 	.db #0x00	; 0
   015B 00                  410 	.db #0x00	; 0
   015C 11                  411 	.db #0x11	; 17
   015D 00                  412 	.db #0x00	; 0
   015E 00                  413 	.db #0x00	; 0
   015F 00                  414 	.db #0x00	; 0
   0160                     415 _tiles2_sp_018:
   0160 30                  416 	.db #0x30	; 48	'0'
   0161 34                  417 	.db #0x34	; 52	'4'
   0162 34                  418 	.db #0x34	; 52	'4'
   0163 30                  419 	.db #0x30	; 48	'0'
   0164 34                  420 	.db #0x34	; 52	'4'
   0165 38                  421 	.db #0x38	; 56	'8'
   0166 30                  422 	.db #0x30	; 48	'0'
   0167 30                  423 	.db #0x30	; 48	'0'
   0168                     424 _tiles2_sp_019:
   0168 30                  425 	.db #0x30	; 48	'0'
   0169 30                  426 	.db #0x30	; 48	'0'
   016A 30                  427 	.db #0x30	; 48	'0'
   016B 30                  428 	.db #0x30	; 48	'0'
   016C 30                  429 	.db #0x30	; 48	'0'
   016D 30                  430 	.db #0x30	; 48	'0'
   016E 30                  431 	.db #0x30	; 48	'0'
   016F 30                  432 	.db #0x30	; 48	'0'
   0170                     433 _tiles2_sp_020:
   0170 00                  434 	.db #0x00	; 0
   0171 00                  435 	.db #0x00	; 0
   0172 00                  436 	.db #0x00	; 0
   0173 00                  437 	.db #0x00	; 0
   0174 00                  438 	.db #0x00	; 0
   0175 00                  439 	.db #0x00	; 0
   0176 00                  440 	.db #0x00	; 0
   0177 00                  441 	.db #0x00	; 0
   0178                     442 _tiles2_sp_021:
   0178 C0                  443 	.db #0xc0	; 192
   0179 30                  444 	.db #0x30	; 48	'0'
   017A C0                  445 	.db #0xc0	; 192
   017B 35                  446 	.db #0x35	; 53	'5'
   017C C0                  447 	.db #0xc0	; 192
   017D 30                  448 	.db #0x30	; 48	'0'
   017E C0                  449 	.db #0xc0	; 192
   017F 3A                  450 	.db #0x3a	; 58
   0180                     451 _tiles2_sp_022:
   0180 00                  452 	.db #0x00	; 0
   0181 80                  453 	.db #0x80	; 128
   0182 00                  454 	.db #0x00	; 0
   0183 22                  455 	.db #0x22	; 34
   0184 00                  456 	.db #0x00	; 0
   0185 22                  457 	.db #0x22	; 34
   0186 11                  458 	.db #0x11	; 17
   0187 33                  459 	.db #0x33	; 51	'3'
   0188                     460 _tiles2_sp_023:
   0188 10                  461 	.db #0x10	; 16
   0189 30                  462 	.db #0x30	; 48	'0'
   018A 14                  463 	.db #0x14	; 20
   018B 38                  464 	.db #0x38	; 56	'8'
   018C 10                  465 	.db #0x10	; 16
   018D 30                  466 	.db #0x30	; 48	'0'
   018E 00                  467 	.db #0x00	; 0
   018F 00                  468 	.db #0x00	; 0
   0190                     469 _tiles2_sp_024:
   0190 30                  470 	.db #0x30	; 48	'0'
   0191 20                  471 	.db #0x20	; 32
   0192 38                  472 	.db #0x38	; 56	'8'
   0193 20                  473 	.db #0x20	; 32
   0194 38                  474 	.db #0x38	; 56	'8'
   0195 20                  475 	.db #0x20	; 32
   0196 00                  476 	.db #0x00	; 0
   0197 00                  477 	.db #0x00	; 0
   0198                     478 _tiles2_sp_025:
   0198 00                  479 	.db #0x00	; 0
   0199 00                  480 	.db #0x00	; 0
   019A 00                  481 	.db #0x00	; 0
   019B 00                  482 	.db #0x00	; 0
   019C 00                  483 	.db #0x00	; 0
   019D 00                  484 	.db #0x00	; 0
   019E 00                  485 	.db #0x00	; 0
   019F 00                  486 	.db #0x00	; 0
   01A0                     487 _tiles2_sp_026:
   01A0 80                  488 	.db #0x80	; 128
   01A1 C0                  489 	.db #0xc0	; 192
   01A2 80                  490 	.db #0x80	; 128
   01A3 C0                  491 	.db #0xc0	; 192
   01A4 80                  492 	.db #0x80	; 128
   01A5 C0                  493 	.db #0xc0	; 192
   01A6 80                  494 	.db #0x80	; 128
   01A7 C0                  495 	.db #0xc0	; 192
   01A8                     496 _tiles2_sp_027:
   01A8 C0                  497 	.db #0xc0	; 192
   01A9 40                  498 	.db #0x40	; 64
   01AA C0                  499 	.db #0xc0	; 192
   01AB 40                  500 	.db #0x40	; 64
   01AC C0                  501 	.db #0xc0	; 192
   01AD 00                  502 	.db #0x00	; 0
   01AE C0                  503 	.db #0xc0	; 192
   01AF C0                  504 	.db #0xc0	; 192
   01B0                     505 _tiles2_sp_028:
   01B0 80                  506 	.db #0x80	; 128
   01B1 C0                  507 	.db #0xc0	; 192
   01B2 80                  508 	.db #0x80	; 128
   01B3 C0                  509 	.db #0xc0	; 192
   01B4 00                  510 	.db #0x00	; 0
   01B5 C0                  511 	.db #0xc0	; 192
   01B6 C0                  512 	.db #0xc0	; 192
   01B7 C0                  513 	.db #0xc0	; 192
   01B8                     514 _tiles2_sp_029:
   01B8 C0                  515 	.db #0xc0	; 192
   01B9 40                  516 	.db #0x40	; 64
   01BA C0                  517 	.db #0xc0	; 192
   01BB 40                  518 	.db #0x40	; 64
   01BC C0                  519 	.db #0xc0	; 192
   01BD 40                  520 	.db #0x40	; 64
   01BE C0                  521 	.db #0xc0	; 192
   01BF 40                  522 	.db #0x40	; 64
   01C0                     523 _tiles2_sp_030:
   01C0 00                  524 	.db #0x00	; 0
   01C1 00                  525 	.db #0x00	; 0
   01C2 00                  526 	.db #0x00	; 0
   01C3 22                  527 	.db #0x22	; 34
   01C4 00                  528 	.db #0x00	; 0
   01C5 00                  529 	.db #0x00	; 0
   01C6 00                  530 	.db #0x00	; 0
   01C7 00                  531 	.db #0x00	; 0
   01C8                     532 _tiles2_sp_031:
   01C8 00                  533 	.db #0x00	; 0
   01C9 00                  534 	.db #0x00	; 0
   01CA 3C                  535 	.db #0x3c	; 60
   01CB 3C                  536 	.db #0x3c	; 60
   01CC 14                  537 	.db #0x14	; 20
   01CD 3C                  538 	.db #0x3c	; 60
   01CE 00                  539 	.db #0x00	; 0
   01CF 3C                  540 	.db #0x3c	; 60
   01D0                     541 _tiles2_sp_032:
   01D0 00                  542 	.db #0x00	; 0
   01D1 00                  543 	.db #0x00	; 0
   01D2 3C                  544 	.db #0x3c	; 60
   01D3 3C                  545 	.db #0x3c	; 60
   01D4 3C                  546 	.db #0x3c	; 60
   01D5 28                  547 	.db #0x28	; 40
   01D6 3C                  548 	.db #0x3c	; 60
   01D7 00                  549 	.db #0x00	; 0
   01D8                     550 _tiles2_sp_033:
   01D8 00                  551 	.db #0x00	; 0
   01D9 00                  552 	.db #0x00	; 0
   01DA 00                  553 	.db #0x00	; 0
   01DB 00                  554 	.db #0x00	; 0
   01DC 00                  555 	.db #0x00	; 0
   01DD 00                  556 	.db #0x00	; 0
   01DE 00                  557 	.db #0x00	; 0
   01DF 00                  558 	.db #0x00	; 0
   01E0                     559 _tiles2_sp_034:
   01E0 C0                  560 	.db #0xc0	; 192
   01E1 00                  561 	.db #0x00	; 0
   01E2 C0                  562 	.db #0xc0	; 192
   01E3 00                  563 	.db #0x00	; 0
   01E4 C0                  564 	.db #0xc0	; 192
   01E5 00                  565 	.db #0x00	; 0
   01E6 C0                  566 	.db #0xc0	; 192
   01E7 C0                  567 	.db #0xc0	; 192
   01E8                     568 _tiles2_sp_035:
   01E8 11                  569 	.db #0x11	; 17
   01E9 91                  570 	.db #0x91	; 145
   01EA 11                  571 	.db #0x11	; 17
   01EB 91                  572 	.db #0x91	; 145
   01EC 11                  573 	.db #0x11	; 17
   01ED 33                  574 	.db #0x33	; 51	'3'
   01EE 10                  575 	.db #0x10	; 16
   01EF 90                  576 	.db #0x90	; 144
   01F0                     577 _tiles2_sp_036:
   01F0 00                  578 	.db #0x00	; 0
   01F1 00                  579 	.db #0x00	; 0
   01F2 00                  580 	.db #0x00	; 0
   01F3 00                  581 	.db #0x00	; 0
   01F4 00                  582 	.db #0x00	; 0
   01F5 00                  583 	.db #0x00	; 0
   01F6 00                  584 	.db #0x00	; 0
   01F7 00                  585 	.db #0x00	; 0
   01F8                     586 _tiles2_sp_037:
   01F8 28                  587 	.db #0x28	; 40
   01F9 00                  588 	.db #0x00	; 0
   01FA 28                  589 	.db #0x28	; 40
   01FB 00                  590 	.db #0x00	; 0
   01FC 28                  591 	.db #0x28	; 40
   01FD 00                  592 	.db #0x00	; 0
   01FE 28                  593 	.db #0x28	; 40
   01FF 00                  594 	.db #0x00	; 0
   0200                     595 _tiles2_sp_038:
   0200 00                  596 	.db #0x00	; 0
   0201 14                  597 	.db #0x14	; 20
   0202 00                  598 	.db #0x00	; 0
   0203 14                  599 	.db #0x14	; 20
   0204 00                  600 	.db #0x00	; 0
   0205 14                  601 	.db #0x14	; 20
   0206 00                  602 	.db #0x00	; 0
   0207 14                  603 	.db #0x14	; 20
   0208                     604 _tiles2_sp_039:
   0208 80                  605 	.db #0x80	; 128
   0209 C0                  606 	.db #0xc0	; 192
   020A 80                  607 	.db #0x80	; 128
   020B C0                  608 	.db #0xc0	; 192
   020C 80                  609 	.db #0x80	; 128
   020D C0                  610 	.db #0xc0	; 192
   020E 80                  611 	.db #0x80	; 128
   020F C0                  612 	.db #0xc0	; 192
   0210                     613 _tiles2_sp_040:
   0210 C0                  614 	.db #0xc0	; 192
   0211 C0                  615 	.db #0xc0	; 192
   0212 C0                  616 	.db #0xc0	; 192
   0213 C0                  617 	.db #0xc0	; 192
   0214 C0                  618 	.db #0xc0	; 192
   0215 C0                  619 	.db #0xc0	; 192
   0216 C0                  620 	.db #0xc0	; 192
   0217 C0                  621 	.db #0xc0	; 192
   0218                     622 _tiles2_sp_041:
   0218 C0                  623 	.db #0xc0	; 192
   0219 C0                  624 	.db #0xc0	; 192
   021A C0                  625 	.db #0xc0	; 192
   021B C0                  626 	.db #0xc0	; 192
   021C C0                  627 	.db #0xc0	; 192
   021D C0                  628 	.db #0xc0	; 192
   021E C0                  629 	.db #0xc0	; 192
   021F C0                  630 	.db #0xc0	; 192
   0220                     631 _tiles2_sp_042:
   0220 C0                  632 	.db #0xc0	; 192
   0221 40                  633 	.db #0x40	; 64
   0222 C0                  634 	.db #0xc0	; 192
   0223 40                  635 	.db #0x40	; 64
   0224 C0                  636 	.db #0xc0	; 192
   0225 40                  637 	.db #0x40	; 64
   0226 C0                  638 	.db #0xc0	; 192
   0227 40                  639 	.db #0x40	; 64
   0228                     640 _tiles2_sp_043:
   0228 00                  641 	.db #0x00	; 0
   0229 00                  642 	.db #0x00	; 0
   022A 00                  643 	.db #0x00	; 0
   022B 00                  644 	.db #0x00	; 0
   022C 00                  645 	.db #0x00	; 0
   022D 00                  646 	.db #0x00	; 0
   022E 00                  647 	.db #0x00	; 0
   022F 00                  648 	.db #0x00	; 0
   0230                     649 _tiles2_sp_044:
   0230 00                  650 	.db #0x00	; 0
   0231 14                  651 	.db #0x14	; 20
   0232 00                  652 	.db #0x00	; 0
   0233 14                  653 	.db #0x14	; 20
   0234 00                  654 	.db #0x00	; 0
   0235 14                  655 	.db #0x14	; 20
   0236 00                  656 	.db #0x00	; 0
   0237 14                  657 	.db #0x14	; 20
   0238                     658 _tiles2_sp_045:
   0238 28                  659 	.db #0x28	; 40
   0239 00                  660 	.db #0x00	; 0
   023A 28                  661 	.db #0x28	; 40
   023B 00                  662 	.db #0x00	; 0
   023C 28                  663 	.db #0x28	; 40
   023D 00                  664 	.db #0x00	; 0
   023E 28                  665 	.db #0x28	; 40
   023F 00                  666 	.db #0x00	; 0
   0240                     667 _tiles2_sp_046:
   0240 00                  668 	.db #0x00	; 0
   0241 00                  669 	.db #0x00	; 0
   0242 00                  670 	.db #0x00	; 0
   0243 00                  671 	.db #0x00	; 0
   0244 00                  672 	.db #0x00	; 0
   0245 00                  673 	.db #0x00	; 0
   0246 00                  674 	.db #0x00	; 0
   0247 00                  675 	.db #0x00	; 0
   0248                     676 _tiles2_sp_047:
   0248 00                  677 	.db #0x00	; 0
   0249 00                  678 	.db #0x00	; 0
   024A 00                  679 	.db #0x00	; 0
   024B 00                  680 	.db #0x00	; 0
   024C 00                  681 	.db #0x00	; 0
   024D 00                  682 	.db #0x00	; 0
   024E 00                  683 	.db #0x00	; 0
   024F 00                  684 	.db #0x00	; 0
   0250                     685 _tiles2_sp_048:
   0250 14                  686 	.db #0x14	; 20
   0251 3C                  687 	.db #0x3c	; 60
   0252 10                  688 	.db #0x10	; 16
   0253 90                  689 	.db #0x90	; 144
   0254 00                  690 	.db #0x00	; 0
   0255 80                  691 	.db #0x80	; 128
   0256 00                  692 	.db #0x00	; 0
   0257 00                  693 	.db #0x00	; 0
   0258                     694 _tiles2_sp_049:
   0258 00                  695 	.db #0x00	; 0
   0259 00                  696 	.db #0x00	; 0
   025A 00                  697 	.db #0x00	; 0
   025B 00                  698 	.db #0x00	; 0
   025C 00                  699 	.db #0x00	; 0
   025D 00                  700 	.db #0x00	; 0
   025E 00                  701 	.db #0x00	; 0
   025F 00                  702 	.db #0x00	; 0
   0260                     703 _tiles2_sp_050:
   0260 00                  704 	.db #0x00	; 0
   0261 00                  705 	.db #0x00	; 0
   0262 00                  706 	.db #0x00	; 0
   0263 00                  707 	.db #0x00	; 0
   0264 00                  708 	.db #0x00	; 0
   0265 00                  709 	.db #0x00	; 0
   0266 00                  710 	.db #0x00	; 0
   0267 00                  711 	.db #0x00	; 0
   0268                     712 _tiles2_sp_051:
   0268 00                  713 	.db #0x00	; 0
   0269 3C                  714 	.db #0x3c	; 60
   026A 00                  715 	.db #0x00	; 0
   026B 3C                  716 	.db #0x3c	; 60
   026C 00                  717 	.db #0x00	; 0
   026D 3C                  718 	.db #0x3c	; 60
   026E 00                  719 	.db #0x00	; 0
   026F 3C                  720 	.db #0x3c	; 60
   0270                     721 _tiles2_sp_052:
   0270 80                  722 	.db #0x80	; 128
   0271 C0                  723 	.db #0xc0	; 192
   0272 80                  724 	.db #0x80	; 128
   0273 C0                  725 	.db #0xc0	; 192
   0274 80                  726 	.db #0x80	; 128
   0275 C0                  727 	.db #0xc0	; 192
   0276 80                  728 	.db #0x80	; 128
   0277 C0                  729 	.db #0xc0	; 192
   0278                     730 _tiles2_sp_053:
   0278 C0                  731 	.db #0xc0	; 192
   0279 C0                  732 	.db #0xc0	; 192
   027A C0                  733 	.db #0xc0	; 192
   027B 80                  734 	.db #0x80	; 128
   027C C0                  735 	.db #0xc0	; 192
   027D 80                  736 	.db #0x80	; 128
   027E C0                  737 	.db #0xc0	; 192
   027F C0                  738 	.db #0xc0	; 192
   0280                     739 _tiles2_sp_054:
   0280 C0                  740 	.db #0xc0	; 192
   0281 C0                  741 	.db #0xc0	; 192
   0282 40                  742 	.db #0x40	; 64
   0283 C0                  743 	.db #0xc0	; 192
   0284 40                  744 	.db #0x40	; 64
   0285 C0                  745 	.db #0xc0	; 192
   0286 C0                  746 	.db #0xc0	; 192
   0287 C0                  747 	.db #0xc0	; 192
   0288                     748 _tiles2_sp_055:
   0288 C0                  749 	.db #0xc0	; 192
   0289 40                  750 	.db #0x40	; 64
   028A C0                  751 	.db #0xc0	; 192
   028B 40                  752 	.db #0x40	; 64
   028C C0                  753 	.db #0xc0	; 192
   028D 40                  754 	.db #0x40	; 64
   028E C0                  755 	.db #0xc0	; 192
   028F 40                  756 	.db #0x40	; 64
   0290                     757 _tiles2_sp_056:
   0290 00                  758 	.db #0x00	; 0
   0291 00                  759 	.db #0x00	; 0
   0292 00                  760 	.db #0x00	; 0
   0293 00                  761 	.db #0x00	; 0
   0294 00                  762 	.db #0x00	; 0
   0295 00                  763 	.db #0x00	; 0
   0296 00                  764 	.db #0x00	; 0
   0297 00                  765 	.db #0x00	; 0
   0298                     766 _tiles2_sp_057:
   0298 00                  767 	.db #0x00	; 0
   0299 14                  768 	.db #0x14	; 20
   029A 00                  769 	.db #0x00	; 0
   029B 14                  770 	.db #0x14	; 20
   029C 00                  771 	.db #0x00	; 0
   029D 14                  772 	.db #0x14	; 20
   029E 00                  773 	.db #0x00	; 0
   029F 14                  774 	.db #0x14	; 20
   02A0                     775 _tiles2_sp_058:
   02A0 28                  776 	.db #0x28	; 40
   02A1 00                  777 	.db #0x00	; 0
   02A2 28                  778 	.db #0x28	; 40
   02A3 00                  779 	.db #0x00	; 0
   02A4 28                  780 	.db #0x28	; 40
   02A5 00                  781 	.db #0x00	; 0
   02A6 28                  782 	.db #0x28	; 40
   02A7 00                  783 	.db #0x00	; 0
   02A8                     784 _tiles2_sp_059:
   02A8 00                  785 	.db #0x00	; 0
   02A9 00                  786 	.db #0x00	; 0
   02AA 00                  787 	.db #0x00	; 0
   02AB 00                  788 	.db #0x00	; 0
   02AC 00                  789 	.db #0x00	; 0
   02AD 00                  790 	.db #0x00	; 0
   02AE 00                  791 	.db #0x00	; 0
   02AF 00                  792 	.db #0x00	; 0
   02B0                     793 _tiles2_sp_060:
   02B0 00                  794 	.db #0x00	; 0
   02B1 00                  795 	.db #0x00	; 0
   02B2 00                  796 	.db #0x00	; 0
   02B3 00                  797 	.db #0x00	; 0
   02B4 00                  798 	.db #0x00	; 0
   02B5 00                  799 	.db #0x00	; 0
   02B6 00                  800 	.db #0x00	; 0
   02B7 00                  801 	.db #0x00	; 0
   02B8                     802 _tiles2_sp_061:
   02B8 00                  803 	.db #0x00	; 0
   02B9 00                  804 	.db #0x00	; 0
   02BA 00                  805 	.db #0x00	; 0
   02BB 00                  806 	.db #0x00	; 0
   02BC 00                  807 	.db #0x00	; 0
   02BD 00                  808 	.db #0x00	; 0
   02BE 00                  809 	.db #0x00	; 0
   02BF 00                  810 	.db #0x00	; 0
   02C0                     811 _tiles2_sp_062:
   02C0 00                  812 	.db #0x00	; 0
   02C1 00                  813 	.db #0x00	; 0
   02C2 00                  814 	.db #0x00	; 0
   02C3 00                  815 	.db #0x00	; 0
   02C4 00                  816 	.db #0x00	; 0
   02C5 00                  817 	.db #0x00	; 0
   02C6 00                  818 	.db #0x00	; 0
   02C7 00                  819 	.db #0x00	; 0
   02C8                     820 _tiles2_sp_063:
   02C8 00                  821 	.db #0x00	; 0
   02C9 00                  822 	.db #0x00	; 0
   02CA 00                  823 	.db #0x00	; 0
   02CB 00                  824 	.db #0x00	; 0
   02CC 00                  825 	.db #0x00	; 0
   02CD 00                  826 	.db #0x00	; 0
   02CE 00                  827 	.db #0x00	; 0
   02CF 00                  828 	.db #0x00	; 0
   02D0                     829 _tiles2_sp_064:
   02D0 00                  830 	.db #0x00	; 0
   02D1 3C                  831 	.db #0x3c	; 60
   02D2 00                  832 	.db #0x00	; 0
   02D3 3C                  833 	.db #0x3c	; 60
   02D4 3C                  834 	.db #0x3c	; 60
   02D5 3C                  835 	.db #0x3c	; 60
   02D6 3C                  836 	.db #0x3c	; 60
   02D7 3C                  837 	.db #0x3c	; 60
   02D8                     838 _tiles2_sp_065:
   02D8 80                  839 	.db #0x80	; 128
   02D9 C0                  840 	.db #0xc0	; 192
   02DA 80                  841 	.db #0x80	; 128
   02DB C0                  842 	.db #0xc0	; 192
   02DC 80                  843 	.db #0x80	; 128
   02DD C0                  844 	.db #0xc0	; 192
   02DE 80                  845 	.db #0x80	; 128
   02DF C0                  846 	.db #0xc0	; 192
   02E0                     847 _tiles2_sp_066:
   02E0 C0                  848 	.db #0xc0	; 192
   02E1 C0                  849 	.db #0xc0	; 192
   02E2 C0                  850 	.db #0xc0	; 192
   02E3 C0                  851 	.db #0xc0	; 192
   02E4 C0                  852 	.db #0xc0	; 192
   02E5 C0                  853 	.db #0xc0	; 192
   02E6 C0                  854 	.db #0xc0	; 192
   02E7 C0                  855 	.db #0xc0	; 192
   02E8                     856 _tiles2_sp_067:
   02E8 C0                  857 	.db #0xc0	; 192
   02E9 C0                  858 	.db #0xc0	; 192
   02EA C0                  859 	.db #0xc0	; 192
   02EB C0                  860 	.db #0xc0	; 192
   02EC C0                  861 	.db #0xc0	; 192
   02ED C0                  862 	.db #0xc0	; 192
   02EE C0                  863 	.db #0xc0	; 192
   02EF C0                  864 	.db #0xc0	; 192
   02F0                     865 _tiles2_sp_068:
   02F0 C0                  866 	.db #0xc0	; 192
   02F1 40                  867 	.db #0x40	; 64
   02F2 C0                  868 	.db #0xc0	; 192
   02F3 40                  869 	.db #0x40	; 64
   02F4 C0                  870 	.db #0xc0	; 192
   02F5 40                  871 	.db #0x40	; 64
   02F6 C0                  872 	.db #0xc0	; 192
   02F7 40                  873 	.db #0x40	; 64
   02F8                     874 _tiles2_sp_069:
   02F8 00                  875 	.db #0x00	; 0
   02F9 00                  876 	.db #0x00	; 0
   02FA 00                  877 	.db #0x00	; 0
   02FB 00                  878 	.db #0x00	; 0
   02FC 00                  879 	.db #0x00	; 0
   02FD 00                  880 	.db #0x00	; 0
   02FE 00                  881 	.db #0x00	; 0
   02FF 00                  882 	.db #0x00	; 0
   0300                     883 _tiles2_sp_070:
   0300 00                  884 	.db #0x00	; 0
   0301 14                  885 	.db #0x14	; 20
   0302 00                  886 	.db #0x00	; 0
   0303 14                  887 	.db #0x14	; 20
   0304 00                  888 	.db #0x00	; 0
   0305 14                  889 	.db #0x14	; 20
   0306 00                  890 	.db #0x00	; 0
   0307 14                  891 	.db #0x14	; 20
   0308                     892 _tiles2_sp_071:
   0308 28                  893 	.db #0x28	; 40
   0309 00                  894 	.db #0x00	; 0
   030A 28                  895 	.db #0x28	; 40
   030B 00                  896 	.db #0x00	; 0
   030C 28                  897 	.db #0x28	; 40
   030D 00                  898 	.db #0x00	; 0
   030E 28                  899 	.db #0x28	; 40
   030F 00                  900 	.db #0x00	; 0
   0310                     901 _tiles2_sp_072:
   0310 00                  902 	.db #0x00	; 0
   0311 00                  903 	.db #0x00	; 0
   0312 00                  904 	.db #0x00	; 0
   0313 00                  905 	.db #0x00	; 0
   0314 00                  906 	.db #0x00	; 0
   0315 00                  907 	.db #0x00	; 0
   0316 00                  908 	.db #0x00	; 0
   0317 00                  909 	.db #0x00	; 0
   0318                     910 _tiles2_sp_073:
   0318 00                  911 	.db #0x00	; 0
   0319 00                  912 	.db #0x00	; 0
   031A 00                  913 	.db #0x00	; 0
   031B 00                  914 	.db #0x00	; 0
   031C 00                  915 	.db #0x00	; 0
   031D 00                  916 	.db #0x00	; 0
   031E 00                  917 	.db #0x00	; 0
   031F 00                  918 	.db #0x00	; 0
   0320                     919 _tiles2_sp_074:
   0320 30                  920 	.db #0x30	; 48	'0'
   0321 3F                  921 	.db #0x3f	; 63
   0322 30                  922 	.db #0x30	; 48	'0'
   0323 30                  923 	.db #0x30	; 48	'0'
   0324 3F                  924 	.db #0x3f	; 63
   0325 30                  925 	.db #0x30	; 48	'0'
   0326 30                  926 	.db #0x30	; 48	'0'
   0327 30                  927 	.db #0x30	; 48	'0'
   0328                     928 _tiles2_sp_075:
   0328 30                  929 	.db #0x30	; 48	'0'
   0329 30                  930 	.db #0x30	; 48	'0'
   032A 30                  931 	.db #0x30	; 48	'0'
   032B 3F                  932 	.db #0x3f	; 63
   032C 30                  933 	.db #0x30	; 48	'0'
   032D 30                  934 	.db #0x30	; 48	'0'
   032E 3F                  935 	.db #0x3f	; 63
   032F 30                  936 	.db #0x30	; 48	'0'
   0330                     937 _tiles2_sp_076:
   0330 00                  938 	.db #0x00	; 0
   0331 00                  939 	.db #0x00	; 0
   0332 00                  940 	.db #0x00	; 0
   0333 00                  941 	.db #0x00	; 0
   0334 00                  942 	.db #0x00	; 0
   0335 00                  943 	.db #0x00	; 0
   0336 00                  944 	.db #0x00	; 0
   0337 00                  945 	.db #0x00	; 0
   0338                     946 _tiles2_sp_077:
   0338 3C                  947 	.db #0x3c	; 60
   0339 00                  948 	.db #0x00	; 0
   033A 3C                  949 	.db #0x3c	; 60
   033B 00                  950 	.db #0x00	; 0
   033C 3C                  951 	.db #0x3c	; 60
   033D 00                  952 	.db #0x00	; 0
   033E 3C                  953 	.db #0x3c	; 60
   033F 00                  954 	.db #0x00	; 0
   0340                     955 _tiles2_sp_078:
   0340 80                  956 	.db #0x80	; 128
   0341 C0                  957 	.db #0xc0	; 192
   0342 80                  958 	.db #0x80	; 128
   0343 C0                  959 	.db #0xc0	; 192
   0344 80                  960 	.db #0x80	; 128
   0345 C0                  961 	.db #0xc0	; 192
   0346 80                  962 	.db #0x80	; 128
   0347 C0                  963 	.db #0xc0	; 192
   0348                     964 _tiles2_sp_079:
   0348 C0                  965 	.db #0xc0	; 192
   0349 C0                  966 	.db #0xc0	; 192
   034A C0                  967 	.db #0xc0	; 192
   034B C0                  968 	.db #0xc0	; 192
   034C C0                  969 	.db #0xc0	; 192
   034D C0                  970 	.db #0xc0	; 192
   034E C0                  971 	.db #0xc0	; 192
   034F C0                  972 	.db #0xc0	; 192
   0350                     973 _tiles2_sp_080:
   0350 C0                  974 	.db #0xc0	; 192
   0351 C0                  975 	.db #0xc0	; 192
   0352 C0                  976 	.db #0xc0	; 192
   0353 C0                  977 	.db #0xc0	; 192
   0354 C0                  978 	.db #0xc0	; 192
   0355 C0                  979 	.db #0xc0	; 192
   0356 C0                  980 	.db #0xc0	; 192
   0357 C0                  981 	.db #0xc0	; 192
   0358                     982 _tiles2_sp_081:
   0358 C0                  983 	.db #0xc0	; 192
   0359 40                  984 	.db #0x40	; 64
   035A C0                  985 	.db #0xc0	; 192
   035B 40                  986 	.db #0x40	; 64
   035C C0                  987 	.db #0xc0	; 192
   035D 40                  988 	.db #0x40	; 64
   035E C0                  989 	.db #0xc0	; 192
   035F 40                  990 	.db #0x40	; 64
   0360                     991 _tiles2_sp_082:
   0360 3C                  992 	.db #0x3c	; 60
   0361 00                  993 	.db #0x00	; 0
   0362 3C                  994 	.db #0x3c	; 60
   0363 00                  995 	.db #0x00	; 0
   0364 3C                  996 	.db #0x3c	; 60
   0365 3C                  997 	.db #0x3c	; 60
   0366 3C                  998 	.db #0x3c	; 60
   0367 3C                  999 	.db #0x3c	; 60
   0368                    1000 _tiles2_sp_083:
   0368 00                 1001 	.db #0x00	; 0
   0369 14                 1002 	.db #0x14	; 20
   036A 00                 1003 	.db #0x00	; 0
   036B 14                 1004 	.db #0x14	; 20
   036C 00                 1005 	.db #0x00	; 0
   036D 14                 1006 	.db #0x14	; 20
   036E 00                 1007 	.db #0x00	; 0
   036F 14                 1008 	.db #0x14	; 20
   0370                    1009 _tiles2_sp_084:
   0370 28                 1010 	.db #0x28	; 40
   0371 00                 1011 	.db #0x00	; 0
   0372 28                 1012 	.db #0x28	; 40
   0373 00                 1013 	.db #0x00	; 0
   0374 28                 1014 	.db #0x28	; 40
   0375 00                 1015 	.db #0x00	; 0
   0376 28                 1016 	.db #0x28	; 40
   0377 00                 1017 	.db #0x00	; 0
   0378                    1018 _tiles2_sp_085:
   0378 00                 1019 	.db #0x00	; 0
   0379 00                 1020 	.db #0x00	; 0
   037A 00                 1021 	.db #0x00	; 0
   037B 00                 1022 	.db #0x00	; 0
   037C 00                 1023 	.db #0x00	; 0
   037D 00                 1024 	.db #0x00	; 0
   037E 00                 1025 	.db #0x00	; 0
   037F 00                 1026 	.db #0x00	; 0
   0380                    1027 _tiles2_sp_086:
   0380 00                 1028 	.db #0x00	; 0
   0381 00                 1029 	.db #0x00	; 0
   0382 00                 1030 	.db #0x00	; 0
   0383 00                 1031 	.db #0x00	; 0
   0384 00                 1032 	.db #0x00	; 0
   0385 00                 1033 	.db #0x00	; 0
   0386 00                 1034 	.db #0x00	; 0
   0387 00                 1035 	.db #0x00	; 0
   0388                    1036 _tiles2_sp_087:
   0388 30                 1037 	.db #0x30	; 48	'0'
   0389 30                 1038 	.db #0x30	; 48	'0'
   038A 30                 1039 	.db #0x30	; 48	'0'
   038B 3F                 1040 	.db #0x3f	; 63
   038C 30                 1041 	.db #0x30	; 48	'0'
   038D 30                 1042 	.db #0x30	; 48	'0'
   038E 3F                 1043 	.db #0x3f	; 63
   038F 30                 1044 	.db #0x30	; 48	'0'
   0390                    1045 _tiles2_sp_088:
   0390 3F                 1046 	.db #0x3f	; 63
   0391 30                 1047 	.db #0x30	; 48	'0'
   0392 30                 1048 	.db #0x30	; 48	'0'
   0393 30                 1049 	.db #0x30	; 48	'0'
   0394 30                 1050 	.db #0x30	; 48	'0'
   0395 3F                 1051 	.db #0x3f	; 63
   0396 30                 1052 	.db #0x30	; 48	'0'
   0397 30                 1053 	.db #0x30	; 48	'0'
   0398                    1054 _tiles2_sp_089:
   0398 00                 1055 	.db #0x00	; 0
   0399 00                 1056 	.db #0x00	; 0
   039A 00                 1057 	.db #0x00	; 0
   039B 00                 1058 	.db #0x00	; 0
   039C 00                 1059 	.db #0x00	; 0
   039D 00                 1060 	.db #0x00	; 0
   039E 00                 1061 	.db #0x00	; 0
   039F 00                 1062 	.db #0x00	; 0
   03A0                    1063 _tiles2_sp_090:
   03A0 3C                 1064 	.db #0x3c	; 60
   03A1 00                 1065 	.db #0x00	; 0
   03A2 3C                 1066 	.db #0x3c	; 60
   03A3 00                 1067 	.db #0x00	; 0
   03A4 3C                 1068 	.db #0x3c	; 60
   03A5 3C                 1069 	.db #0x3c	; 60
   03A6 3C                 1070 	.db #0x3c	; 60
   03A7 3C                 1071 	.db #0x3c	; 60
   03A8                    1072 _tiles2_sp_091:
   03A8 00                 1073 	.db #0x00	; 0
   03A9 00                 1074 	.db #0x00	; 0
   03AA 00                 1075 	.db #0x00	; 0
   03AB 00                 1076 	.db #0x00	; 0
   03AC 00                 1077 	.db #0x00	; 0
   03AD 00                 1078 	.db #0x00	; 0
   03AE 00                 1079 	.db #0x00	; 0
   03AF 00                 1080 	.db #0x00	; 0
   03B0                    1081 _tiles2_sp_092:
   03B0 3C                 1082 	.db #0x3c	; 60
   03B1 3C                 1083 	.db #0x3c	; 60
   03B2 3C                 1084 	.db #0x3c	; 60
   03B3 3C                 1085 	.db #0x3c	; 60
   03B4 3C                 1086 	.db #0x3c	; 60
   03B5 00                 1087 	.db #0x00	; 0
   03B6 3C                 1088 	.db #0x3c	; 60
   03B7 00                 1089 	.db #0x00	; 0
   03B8                    1090 _tiles2_sp_093:
   03B8 3C                 1091 	.db #0x3c	; 60
   03B9 3C                 1092 	.db #0x3c	; 60
   03BA 3C                 1093 	.db #0x3c	; 60
   03BB 3C                 1094 	.db #0x3c	; 60
   03BC 00                 1095 	.db #0x00	; 0
   03BD 3C                 1096 	.db #0x3c	; 60
   03BE 00                 1097 	.db #0x00	; 0
   03BF 3C                 1098 	.db #0x3c	; 60
   03C0                    1099 _tiles2_sp_094:
   03C0 00                 1100 	.db #0x00	; 0
   03C1 00                 1101 	.db #0x00	; 0
   03C2 00                 1102 	.db #0x00	; 0
   03C3 00                 1103 	.db #0x00	; 0
   03C4 3C                 1104 	.db #0x3c	; 60
   03C5 3C                 1105 	.db #0x3c	; 60
   03C6 3C                 1106 	.db #0x3c	; 60
   03C7 3C                 1107 	.db #0x3c	; 60
   03C8                    1108 _tiles2_sp_095:
   03C8 00                 1109 	.db #0x00	; 0
   03C9 3C                 1110 	.db #0x3c	; 60
   03CA 00                 1111 	.db #0x00	; 0
   03CB 3C                 1112 	.db #0x3c	; 60
   03CC 3C                 1113 	.db #0x3c	; 60
   03CD 3C                 1114 	.db #0x3c	; 60
   03CE 3C                 1115 	.db #0x3c	; 60
   03CF 3C                 1116 	.db #0x3c	; 60
   03D0                    1117 _tiles2_sp_096:
   03D0 00                 1118 	.db #0x00	; 0
   03D1 14                 1119 	.db #0x14	; 20
   03D2 00                 1120 	.db #0x00	; 0
   03D3 3C                 1121 	.db #0x3c	; 60
   03D4 14                 1122 	.db #0x14	; 20
   03D5 3C                 1123 	.db #0x3c	; 60
   03D6 3C                 1124 	.db #0x3c	; 60
   03D7 3C                 1125 	.db #0x3c	; 60
   03D8                    1126 _tiles2_sp_097:
   03D8 28                 1127 	.db #0x28	; 40
   03D9 00                 1128 	.db #0x00	; 0
   03DA 3C                 1129 	.db #0x3c	; 60
   03DB 00                 1130 	.db #0x00	; 0
   03DC 3C                 1131 	.db #0x3c	; 60
   03DD 28                 1132 	.db #0x28	; 40
   03DE 3C                 1133 	.db #0x3c	; 60
   03DF 3C                 1134 	.db #0x3c	; 60
   03E0                    1135 _tiles2_sp_098:
   03E0 00                 1136 	.db #0x00	; 0
   03E1 00                 1137 	.db #0x00	; 0
   03E2 00                 1138 	.db #0x00	; 0
   03E3 00                 1139 	.db #0x00	; 0
   03E4 00                 1140 	.db #0x00	; 0
   03E5 00                 1141 	.db #0x00	; 0
   03E6 00                 1142 	.db #0x00	; 0
   03E7 00                 1143 	.db #0x00	; 0
   03E8                    1144 _tiles2_sp_099:
   03E8 3C                 1145 	.db #0x3c	; 60
   03E9 3C                 1146 	.db #0x3c	; 60
   03EA 3C                 1147 	.db #0x3c	; 60
   03EB 3C                 1148 	.db #0x3c	; 60
   03EC 00                 1149 	.db #0x00	; 0
   03ED 00                 1150 	.db #0x00	; 0
   03EE 00                 1151 	.db #0x00	; 0
   03EF 00                 1152 	.db #0x00	; 0
   03F0                    1153 _tiles2_sp_100:
   03F0 3C                 1154 	.db #0x3c	; 60
   03F1 3C                 1155 	.db #0x3c	; 60
   03F2 3C                 1156 	.db #0x3c	; 60
   03F3 3C                 1157 	.db #0x3c	; 60
   03F4 3C                 1158 	.db #0x3c	; 60
   03F5 00                 1159 	.db #0x00	; 0
   03F6 3C                 1160 	.db #0x3c	; 60
   03F7 00                 1161 	.db #0x00	; 0
   03F8                    1162 _tiles2_sp_101:
   03F8 3C                 1163 	.db #0x3c	; 60
   03F9 3C                 1164 	.db #0x3c	; 60
   03FA 3C                 1165 	.db #0x3c	; 60
   03FB 3C                 1166 	.db #0x3c	; 60
   03FC 00                 1167 	.db #0x00	; 0
   03FD 3C                 1168 	.db #0x3c	; 60
   03FE 00                 1169 	.db #0x00	; 0
   03FF 3C                 1170 	.db #0x3c	; 60
   0400                    1171 _tiles2_sp_102:
   0400 00                 1172 	.db #0x00	; 0
   0401 00                 1173 	.db #0x00	; 0
   0402 00                 1174 	.db #0x00	; 0
   0403 00                 1175 	.db #0x00	; 0
   0404 3C                 1176 	.db #0x3c	; 60
   0405 3C                 1177 	.db #0x3c	; 60
   0406 3C                 1178 	.db #0x3c	; 60
   0407 3C                 1179 	.db #0x3c	; 60
   0408                    1180 _tiles2_sp_103:
   0408 00                 1181 	.db #0x00	; 0
   0409 3C                 1182 	.db #0x3c	; 60
   040A 00                 1183 	.db #0x00	; 0
   040B 3C                 1184 	.db #0x3c	; 60
   040C 3C                 1185 	.db #0x3c	; 60
   040D 3C                 1186 	.db #0x3c	; 60
   040E 3C                 1187 	.db #0x3c	; 60
   040F 3C                 1188 	.db #0x3c	; 60
                           1189 	.area _INITIALIZER
                           1190 	.area _CABS (ABS)
