                              1 ;--------------------------------------------------------
                              2 ; File Created by SDCC : free open source ANSI-C Compiler
                              3 ; Version 3.6.8 #9946 (Linux)
                              4 ;--------------------------------------------------------
                              5 	.module viking
                              6 	.optsdcc -mz80
                              7 	
                              8 ;--------------------------------------------------------
                              9 ; Public variables in this module
                             10 ;--------------------------------------------------------
                             11 	.globl _viking_sp_2
                             12 	.globl _viking_sp_1
                             13 	.globl _viking_sp_0
                             14 ;--------------------------------------------------------
                             15 ; special function registers
                             16 ;--------------------------------------------------------
                             17 ;--------------------------------------------------------
                             18 ; ram data
                             19 ;--------------------------------------------------------
                             20 	.area _DATA
                             21 ;--------------------------------------------------------
                             22 ; ram data
                             23 ;--------------------------------------------------------
                             24 	.area _INITIALIZED
                             25 ;--------------------------------------------------------
                             26 ; absolute external ram data
                             27 ;--------------------------------------------------------
                             28 	.area _DABS (ABS)
                             29 ;--------------------------------------------------------
                             30 ; global & static initialisations
                             31 ;--------------------------------------------------------
                             32 	.area _HOME
                             33 	.area _GSINIT
                             34 	.area _GSFINAL
                             35 	.area _GSINIT
                             36 ;--------------------------------------------------------
                             37 ; Home
                             38 ;--------------------------------------------------------
                             39 	.area _HOME
                             40 	.area _HOME
                             41 ;--------------------------------------------------------
                             42 ; code
                             43 ;--------------------------------------------------------
                             44 	.area _CODE
                             45 	.area _CODE
   0000                      46 _viking_sp_0:
   0000 3C                   47 	.db #0x3c	; 60
   0001 00                   48 	.db #0x00	; 0
   0002 00                   49 	.db #0x00	; 0
   0003 00                   50 	.db #0x00	; 0
   0004 00                   51 	.db #0x00	; 0
   0005 3C                   52 	.db #0x3c	; 60
   0006 3D                   53 	.db #0x3d	; 61
   0007 28                   54 	.db #0x28	; 40
   0008 3C                   55 	.db #0x3c	; 60
   0009 3C                   56 	.db #0x3c	; 60
   000A 14                   57 	.db #0x14	; 20
   000B 3E                   58 	.db #0x3e	; 62
   000C 3D                   59 	.db #0x3d	; 61
   000D 3E                   60 	.db #0x3e	; 62
   000E 3C                   61 	.db #0x3c	; 60
   000F 3C                   62 	.db #0x3c	; 60
   0010 3D                   63 	.db #0x3d	; 61
   0011 3E                   64 	.db #0x3e	; 62
   0012 3C                   65 	.db #0x3c	; 60
   0013 3C                   66 	.db #0x3c	; 60
   0014 02                   67 	.db #0x02	; 2
   0015 02                   68 	.db #0x02	; 2
   0016 3C                   69 	.db #0x3c	; 60
   0017 3C                   70 	.db #0x3c	; 60
   0018 00                   71 	.db #0x00	; 0
   0019 29                   72 	.db #0x29	; 41
   001A 03                   73 	.db #0x03	; 3
   001B 03                   74 	.db #0x03	; 3
   001C 16                   75 	.db #0x16	; 22
   001D 00                   76 	.db #0x00	; 0
   001E 00                   77 	.db #0x00	; 0
   001F 39                   78 	.db #0x39	; 57	'9'
   0020 26                   79 	.db #0x26	; 38
   0021 0C                   80 	.db #0x0c	; 12
   0022 36                   81 	.db #0x36	; 54	'6'
   0023 00                   82 	.db #0x00	; 0
   0024 00                   83 	.db #0x00	; 0
   0025 11                   84 	.db #0x11	; 17
   0026 33                   85 	.db #0x33	; 51	'3'
   0027 33                   86 	.db #0x33	; 51	'3'
   0028 22                   87 	.db #0x22	; 34
   0029 00                   88 	.db #0x00	; 0
   002A 00                   89 	.db #0x00	; 0
   002B 00                   90 	.db #0x00	; 0
   002C 33                   91 	.db #0x33	; 51	'3'
   002D 33                   92 	.db #0x33	; 51	'3'
   002E 22                   93 	.db #0x22	; 34
   002F 00                   94 	.db #0x00	; 0
   0030 00                   95 	.db #0x00	; 0
   0031 3C                   96 	.db #0x3c	; 60
   0032 39                   97 	.db #0x39	; 57	'9'
   0033 33                   98 	.db #0x33	; 51	'3'
   0034 3C                   99 	.db #0x3c	; 60
   0035 00                  100 	.db #0x00	; 0
   0036 00                  101 	.db #0x00	; 0
   0037 16                  102 	.db #0x16	; 22
   0038 3C                  103 	.db #0x3c	; 60
   0039 36                  104 	.db #0x36	; 54	'6'
   003A 29                  105 	.db #0x29	; 41
   003B 00                  106 	.db #0x00	; 0
   003C 00                  107 	.db #0x00	; 0
   003D 16                  108 	.db #0x16	; 22
   003E 3C                  109 	.db #0x3c	; 60
   003F 3C                  110 	.db #0x3c	; 60
   0040 29                  111 	.db #0x29	; 41
   0041 00                  112 	.db #0x00	; 0
   0042 00                  113 	.db #0x00	; 0
   0043 16                  114 	.db #0x16	; 22
   0044 3C                  115 	.db #0x3c	; 60
   0045 3C                  116 	.db #0x3c	; 60
   0046 29                  117 	.db #0x29	; 41
   0047 00                  118 	.db #0x00	; 0
   0048 00                  119 	.db #0x00	; 0
   0049 12                  120 	.db #0x12	; 18
   004A 30                  121 	.db #0x30	; 48	'0'
   004B 30                  122 	.db #0x30	; 48	'0'
   004C 21                  123 	.db #0x21	; 33
   004D 00                  124 	.db #0x00	; 0
   004E 00                  125 	.db #0x00	; 0
   004F 14                  126 	.db #0x14	; 20
   0050 3C                  127 	.db #0x3c	; 60
   0051 3C                  128 	.db #0x3c	; 60
   0052 28                  129 	.db #0x28	; 40
   0053 00                  130 	.db #0x00	; 0
   0054 00                  131 	.db #0x00	; 0
   0055 14                  132 	.db #0x14	; 20
   0056 28                  133 	.db #0x28	; 40
   0057 14                  134 	.db #0x14	; 20
   0058 28                  135 	.db #0x28	; 40
   0059 00                  136 	.db #0x00	; 0
   005A 00                  137 	.db #0x00	; 0
   005B 01                  138 	.db #0x01	; 1
   005C 02                  139 	.db #0x02	; 2
   005D 01                  140 	.db #0x01	; 1
   005E 02                  141 	.db #0x02	; 2
   005F 00                  142 	.db #0x00	; 0
   0060                     143 _viking_sp_1:
   0060 3C                  144 	.db #0x3c	; 60
   0061 00                  145 	.db #0x00	; 0
   0062 00                  146 	.db #0x00	; 0
   0063 00                  147 	.db #0x00	; 0
   0064 00                  148 	.db #0x00	; 0
   0065 3C                  149 	.db #0x3c	; 60
   0066 3D                  150 	.db #0x3d	; 61
   0067 28                  151 	.db #0x28	; 40
   0068 3C                  152 	.db #0x3c	; 60
   0069 3C                  153 	.db #0x3c	; 60
   006A 14                  154 	.db #0x14	; 20
   006B 3E                  155 	.db #0x3e	; 62
   006C 3D                  156 	.db #0x3d	; 61
   006D 3E                  157 	.db #0x3e	; 62
   006E 3C                  158 	.db #0x3c	; 60
   006F 3C                  159 	.db #0x3c	; 60
   0070 3D                  160 	.db #0x3d	; 61
   0071 3E                  161 	.db #0x3e	; 62
   0072 3C                  162 	.db #0x3c	; 60
   0073 3C                  163 	.db #0x3c	; 60
   0074 01                  164 	.db #0x01	; 1
   0075 01                  165 	.db #0x01	; 1
   0076 3C                  166 	.db #0x3c	; 60
   0077 3C                  167 	.db #0x3c	; 60
   0078 00                  168 	.db #0x00	; 0
   0079 29                  169 	.db #0x29	; 41
   007A 03                  170 	.db #0x03	; 3
   007B 03                  171 	.db #0x03	; 3
   007C 16                  172 	.db #0x16	; 22
   007D 00                  173 	.db #0x00	; 0
   007E 00                  174 	.db #0x00	; 0
   007F 39                  175 	.db #0x39	; 57	'9'
   0080 0C                  176 	.db #0x0c	; 12
   0081 19                  177 	.db #0x19	; 25
   0082 36                  178 	.db #0x36	; 54	'6'
   0083 00                  179 	.db #0x00	; 0
   0084 00                  180 	.db #0x00	; 0
   0085 11                  181 	.db #0x11	; 17
   0086 33                  182 	.db #0x33	; 51	'3'
   0087 33                  183 	.db #0x33	; 51	'3'
   0088 22                  184 	.db #0x22	; 34
   0089 00                  185 	.db #0x00	; 0
   008A 00                  186 	.db #0x00	; 0
   008B 11                  187 	.db #0x11	; 17
   008C 33                  188 	.db #0x33	; 51	'3'
   008D 33                  189 	.db #0x33	; 51	'3'
   008E 00                  190 	.db #0x00	; 0
   008F 00                  191 	.db #0x00	; 0
   0090 00                  192 	.db #0x00	; 0
   0091 3C                  193 	.db #0x3c	; 60
   0092 33                  194 	.db #0x33	; 51	'3'
   0093 36                  195 	.db #0x36	; 54	'6'
   0094 3C                  196 	.db #0x3c	; 60
   0095 00                  197 	.db #0x00	; 0
   0096 00                  198 	.db #0x00	; 0
   0097 16                  199 	.db #0x16	; 22
   0098 39                  200 	.db #0x39	; 57	'9'
   0099 3C                  201 	.db #0x3c	; 60
   009A 29                  202 	.db #0x29	; 41
   009B 00                  203 	.db #0x00	; 0
   009C 00                  204 	.db #0x00	; 0
   009D 16                  205 	.db #0x16	; 22
   009E 3C                  206 	.db #0x3c	; 60
   009F 3C                  207 	.db #0x3c	; 60
   00A0 29                  208 	.db #0x29	; 41
   00A1 00                  209 	.db #0x00	; 0
   00A2 00                  210 	.db #0x00	; 0
   00A3 16                  211 	.db #0x16	; 22
   00A4 3C                  212 	.db #0x3c	; 60
   00A5 3C                  213 	.db #0x3c	; 60
   00A6 29                  214 	.db #0x29	; 41
   00A7 00                  215 	.db #0x00	; 0
   00A8 00                  216 	.db #0x00	; 0
   00A9 12                  217 	.db #0x12	; 18
   00AA 30                  218 	.db #0x30	; 48	'0'
   00AB 30                  219 	.db #0x30	; 48	'0'
   00AC 21                  220 	.db #0x21	; 33
   00AD 00                  221 	.db #0x00	; 0
   00AE 00                  222 	.db #0x00	; 0
   00AF 14                  223 	.db #0x14	; 20
   00B0 3C                  224 	.db #0x3c	; 60
   00B1 3C                  225 	.db #0x3c	; 60
   00B2 28                  226 	.db #0x28	; 40
   00B3 00                  227 	.db #0x00	; 0
   00B4 00                  228 	.db #0x00	; 0
   00B5 14                  229 	.db #0x14	; 20
   00B6 28                  230 	.db #0x28	; 40
   00B7 14                  231 	.db #0x14	; 20
   00B8 28                  232 	.db #0x28	; 40
   00B9 00                  233 	.db #0x00	; 0
   00BA 00                  234 	.db #0x00	; 0
   00BB 01                  235 	.db #0x01	; 1
   00BC 02                  236 	.db #0x02	; 2
   00BD 01                  237 	.db #0x01	; 1
   00BE 02                  238 	.db #0x02	; 2
   00BF 00                  239 	.db #0x00	; 0
   00C0                     240 _viking_sp_2:
   00C0 3C                  241 	.db #0x3c	; 60
   00C1 00                  242 	.db #0x00	; 0
   00C2 00                  243 	.db #0x00	; 0
   00C3 00                  244 	.db #0x00	; 0
   00C4 00                  245 	.db #0x00	; 0
   00C5 3C                  246 	.db #0x3c	; 60
   00C6 3D                  247 	.db #0x3d	; 61
   00C7 28                  248 	.db #0x28	; 40
   00C8 3C                  249 	.db #0x3c	; 60
   00C9 3C                  250 	.db #0x3c	; 60
   00CA 14                  251 	.db #0x14	; 20
   00CB 3E                  252 	.db #0x3e	; 62
   00CC 3D                  253 	.db #0x3d	; 61
   00CD 3E                  254 	.db #0x3e	; 62
   00CE 3C                  255 	.db #0x3c	; 60
   00CF 3C                  256 	.db #0x3c	; 60
   00D0 3D                  257 	.db #0x3d	; 61
   00D1 3E                  258 	.db #0x3e	; 62
   00D2 3C                  259 	.db #0x3c	; 60
   00D3 3C                  260 	.db #0x3c	; 60
   00D4 3C                  261 	.db #0x3c	; 60
   00D5 3C                  262 	.db #0x3c	; 60
   00D6 3C                  263 	.db #0x3c	; 60
   00D7 3C                  264 	.db #0x3c	; 60
   00D8 00                  265 	.db #0x00	; 0
   00D9 3C                  266 	.db #0x3c	; 60
   00DA 3C                  267 	.db #0x3c	; 60
   00DB 3C                  268 	.db #0x3c	; 60
   00DC 3C                  269 	.db #0x3c	; 60
   00DD 00                  270 	.db #0x00	; 0
   00DE 00                  271 	.db #0x00	; 0
   00DF 3C                  272 	.db #0x3c	; 60
   00E0 3C                  273 	.db #0x3c	; 60
   00E1 3C                  274 	.db #0x3c	; 60
   00E2 3C                  275 	.db #0x3c	; 60
   00E3 00                  276 	.db #0x00	; 0
   00E4 01                  277 	.db #0x01	; 1
   00E5 14                  278 	.db #0x14	; 20
   00E6 3C                  279 	.db #0x3c	; 60
   00E7 3C                  280 	.db #0x3c	; 60
   00E8 28                  281 	.db #0x28	; 40
   00E9 02                  282 	.db #0x02	; 2
   00EA 01                  283 	.db #0x01	; 1
   00EB 00                  284 	.db #0x00	; 0
   00EC 03                  285 	.db #0x03	; 3
   00ED 03                  286 	.db #0x03	; 3
   00EE 00                  287 	.db #0x00	; 0
   00EF 02                  288 	.db #0x02	; 2
   00F0 01                  289 	.db #0x01	; 1
   00F1 3C                  290 	.db #0x3c	; 60
   00F2 3C                  291 	.db #0x3c	; 60
   00F3 3C                  292 	.db #0x3c	; 60
   00F4 3C                  293 	.db #0x3c	; 60
   00F5 02                  294 	.db #0x02	; 2
   00F6 00                  295 	.db #0x00	; 0
   00F7 14                  296 	.db #0x14	; 20
   00F8 3C                  297 	.db #0x3c	; 60
   00F9 3C                  298 	.db #0x3c	; 60
   00FA 28                  299 	.db #0x28	; 40
   00FB 00                  300 	.db #0x00	; 0
   00FC 00                  301 	.db #0x00	; 0
   00FD 14                  302 	.db #0x14	; 20
   00FE 3C                  303 	.db #0x3c	; 60
   00FF 3C                  304 	.db #0x3c	; 60
   0100 28                  305 	.db #0x28	; 40
   0101 00                  306 	.db #0x00	; 0
   0102 00                  307 	.db #0x00	; 0
   0103 14                  308 	.db #0x14	; 20
   0104 3C                  309 	.db #0x3c	; 60
   0105 3C                  310 	.db #0x3c	; 60
   0106 28                  311 	.db #0x28	; 40
   0107 00                  312 	.db #0x00	; 0
   0108 00                  313 	.db #0x00	; 0
   0109 10                  314 	.db #0x10	; 16
   010A 30                  315 	.db #0x30	; 48	'0'
   010B 30                  316 	.db #0x30	; 48	'0'
   010C 20                  317 	.db #0x20	; 32
   010D 00                  318 	.db #0x00	; 0
   010E 00                  319 	.db #0x00	; 0
   010F 14                  320 	.db #0x14	; 20
   0110 3C                  321 	.db #0x3c	; 60
   0111 3C                  322 	.db #0x3c	; 60
   0112 28                  323 	.db #0x28	; 40
   0113 00                  324 	.db #0x00	; 0
   0114 00                  325 	.db #0x00	; 0
   0115 14                  326 	.db #0x14	; 20
   0116 28                  327 	.db #0x28	; 40
   0117 14                  328 	.db #0x14	; 20
   0118 28                  329 	.db #0x28	; 40
   0119 00                  330 	.db #0x00	; 0
   011A 00                  331 	.db #0x00	; 0
   011B 01                  332 	.db #0x01	; 1
   011C 02                  333 	.db #0x02	; 2
   011D 01                  334 	.db #0x01	; 1
   011E 02                  335 	.db #0x02	; 2
   011F 00                  336 	.db #0x00	; 0
                            337 	.area _INITIALIZER
                            338 	.area _CABS (ABS)
