ASxxxx Assembler V02.00 + NoICE + SDCC mods  (Zilog Z80 / Hitachi HD64180), page 1.
Hexadecimal [16-Bits]



                              1 ;;-----------------------------LICENSE NOTICE------------------------------------
                              2 ;;  This file is part of Go Away Viking: An Amstrad CPC Videogame  
                              3 ;;  Copyright (C) 2020  Adrián Larrosa Romero / Elena Alcaraz Sánchez / Sanspielers
                              4 ;;
                              5 ;;  This program is free software: you can redistribute it and/or modify
                              6 ;;  it under the terms of the GNU General Public License as published by
                              7 ;;  the Free Software Foundation, either version 3 of the License, or
                              8 ;;  (at your option) any later version.
                              9 ;;
                             10 ;;  This program is distributed in the hope that it will be useful,
                             11 ;;  but WITHOUT ANY WARRANTY; without even the implied warranty of
                             12 ;;  MERCHANTABILITY or FITNESS FOR A PARTICULAR PURPOSE.  See the
                             13 ;;  GNU General Public License for more details.
                             14 ;;
                             15 ;;  You should have received a copy of the GNU General Public License
                             16 ;;  along with this program.  If not, see <https://www.gnu.org/licenses/>.
                             17 ;;  
                             18 ;;  Email:      adrilaro99@gmail.com
                             19 ;;              elena78eas@gmail.com
                             20 ;;
                             21 ;;  Twitter:    @sanspielers
                             22 ;;-------------------------------------------------------------------------------
                             23 
                             24 ;;
                             25 ;; AI CONTROL SYSTEM
                             26 ;;
                             27 .module AI_Control_System
                             28 
                             29 ;; PUBLIC FUNCTIONS
                             30 .globl sys_ai_control_init
                             31 .globl sys_ai_control_update
                             32 .globl sys_ai_stand_by
                             33 .globl sys_ai_move_to
                             34 .globl sys_ai_patrol
