ASxxxx Assembler V02.00 + NoICE + SDCC mods  (Zilog Z80 / Hitachi HD64180), page 1.
Hexadecimal [16-Bits]



                              1 .globl cpct_disableFirmware_asm
                              2 .globl cpct_getScreenPtr_asm
                              3 .globl cpct_setDrawCharM1_asm
                              4 .globl cpct_drawStringM1_asm
                              5 .globl cpct_waitVSYNC_asm
                              6 .globl cpct_setVideoMode_asm
                              7 .globl cpct_setPalette_asm
                              8 .globl cpct_drawSprite_asm
                              9 .globl cpct_scanKeyboard_asm
                             10 .globl cpct_scanKeyboard_f_asm
                             11 .globl cpct_isKeyPressed_asm
                             12 .globl cpct_setVideoMemoryPage_asm
                             13 .globl cpct_memset_f64_asm
                             14 .globl cpct_etm_setTileset2x4_asm
                             15 .globl cpct_etm_drawTileBox2x4_asm
                             16 .globl cpct_getScreenToSprite_asm
                             17 .globl cpct_drawSpriteBlended_asm
                             18 .globl cpct_setBlendMode_asm
                             19 .globl cpct_setDrawCharM0_asm
                             20 .globl cpct_drawStringM0_asm
                             21 .globl cpct_memset_f8_asm
                             22 .globl cpct_isAnyKeyPressed_f_asm
                             23 .globl cpct_zx7b_decrunch_s_asm
                             24 .globl cpct_scanKeyboard_if_asm
                             25 .globl cpct_akp_musicPlay_asm
                             26 .globl cpct_akp_musicInit_asm
