ASxxxx Assembler V02.00 + NoICE + SDCC mods  (Zilog Z80 / Hitachi HD64180), page 1.
Hexadecimal [16-Bits]



                              1 ;;-----------------------------LICENSE NOTICE------------------------------------
                              2 ;;  This file is part of Go Away Viking: An Amstrad CPC Videogame  
                              3 ;;  Copyright (C) 2020  Adrián Larrosa Romero / Elena Alcaraz Sánchez / Sanspielers
                              4 ;;
                              5 ;;  This program is free software: you can redistribute it and/or modify
                              6 ;;  it under the terms of the GNU General Public License as published by
                              7 ;;  the Free Software Foundation, either version 3 of the License, or
                              8 ;;  (at your option) any later version.
                              9 ;;
                             10 ;;  This program is distributed in the hope that it will be useful,
                             11 ;;  but WITHOUT ANY WARRANTY; without even the implied warranty of
                             12 ;;  MERCHANTABILITY or FITNESS FOR A PARTICULAR PURPOSE.  See the
                             13 ;;  GNU General Public License for more details.
                             14 ;;
                             15 ;;  You should have received a copy of the GNU General Public License
                             16 ;;  along with this program.  If not, see <https://www.gnu.org/licenses/>.
                             17 ;;  
                             18 ;;  Email:      adrilaro99@gmail.com
                             19 ;;              elena78eas@gmail.com
                             20 ;;
                             21 ;;  Twitter:    @sanspielers
                             22 ;;-------------------------------------------------------------------------------
                             23 
                             24 ;;
                             25 ;; File generated using CPCtelera/cpct_png2chars
                             26 ;; Date generated: Sat Oct 31 21:22:44 2020
                             27 ;; Original image size: 64x64 pixels
                             28 ;; Characters generated: 64
                             29 ;; Output buffer size: 512 bytes
                             30 ;;
                             31 .area __my_font(ABS)
   0040                      32 .org #0x40
   0040                      33 _font::
   0040 00 00 00 00 00 00    34  .db 0x00,0x00,0x00,0x00,0x00,0x00,0x00,0x00  ;;  32
        00 00
   0048 30 30 30 30 30 00    35  .db 0x30,0x30,0x30,0x30,0x30,0x00,0x30,0x00  ;;  33
        30 00
   0050 CC CC 00 00 00 00    36  .db 0xcc,0xcc,0x00,0x00,0x00,0x00,0x00,0x00  ;;  34
        00 00
   0058 FC CC C0 F0 C0 C0    37  .db 0xfc,0xcc,0xc0,0xf0,0xc0,0xc0,0xfc,0x00  ;;  35
        FC 00
   0060 30 FC C0 FC 0C FC    38  .db 0x30,0xfc,0xc0,0xfc,0x0c,0xfc,0x30,0x00  ;;  36
        30 00
   0068 CC 0C 3C 30 F0 C0    39  .db 0xcc,0x0c,0x3c,0x30,0xf0,0xc0,0xcc,0x00  ;;  37
        CC 00
   0070 FC CC FC CC CC FC    40  .db 0xfc,0xcc,0xfc,0xcc,0xcc,0xfc,0xfc,0x00  ;;  38
        FC 00
   0078 30 30 00 00 00 00    41  .db 0x30,0x30,0x00,0x00,0x00,0x00,0x00,0x00  ;;  39
        00 00
   0080 F0 C0 C0 C0 C0 C0    42  .db 0xf0,0xc0,0xc0,0xc0,0xc0,0xc0,0xf0,0x00  ;;  40
        F0 00
   0088 F0 30 30 30 30 30    43  .db 0xf0,0x30,0x30,0x30,0x30,0x30,0xf0,0x00  ;;  41
        F0 00
   0090 00 CC FC FC FC CC    44  .db 0x00,0xcc,0xfc,0xfc,0xfc,0xcc,0x00,0x00  ;;  42
        00 00
ASxxxx Assembler V02.00 + NoICE + SDCC mods  (Zilog Z80 / Hitachi HD64180), page 2.
Hexadecimal [16-Bits]



   0098 00 30 30 FC 30 30    45  .db 0x00,0x30,0x30,0xfc,0x30,0x30,0x00,0x00  ;;  43
        00 00
   00A0 00 00 00 00 00 30    46  .db 0x00,0x00,0x00,0x00,0x00,0x30,0x30,0xf0  ;;  44
        30 F0
   00A8 00 00 00 00 FC 00    47  .db 0x00,0x00,0x00,0x00,0xfc,0x00,0x00,0x00  ;;  45
        00 00
   00B0 00 00 00 00 00 30    48  .db 0x00,0x00,0x00,0x00,0x00,0x30,0x30,0x00  ;;  46
        30 00
   00B8 0C 0C 3C 30 F0 C0    49  .db 0x0c,0x0c,0x3c,0x30,0xf0,0xc0,0xc0,0x00  ;;  47
        C0 00
   00C0 FC CC FC FC FC CC    50  .db 0xfc,0xcc,0xfc,0xfc,0xfc,0xcc,0xfc,0x00  ;;  48
        FC 00
   00C8 30 F0 30 30 30 30    51  .db 0x30,0xf0,0x30,0x30,0x30,0x30,0xfc,0x00  ;;  49
        FC 00
   00D0 FC CC 0C FC C0 C0    52  .db 0xfc,0xcc,0x0c,0xfc,0xc0,0xc0,0xfc,0x00  ;;  50
        FC 00
   00D8 FC CC 0C 3C 0C CC    53  .db 0xfc,0xcc,0x0c,0x3c,0x0c,0xcc,0xfc,0x00  ;;  51
        FC 00
   00E0 C0 C0 CC CC FC 0C    54  .db 0xc0,0xc0,0xcc,0xcc,0xfc,0x0c,0x0c,0x00  ;;  52
        0C 00
   00E8 FC CC C0 FC 0C CC    55  .db 0xfc,0xcc,0xc0,0xfc,0x0c,0xcc,0xfc,0x00  ;;  53
        FC 00
   00F0 FC CC C0 FC CC CC    56  .db 0xfc,0xcc,0xc0,0xfc,0xcc,0xcc,0xfc,0x00  ;;  54
        FC 00
   00F8 FC CC 3C 3C 30 30    57  .db 0xfc,0xcc,0x3c,0x3c,0x30,0x30,0x30,0x00  ;;  55
        30 00
   0100 FC CC CC FC CC CC    58  .db 0xfc,0xcc,0xcc,0xfc,0xcc,0xcc,0xfc,0x00  ;;  56
        FC 00
   0108 FC CC CC FC 0C CC    59  .db 0xfc,0xcc,0xcc,0xfc,0x0c,0xcc,0xfc,0x00  ;;  57
        FC 00
   0110 00 00 00 30 00 00    60  .db 0x00,0x00,0x00,0x30,0x00,0x00,0x30,0x00  ;;  58
        30 00
   0118 00 00 00 30 00 30    61  .db 0x00,0x00,0x00,0x30,0x00,0x30,0x30,0xf0  ;;  59
        30 F0
   0120 00 00 3C F0 F0 F0    62  .db 0x00,0x00,0x3c,0xf0,0xf0,0xf0,0x3c,0x00  ;;  60
        3C 00
   0128 00 00 00 FC 00 FC    63  .db 0x00,0x00,0x00,0xfc,0x00,0xfc,0x00,0x00  ;;  61
        00 00
   0130 00 00 F0 3C 3C 3C    64  .db 0x00,0x00,0xf0,0x3c,0x3c,0x3c,0xf0,0x00  ;;  62
        F0 00
   0138 FC CC 3C 3C 30 00    65  .db 0xfc,0xcc,0x3c,0x3c,0x30,0x00,0x30,0x00  ;;  63
        30 00
   0140 FC CC CC FC FC C0    66  .db 0xfc,0xcc,0xcc,0xfc,0xfc,0xc0,0xfc,0x00  ;;  64
        FC 00
   0148 FC CC CC FC CC CC    67  .db 0xfc,0xcc,0xcc,0xfc,0xcc,0xcc,0xcc,0x00  ;;  65
        CC 00
   0150 FC CC CC FC CC CC    68  .db 0xfc,0xcc,0xcc,0xfc,0xcc,0xcc,0xfc,0x00  ;;  66
        FC 00
   0158 FC CC C0 C0 C0 CC    69  .db 0xfc,0xcc,0xc0,0xc0,0xc0,0xcc,0xfc,0x00  ;;  67
        FC 00
   0160 FC CC CC CC CC CC    70  .db 0xfc,0xcc,0xcc,0xcc,0xcc,0xcc,0xfc,0x00  ;;  68
        FC 00
   0168 FC C0 C0 F0 C0 C0    71  .db 0xfc,0xc0,0xc0,0xf0,0xc0,0xc0,0xfc,0x00  ;;  69
        FC 00
   0170 FC C0 C0 F0 C0 C0    72  .db 0xfc,0xc0,0xc0,0xf0,0xc0,0xc0,0xc0,0x00  ;;  70
ASxxxx Assembler V02.00 + NoICE + SDCC mods  (Zilog Z80 / Hitachi HD64180), page 3.
Hexadecimal [16-Bits]



        C0 00
   0178 FC CC C0 DC CC CC    73  .db 0xfc,0xcc,0xc0,0xdc,0xcc,0xcc,0xfc,0x00  ;;  71
        FC 00
   0180 CC CC D8 F0 D8 CC    74  .db 0xcc,0xcc,0xd8,0xf0,0xd8,0xcc,0xcc,0x00  ;;  72
        CC 00
   0188 FC 30 30 30 30 30    75  .db 0xfc,0x30,0x30,0x30,0x30,0x30,0xfc,0x00  ;;  73
        FC 00
   0190 0C 0C 0C 0C 0C CC    76  .db 0x0c,0x0c,0x0c,0x0c,0x0c,0xcc,0xfc,0x00  ;;  74
        FC 00
   0198 CC CC FC FC CC CC    77  .db 0xcc,0xcc,0xfc,0xfc,0xcc,0xcc,0xcc,0x00  ;;  75
        CC 00
   01A0 C0 C0 C0 C0 C0 CC    78  .db 0xc0,0xc0,0xc0,0xc0,0xc0,0xcc,0xfc,0x00  ;;  76
        FC 00
   01A8 84 CC FC FC CC CC    79  .db 0x84,0xcc,0xfc,0xfc,0xcc,0xcc,0xcc,0x00  ;;  77
        CC 00
   01B0 C4 E4 F4 FC DC CC    80  .db 0xc4,0xe4,0xf4,0xfc,0xdc,0xcc,0xcc,0x00  ;;  78
        CC 00
   01B8 FC CC CC CC CC CC    81  .db 0xfc,0xcc,0xcc,0xcc,0xcc,0xcc,0xfc,0x00  ;;  79
        FC 00
   01C0 FC CC CC FC C0 C0    82  .db 0xfc,0xcc,0xcc,0xfc,0xc0,0xc0,0xc0,0x00  ;;  80
        C0 00
   01C8 FC CC CC FC FC 30    83  .db 0xfc,0xcc,0xcc,0xfc,0xfc,0x30,0x3c,0x00  ;;  81
        3C 00
   01D0 FC CC CC F0 CC CC    84  .db 0xfc,0xcc,0xcc,0xf0,0xcc,0xcc,0xcc,0x00  ;;  82
        CC 00
   01D8 FC CC C0 FC 0C CC    85  .db 0xfc,0xcc,0xc0,0xfc,0x0c,0xcc,0xfc,0x00  ;;  83
        FC 00
   01E0 FC 30 30 30 30 30    86  .db 0xfc,0x30,0x30,0x30,0x30,0x30,0x30,0x00  ;;  84
        30 00
   01E8 CC CC CC CC CC CC    87  .db 0xcc,0xcc,0xcc,0xcc,0xcc,0xcc,0xfc,0x00  ;;  85
        FC 00
   01F0 CC CC CC CC FC FC    88  .db 0xcc,0xcc,0xcc,0xcc,0xfc,0xfc,0x30,0x00  ;;  86
        30 00
   01F8 CC CC CC FC FC FC    89  .db 0xcc,0xcc,0xcc,0xfc,0xfc,0xfc,0xcc,0x00  ;;  87
        CC 00
   0200 CC CC CC FC CC CC    90  .db 0xcc,0xcc,0xcc,0xfc,0xcc,0xcc,0xcc,0x00  ;;  88
        CC 00
   0208 CC CC CC FC 30 30    91  .db 0xcc,0xcc,0xcc,0xfc,0x30,0x30,0x30,0x00  ;;  89
        30 00
   0210 FC 0C 3C FC F0 C0    92  .db 0xfc,0x0c,0x3c,0xfc,0xf0,0xc0,0xfc,0x00  ;;  90
        FC 00
   0218 00 00 00 00 00 00    93  .db 0x00,0x00,0x00,0x00,0x00,0x00,0x00,0x00  ;;  91
        00 00
   0220 00 00 00 00 00 00    94  .db 0x00,0x00,0x00,0x00,0x00,0x00,0x00,0x00  ;;  92
        00 00
   0228 00 00 00 00 00 00    95  .db 0x00,0x00,0x00,0x00,0x00,0x00,0x00,0x00  ;;  93
        00 00
   0230 00 00 00 00 00 00    96  .db 0x00,0x00,0x00,0x00,0x00,0x00,0x00,0x00  ;;  94
        00 00
   0238 00 00 00 00 00 FF    97  .db 0x00,0x00,0x00,0x00,0x00,0xff,0xff,0x00  ;;  95
        FF 00
