ASxxxx Assembler V02.00 + NoICE + SDCC mods  (Zilog Z80 / Hitachi HD64180), page 1.
Hexadecimal [16-Bits]



                              1 ;;;
                              2 ;;; File generated by cpct_aks2c CPCtelera script
                              3 ;;; Souce file of this conversion: src/assets/music/nueva.aks
                              4 ;;; Generation time: mar 03 nov 2020 20:10:14 CET
                              5 ;;;
                              6 
                              7 ;;; Set absolute memory addressing
                              8 .area __song_menu (ABS)
   0250                       9 .org 0x250
                             10 
                             11 ;;; Music data start (165 bytes)
                             12 ;;;
   0250                      13 _song_menu::
   0250 41 54 31 30 01 40    14 .db 0x41, 0x54, 0x31, 0x30, 0x01, 0x40, 0x42, 0x0f, 0x02, 0x06, 0x21, 0x00, 0x60, 0x02, 0x69, 0x02
        42 0F 02 06 21 00
        60 02 69 02
   0260 00 00 00 00 00 00    15 .db 0x00, 0x00, 0x00, 0x00, 0x00, 0x00, 0x0d, 0x62, 0x02, 0x01, 0x00, 0x3c, 0x38, 0x34, 0x30, 0x2c
        0D 62 02 01 00 3C
        38 34 30 2C
   0270 28 24 20 1C 18 14    16 .db 0x28, 0x24, 0x20, 0x1c, 0x18, 0x14, 0x10, 0x0c, 0x08, 0x04, 0x0d, 0x62, 0x02, 0x40, 0x00, 0x00
        10 0C 08 04 0D 62
        02 40 00 00
   0280 00 8D 02 00 8E 02    17 .db 0x00, 0x8d, 0x02, 0x00, 0x8e, 0x02, 0xd1, 0x02, 0xf0, 0x02, 0x01, 0x83, 0x02, 0x00, 0xa8, 0xe0
        D1 02 F0 02 01 83
        02 00 A8 E0
   0290 00 00 01 02 77 69    18 .db 0x00, 0x00, 0x01, 0x02, 0x77, 0x69, 0x02, 0x6f, 0x77, 0x73, 0x02, 0x73, 0x02, 0x77, 0x02, 0x65
        02 6F 77 73 02 73
        02 77 02 65
   02A0 02 6B 6B 6B 02 7D    19 .db 0x02, 0x6b, 0x6b, 0x6b, 0x02, 0x7d, 0x7d, 0x02, 0x69, 0x02, 0x77, 0x69, 0x02, 0x6f, 0x77, 0x73
        7D 02 69 02 77 69
        02 6F 77 73
   02B0 02 73 02 77 02 65    20 .db 0x02, 0x73, 0x02, 0x77, 0x02, 0x65, 0x02, 0x6b, 0x6b, 0x6b, 0x02, 0x7d, 0x7d, 0x04, 0x69, 0x02
        02 6B 6B 6B 02 7D
        7D 04 69 02
   02C0 77 69 02 6F 77 73    21 .db 0x77, 0x69, 0x02, 0x6f, 0x77, 0x73, 0x02, 0x73, 0x02, 0x77, 0x02, 0x65, 0x02, 0x6b, 0x6b, 0x6b
        02 73 02 77 02 65
        02 6B 6B 6B
   02D0 00 B2 E0 00 00 01    22 .db 0x00, 0xb2, 0xe0, 0x00, 0x00, 0x01, 0x02, 0x77, 0x69, 0x02, 0x4d, 0x57, 0x5b, 0x1c, 0x73, 0x02
        02 77 69 02 4D 57
        5B 1C 73 02
   02E0 77 69 02 4D 57 5B    23 .db 0x77, 0x69, 0x02, 0x4d, 0x57, 0x5b, 0x1e, 0x73, 0x02, 0x77, 0x69, 0x02, 0x4d, 0x57, 0x5b, 0x00
        1E 73 02 77 69 02
        4D 57 5B 00
   02F0 42 80 00 00 00       24 .db 0x42, 0x80, 0x00, 0x00, 0x00
